[ 2016-03-24T19:27:26+08:00 ] ::1 /sis/index.php/System/HyStart/login.html
INFO: [ app_init ] --START--
INFO: Run Behavior\BuildLiteBehavior [ RunTime:0.000051s ]
INFO: [ app_init ] --END-- [ RunTime:0.001051s ]
INFO: [ app_begin ] --START--
INFO: Run Behavior\ReadHtmlCacheBehavior [ RunTime:0.001190s ]
INFO: [ app_begin ] --END-- [ RunTime:0.001439s ]
NOTIC: [8192] mysql_connect(): The mysql extension is deprecated and will be removed in the future: use mysqli or PDO instead E:\wamp\www\sis\HomyitCore\Library\Think\Session\Driver\Db.class.php 第 95 行.
INFO: [ action_begin ] --START--
INFO: Run Common\Behavior\HyLogBehavior [ RunTime:0.002478s ]
INFO: [ action_begin ] --END-- [ RunTime:0.002737s ]
NOTIC: [2048] Declaration of Common\Model\HyFrameModel::find() should be compatible with Think\Model::find($options = Array) E:\wamp\www\sis\Application\Common\Model\HyFrameModel.class.php 第 13 行.
NOTIC: [8] Undefined index: model E:\wamp\www\sis\Application\Common\Controller\HyFrameController.class.php 第 42 行.
SQL: SHOW COLUMNS FROM `edu_frame_setting` [ RunTime:0.0051s ]
SQL: SELECT `key`,`value` FROM `edu_frame_setting` WHERE `status` < 9  [ RunTime:0.0004s ]
INFO: [ before_view ] --START--
INFO: Run Common\Behavior\HyBeforeViewBehavior [ RunTime:0.007389s ]
INFO: [ before_view ] --END-- [ RunTime:0.007669s ]
INFO: [ view_parse ] --START--
INFO: [ template_filter ] --START--
INFO: Run Behavior\ContentReplaceBehavior [ RunTime:0.000328s ]
INFO: [ template_filter ] --END-- [ RunTime:0.000610s ]
INFO: Run Behavior\ParseTemplateBehavior [ RunTime:0.033247s ]
INFO: [ view_parse ] --END-- [ RunTime:0.033494s ]
INFO: [ view_filter ] --START--
INFO: Run Behavior\WriteHtmlCacheBehavior [ RunTime:0.002450s ]
INFO: [ view_filter ] --END-- [ RunTime:0.002684s ]
INFO: [ action_end ] --START--
INFO: Run Common\Behavior\HyLogBehavior [ RunTime:0.001401s ]
INFO: [ action_end ] --END-- [ RunTime:0.001740s ]
INFO: [ app_end ] --START--
INFO: Run Behavior\ShowPageTraceBehavior [ RunTime:0.001371s ]
INFO: [ app_end ] --END-- [ RunTime:0.001600s ]

[ 2016-03-24T19:27:26+08:00 ] ::1 /sis/index.php/System/HyStart/favicon.ico
INFO: [ app_init ] --START--
INFO: Run Behavior\BuildLiteBehavior [ RunTime:0.000049s ]
INFO: [ app_init ] --END-- [ RunTime:0.000807s ]

[ 2016-03-24T19:28:47+08:00 ] ::1 /sis/index.php/System/HyStart/ajax?q=login
INFO: [ app_init ] --START--
INFO: Run Behavior\BuildLiteBehavior [ RunTime:0.000053s ]
INFO: [ app_init ] --END-- [ RunTime:0.003611s ]
INFO: [ app_begin ] --START--
INFO: Run Behavior\ReadHtmlCacheBehavior [ RunTime:0.001193s ]
INFO: [ app_begin ] --END-- [ RunTime:0.001446s ]
NOTIC: [8192] mysql_connect(): The mysql extension is deprecated and will be removed in the future: use mysqli or PDO instead E:\wamp\www\sis\HomyitCore\Library\Think\Session\Driver\Db.class.php 第 95 行.
INFO: [ action_begin ] --START--
INFO: Run Common\Behavior\HyLogBehavior [ RunTime:0.001284s ]
INFO: [ action_begin ] --END-- [ RunTime:0.001510s ]
NOTIC: [2048] Declaration of Common\Model\HyFrameModel::find() should be compatible with Think\Model::find($options = Array) E:\wamp\www\sis\Application\Common\Model\HyFrameModel.class.php 第 13 行.
NOTIC: [8] Undefined index: model E:\wamp\www\sis\Application\Common\Controller\HyFrameController.class.php 第 42 行.
NOTIC: [8] Undefined variable: logStep E:\wamp\www\sis\Application\System\Controller\HyStartController.class.php 第 56 行.
SQL: SHOW COLUMNS FROM `edu_user` [ RunTime:0.0052s ]
NOTIC: [2] Missing argument 1 for Common\Model\HyFrameModel::find(), called in E:\wamp\www\sis\Application\Common\Model\HyAccountModel.class.php on line 25 and defined E:\wamp\www\sis\Application\Common\Model\HyFrameModel.class.php 第 271 行.
NOTIC: [8] Undefined variable: options E:\wamp\www\sis\Application\Common\Model\HyFrameModel.class.php 第 272 行.
NOTIC: [8] Undefined variable: options E:\wamp\www\sis\Application\Common\Model\HyFrameModel.class.php 第 272 行.
SQL: SELECT `id`,`name`,`roles`,`user_no`,`password`,`sex`,`birth`,`phone`,`qq`,`email`,`country`,`session_id`,`login_last_time`,`login_times`,`status`,`english_name`,`admission_time` FROM `edu_user` WHERE `user_no` = '123' AND `status` = 1 LIMIT 1   [ RunTime:0.0011s ]
SQL: UPDATE `edu_user` SET `login_last_time`='1458818927',`login_times`='571',`session_id`='jsjt8cmijgff1qses29vbs3b20' WHERE `id` = 18 [ RunTime:0.0278s ]
NOTIC: [8] Undefined index: avatar_file E:\wamp\www\sis\Application\System\Controller\HyStartController.class.php 第 100 行.
NOTIC: [8] Undefined index: college_id E:\wamp\www\sis\Application\Common\Model\HyAccountModel.class.php 第 55 行.
SQL: SHOW COLUMNS FROM `edu_frame_role` [ RunTime:0.0043s ]
SQL: SELECT `id`,`name`,`title`,`table` FROM `edu_frame_role` WHERE `status` = 1 AND `id` IN ('22','32','31')  [ RunTime:0.0005s ]
SQL: SHOW COLUMNS FROM `edu_user` [ RunTime:0.0047s ]
SQL: SHOW COLUMNS FROM `edu_frame_access` [ RunTime:0.0050s ]
SQL: SELECT `action_id`,`model` FROM `edu_frame_access` WHERE ( `role_id`=22 AND `status`=1 )  [ RunTime:0.0007s ]
SQL: SELECT `pid` FROM `edu_frame_role` WHERE ( `id`=22 AND `status`=1 ) LIMIT 1   [ RunTime:0.0003s ]
SQL: SELECT `action_id`,`model` FROM `edu_frame_access` WHERE ( `role_id`=10 AND `status`=1 )  [ RunTime:0.0006s ]
SQL: SELECT `pid` FROM `edu_frame_role` WHERE ( `id`=10 AND `status`=1 ) LIMIT 1   [ RunTime:0.0003s ]
SQL: SELECT `id`,`pid`,`type`,`title`,`name`,`options` FROM `edu_frame_action` WHERE `status`=1 AND `id` IN (100000,510000,510300,510303,510301,510302,310000,310101,310102,310103,310104,310105,310201,310202,310203,310204,310205,310206,1100100,310300,310301,310302,310303,310304,310305,310306,310307,510304,510305,510306,510307,610000,1100000,1100200,510200,510201,510400,510203,310400,310401,310402,310403,310404,310405,310500,310501,310502,1000000,1000100,510401,510402,510403,510404,610100,610101,610200,610201,610300,610301,610106,610206,610306,310406,310506,1000101,1000102,1000103,510308) ORDER BY `rank` DESC [ RunTime:0.0015s ]
SQL: SELECT `id`,`pid`,`type`,`title`,`name`,`options` FROM `edu_frame_action` WHERE `status`=1 AND `id` IN (100000,510000,510300,510303,510301,510302,310000,310101,310102,310103,310104,310105,310201,310202,310203,310204,310205,310206,1100100,310300,310301,310302,310303,310304,310305,310306,310307,510304,510305,510306,510307,610000,1100000,1100200,510200,510201,510400,510203,310400,310401,310402,310403,310404,310405,310500,310501,310502,1000000,1000100,510401,510402,510403,510404,610100,610101,610200,610201,610300,610301,610106,610206,610306,310406,310506,1000101,1000102,1000103,510308) ORDER BY `rank` DESC [ RunTime:0.0014s ]
SQL: SHOW COLUMNS FROM `edu_frame_log` [ RunTime:0.0049s ]
SQL: INSERT INTO `edu_frame_log` (`user_id`,`controller`,`action`,`post`,`description`,`ip`,`create_time`) VALUES ('18','HyStart','ajax','{\"u\":\"U9SjgXNVaNk9emkqoN7gEw==3329888\",\"p\":\"AHoLLXSF\\/B2FqPjI1p798qPyq1g1TsIsCJ96rz8BKBSFIVCP1b2ucCgzA9XJH\\/0S8208863\"}',' >> 登录验证 >> <span class=\'text-success\'>成功</span>','0.0.0.0','1458818927') [ RunTime:0.0005s ]

[ 2016-03-24T19:28:48+08:00 ] ::1 /sis/index.php/System/Index/index
INFO: [ app_init ] --START--
INFO: Run Behavior\BuildLiteBehavior [ RunTime:0.000052s ]
INFO: [ app_init ] --END-- [ RunTime:0.000853s ]
INFO: [ app_begin ] --START--
INFO: Run Behavior\ReadHtmlCacheBehavior [ RunTime:0.001210s ]
INFO: [ app_begin ] --END-- [ RunTime:0.001460s ]
NOTIC: [8192] mysql_connect(): The mysql extension is deprecated and will be removed in the future: use mysqli or PDO instead E:\wamp\www\sis\HomyitCore\Library\Think\Session\Driver\Db.class.php 第 95 行.
INFO: [ action_begin ] --START--
INFO: Run Common\Behavior\HyLogBehavior [ RunTime:0.001182s ]
INFO: [ action_begin ] --END-- [ RunTime:0.001431s ]
NOTIC: [2048] Declaration of Common\Model\HyFrameModel::find() should be compatible with Think\Model::find($options = Array) E:\wamp\www\sis\Application\Common\Model\HyFrameModel.class.php 第 13 行.
NOTIC: [8] Undefined index: model E:\wamp\www\sis\Application\Common\Controller\HyFrameController.class.php 第 42 行.
SQL: SHOW COLUMNS FROM `edu_frame_log` [ RunTime:0.0048s ]
SQL: SELECT `create_time` FROM `edu_frame_log` WHERE `user_id` = 18 AND `status` = 1 AND `controller` = 'HyStart' AND `action` = 'ajax' AND `description` LIKE '%成功%' ORDER BY id desc LIMIT 2   [ RunTime:0.0008s ]
SQL: SHOW COLUMNS FROM `edu_frame_notice` [ RunTime:0.0043s ]
NOTIC: [8] Undefined index: associate E:\wamp\www\sis\Application\Common\Model\HyFrameModel.class.php 第 141 行.
NOTIC: [8] Undefined index: order E:\wamp\www\sis\Application\Common\Model\HyFrameModel.class.php 第 162 行.
NOTIC: [8] Undefined variable: field E:\wamp\www\sis\Application\Common\Model\HyFrameModel.class.php 第 181 行.
NOTIC: [8] Undefined index: where E:\wamp\www\sis\Application\Common\Model\HyFrameModel.class.php 第 189 行.
NOTIC: [8] Undefined index: decrypt E:\wamp\www\sis\Application\Common\Model\HyFrameModel.class.php 第 241 行.
NOTIC: [8] Undefined index: scope E:\wamp\www\sis\Application\Common\Model\HyFrameModel.class.php 第 247 行.
NOTIC: [8] Undefined index: count E:\wamp\www\sis\Application\Common\Model\HyFrameModel.class.php 第 248 行.
NOTIC: [8] Undefined index: find E:\wamp\www\sis\Application\Common\Model\HyFrameModel.class.php 第 254 行.
SQL: SELECT `id`,`title`,`content`,`creator_id`,`file_id`,`create_time`,`update_time`,`status` FROM `edu_frame_notice` WHERE `status` = 1 ORDER BY id desc LIMIT 5   [ RunTime:0.0006s ]
INFO: [ before_view ] --START--
SQL: SHOW COLUMNS FROM `edu_frame_alert` [ RunTime:0.0055s ]
SQL: SELECT `id`,`category`,`icon`,`message`,`url`,`type`,`create_time` FROM `edu_frame_alert` where `to_users` LIKE '%,18,%' AND ( IFNULL(`read_users`,'')='' OR `read_users` NOT LIKE '%,18,%') AND `status`=1 ORDER BY `id` DESC [ RunTime:0.0006s ]
INFO: Run Common\Behavior\HyBeforeViewBehavior [ RunTime:0.011345s ]
INFO: [ before_view ] --END-- [ RunTime:0.011569s ]
INFO: [ view_parse ] --START--
INFO: [ template_filter ] --START--
INFO: Run Behavior\ContentReplaceBehavior [ RunTime:0.000425s ]
INFO: [ template_filter ] --END-- [ RunTime:0.000666s ]
INFO: Run Behavior\ParseTemplateBehavior [ RunTime:0.072541s ]
INFO: [ view_parse ] --END-- [ RunTime:0.072808s ]
INFO: [ view_filter ] --START--
INFO: Run Behavior\WriteHtmlCacheBehavior [ RunTime:0.000920s ]
INFO: [ view_filter ] --END-- [ RunTime:0.001136s ]
INFO: [ action_end ] --START--
INFO: Run Common\Behavior\HyLogBehavior [ RunTime:0.000496s ]
INFO: [ action_end ] --END-- [ RunTime:0.000845s ]
INFO: [ app_end ] --START--
INFO: Run Behavior\ShowPageTraceBehavior [ RunTime:0.003360s ]
INFO: [ app_end ] --END-- [ RunTime:0.003673s ]

[ 2016-03-24T19:28:49+08:00 ] ::1 /sis/index.php/System/HyChat/ajax?q=list
INFO: [ app_init ] --START--
INFO: Run Behavior\BuildLiteBehavior [ RunTime:0.000050s ]
INFO: [ app_init ] --END-- [ RunTime:0.000807s ]
INFO: [ app_begin ] --START--
INFO: Run Behavior\ReadHtmlCacheBehavior [ RunTime:0.001578s ]
INFO: [ app_begin ] --END-- [ RunTime:0.001848s ]
NOTIC: [8192] mysql_connect(): The mysql extension is deprecated and will be removed in the future: use mysqli or PDO instead E:\wamp\www\sis\HomyitCore\Library\Think\Session\Driver\Db.class.php 第 95 行.
INFO: [ action_begin ] --START--
INFO: Run Common\Behavior\HyLogBehavior [ RunTime:0.001313s ]
INFO: [ action_begin ] --END-- [ RunTime:0.001588s ]
NOTIC: [2048] Declaration of Common\Model\HyFrameModel::find() should be compatible with Think\Model::find($options = Array) E:\wamp\www\sis\Application\Common\Model\HyFrameModel.class.php 第 13 行.
NOTIC: [8] Undefined index: model E:\wamp\www\sis\Application\Common\Controller\HyFrameController.class.php 第 42 行.
ERR: SQLSTATE[42S02]: Base table or view not found: 1146 Table 'jxnu_sis.edu_frame_chat' doesn't exist

[ 2016-03-24T19:28:49+08:00 ] ::1 /sis/index.php/System/Index/favicon.ico
INFO: [ app_init ] --START--
INFO: Run Behavior\BuildLiteBehavior [ RunTime:0.000059s ]
INFO: [ app_init ] --END-- [ RunTime:0.001076s ]

[ 2016-03-24T19:29:48+08:00 ] ::1 /sis/index.php/System/HyStart/online?keepTry=Hr22nRinSLo%2FGJn1bsTIIinBE1L4LtRq1Sod0jEAkWA%3D9967895
INFO: [ app_init ] --START--
INFO: Run Behavior\BuildLiteBehavior [ RunTime:0.000048s ]
INFO: [ app_init ] --END-- [ RunTime:0.000776s ]
INFO: [ app_begin ] --START--
INFO: Run Behavior\ReadHtmlCacheBehavior [ RunTime:0.002054s ]
INFO: [ app_begin ] --END-- [ RunTime:0.002305s ]
NOTIC: [8192] mysql_connect(): The mysql extension is deprecated and will be removed in the future: use mysqli or PDO instead E:\wamp\www\sis\HomyitCore\Library\Think\Session\Driver\Db.class.php 第 95 行.
INFO: [ action_begin ] --START--
INFO: Run Common\Behavior\HyLogBehavior [ RunTime:0.002115s ]
INFO: [ action_begin ] --END-- [ RunTime:0.002417s ]
NOTIC: [2048] Declaration of Common\Model\HyFrameModel::find() should be compatible with Think\Model::find($options = Array) E:\wamp\www\sis\Application\Common\Model\HyFrameModel.class.php 第 13 行.
NOTIC: [8] Undefined index: model E:\wamp\www\sis\Application\Common\Controller\HyFrameController.class.php 第 42 行.

[ 2016-03-24T19:30:03+08:00 ] ::1 /sis/index.php/System/HyStart/switchs/role/encrypt_act-TKROwDWxyLB14UZ-urdMI-xNlmGcJroNOMiK77ZYihK5bE2FEUvCi99f7A95vduw1QRGK-x5MpDnZg0e5yYOtg.html
INFO: [ app_init ] --START--
INFO: Run Behavior\BuildLiteBehavior [ RunTime:0.000050s ]
INFO: [ app_init ] --END-- [ RunTime:0.000934s ]
INFO: [ app_begin ] --START--
INFO: Run Behavior\ReadHtmlCacheBehavior [ RunTime:0.001208s ]
INFO: [ app_begin ] --END-- [ RunTime:0.001448s ]
NOTIC: [8192] mysql_connect(): The mysql extension is deprecated and will be removed in the future: use mysqli or PDO instead E:\wamp\www\sis\HomyitCore\Library\Think\Session\Driver\Db.class.php 第 95 行.
INFO: [ action_begin ] --START--
INFO: Run Common\Behavior\HyLogBehavior [ RunTime:0.001767s ]
INFO: [ action_begin ] --END-- [ RunTime:0.002153s ]
NOTIC: [2048] Declaration of Common\Model\HyFrameModel::find() should be compatible with Think\Model::find($options = Array) E:\wamp\www\sis\Application\Common\Model\HyFrameModel.class.php 第 13 行.
NOTIC: [8] Undefined index: model E:\wamp\www\sis\Application\Common\Controller\HyFrameController.class.php 第 42 行.
SQL: SHOW COLUMNS FROM `edu_frame_role` [ RunTime:0.0048s ]
SQL: SELECT `id`,`name`,`title`,`table` FROM `edu_frame_role` WHERE `status` = 1 AND `id` IN ('22','32','31')  [ RunTime:0.0006s ]
SQL: SHOW COLUMNS FROM `edu_user` [ RunTime:0.0061s ]
SQL: SHOW COLUMNS FROM `edu_frame_access` [ RunTime:0.0044s ]
SQL: SELECT `action_id`,`model` FROM `edu_frame_access` WHERE ( `role_id`=32 AND `status`=1 )  [ RunTime:0.0007s ]
SQL: SELECT `pid` FROM `edu_frame_role` WHERE ( `id`=32 AND `status`=1 ) LIMIT 1   [ RunTime:0.0005s ]
SQL: SELECT `action_id`,`model` FROM `edu_frame_access` WHERE ( `role_id`=31 AND `status`=1 )  [ RunTime:0.0012s ]
SQL: SELECT `pid` FROM `edu_frame_role` WHERE ( `id`=31 AND `status`=1 ) LIMIT 1   [ RunTime:0.0004s ]
SQL: SELECT `action_id`,`model` FROM `edu_frame_access` WHERE ( `role_id`=10 AND `status`=1 )  [ RunTime:0.0008s ]
SQL: SELECT `pid` FROM `edu_frame_role` WHERE ( `id`=10 AND `status`=1 ) LIMIT 1   [ RunTime:0.0003s ]
SQL: SELECT `id`,`pid`,`type`,`title`,`name`,`options` FROM `edu_frame_action` WHERE `status`=1 AND `id` IN (100000,510000,510300,510303,510301,510302,310000,310101,310102,310103,310104,310105,310201,310202,310203,310204,310205,310206,1100100,310300,310301,310302,310303,310304,310305,310306,310307,510304,510305,510306,510307,610000,1100000,1100200,1,2,3,4,210000,210100,210101,210102,210103,210104,210105,210200,210201,210202,210203,210204,210205,210206,310100,310200,420000,420100,420101,420102,420103,420104,420105,420106,420200,420201,420202,420203,420204,420205,420206,420300,420301,420302,420303,420304,420305,420306,510100,510101,510103,510104,510105,510106,510308,610100,610101,610102,610103,610104,610105,610106,610200,610201,610202,610203,610204,610205,610206,610300,610301,610302,610303,610304,610305,610306,810000,810100,810101,810102,810103,810104,810105,810106,810200,810201,810202,810203,810204,810205,810300,810301,810302,810303,810304,810305,810400,810401,810402,810403,810404,810405,1000000,1000100,1000101,1000102,1000103,210207,510102,710000,710100,710101,710102,710103,710104,710105,810107,810108,910000,910100,910101,910200,910201) ORDER BY `rank` DESC [ RunTime:0.0027s ]
SQL: SELECT `id`,`pid`,`type`,`title`,`name`,`options` FROM `edu_frame_action` WHERE `status`=1 AND `id` IN (100000,510000,510300,510303,510301,510302,310000,310101,310102,310103,310104,310105,310201,310202,310203,310204,310205,310206,1100100,310300,310301,310302,310303,310304,310305,310306,310307,510304,510305,510306,510307,610000,1100000,1100200,1,2,3,4,210000,210100,210101,210102,210103,210104,210105,210200,210201,210202,210203,210204,210205,210206,310100,310200,420000,420100,420101,420102,420103,420104,420105,420106,420200,420201,420202,420203,420204,420205,420206,420300,420301,420302,420303,420304,420305,420306,510100,510101,510103,510104,510105,510106,510308,610100,610101,610102,610103,610104,610105,610106,610200,610201,610202,610203,610204,610205,610206,610300,610301,610302,610303,610304,610305,610306,810000,810100,810101,810102,810103,810104,810105,810106,810200,810201,810202,810203,810204,810205,810300,810301,810302,810303,810304,810305,810400,810401,810402,810403,810404,810405,1000000,1000100,1000101,1000102,1000103,210207,510102,710000,710100,710101,710102,710103,710104,710105,810107,810108,910000,910100,910101,910200,910201) ORDER BY `rank` DESC [ RunTime:0.0024s ]
SQL: SELECT `id`,`pid`,`type`,`title`,`name`,`options` FROM `edu_frame_action` WHERE `status`=1 AND `id` IN (100000,510000,510300,510303,510301,510302,310000,310101,310102,310103,310104,310105,310201,310202,310203,310204,310205,310206,1100100,310300,310301,310302,310303,310304,310305,310306,310307,510304,510305,510306,510307,610000,1100000,1100200,1,2,3,4,210000,210100,210101,210102,210103,210104,210105,210200,210201,210202,210203,210204,210205,210206,310100,310200,420000,420100,420101,420102,420103,420104,420105,420106,420200,420201,420202,420203,420204,420205,420206,420300,420301,420302,420303,420304,420305,420306,510100,510101,510103,510104,510105,510106,510308,610100,610101,610102,610103,610104,610105,610106,610200,610201,610202,610203,610204,610205,610206,610300,610301,610302,610303,610304,610305,610306,810000,810100,810101,810102,810103,810104,810105,810106,810200,810201,810202,810203,810204,810205,810300,810301,810302,810303,810304,810305,810400,810401,810402,810403,810404,810405,1000000,1000100,1000101,1000102,1000103,210207,510102,710000,710100,710101,710102,710103,710104,710105,810107,810108,910000,910100,910101,910200,910201) ORDER BY `rank` DESC [ RunTime:0.0029s ]

[ 2016-03-24T19:30:04+08:00 ] ::1 /sis/index.php/System/Index/index.html
INFO: [ app_init ] --START--
INFO: Run Behavior\BuildLiteBehavior [ RunTime:0.000049s ]
INFO: [ app_init ] --END-- [ RunTime:0.000802s ]
INFO: [ app_begin ] --START--
INFO: Run Behavior\ReadHtmlCacheBehavior [ RunTime:0.001372s ]
INFO: [ app_begin ] --END-- [ RunTime:0.001623s ]
NOTIC: [8192] mysql_connect(): The mysql extension is deprecated and will be removed in the future: use mysqli or PDO instead E:\wamp\www\sis\HomyitCore\Library\Think\Session\Driver\Db.class.php 第 95 行.
INFO: [ action_begin ] --START--
INFO: Run Common\Behavior\HyLogBehavior [ RunTime:0.002032s ]
INFO: [ action_begin ] --END-- [ RunTime:0.002345s ]
NOTIC: [2048] Declaration of Common\Model\HyFrameModel::find() should be compatible with Think\Model::find($options = Array) E:\wamp\www\sis\Application\Common\Model\HyFrameModel.class.php 第 13 行.
NOTIC: [8] Undefined index: model E:\wamp\www\sis\Application\Common\Controller\HyFrameController.class.php 第 42 行.
SQL: SHOW COLUMNS FROM `edu_frame_log` [ RunTime:0.0063s ]
SQL: SELECT `create_time` FROM `edu_frame_log` WHERE `user_id` = 18 AND `status` = 1 AND `controller` = 'HyStart' AND `action` = 'ajax' AND `description` LIKE '%成功%' ORDER BY id desc LIMIT 2   [ RunTime:0.0006s ]
SQL: SHOW COLUMNS FROM `edu_frame_notice` [ RunTime:0.0045s ]
NOTIC: [8] Undefined index: associate E:\wamp\www\sis\Application\Common\Model\HyFrameModel.class.php 第 141 行.
NOTIC: [8] Undefined index: order E:\wamp\www\sis\Application\Common\Model\HyFrameModel.class.php 第 162 行.
NOTIC: [8] Undefined variable: field E:\wamp\www\sis\Application\Common\Model\HyFrameModel.class.php 第 181 行.
NOTIC: [8] Undefined index: where E:\wamp\www\sis\Application\Common\Model\HyFrameModel.class.php 第 189 行.
NOTIC: [8] Undefined index: decrypt E:\wamp\www\sis\Application\Common\Model\HyFrameModel.class.php 第 241 行.
NOTIC: [8] Undefined index: scope E:\wamp\www\sis\Application\Common\Model\HyFrameModel.class.php 第 247 行.
NOTIC: [8] Undefined index: count E:\wamp\www\sis\Application\Common\Model\HyFrameModel.class.php 第 248 行.
NOTIC: [8] Undefined index: find E:\wamp\www\sis\Application\Common\Model\HyFrameModel.class.php 第 254 行.
SQL: SELECT `id`,`title`,`content`,`creator_id`,`file_id`,`create_time`,`update_time`,`status` FROM `edu_frame_notice` WHERE `status` = 1 ORDER BY id desc LIMIT 5   [ RunTime:0.0005s ]
INFO: [ before_view ] --START--
SQL: SHOW COLUMNS FROM `edu_frame_alert` [ RunTime:0.0065s ]
SQL: SELECT `id`,`category`,`icon`,`message`,`url`,`type`,`create_time` FROM `edu_frame_alert` where `to_users` LIKE '%,18,%' AND ( IFNULL(`read_users`,'')='' OR `read_users` NOT LIKE '%,18,%') AND `status`=1 ORDER BY `id` DESC [ RunTime:0.0004s ]
INFO: Run Common\Behavior\HyBeforeViewBehavior [ RunTime:0.012195s ]
INFO: [ before_view ] --END-- [ RunTime:0.012414s ]
INFO: [ view_parse ] --START--
INFO: [ template_filter ] --START--
INFO: Run Behavior\ContentReplaceBehavior [ RunTime:0.000418s ]
INFO: [ template_filter ] --END-- [ RunTime:0.000654s ]
INFO: Run Behavior\ParseTemplateBehavior [ RunTime:0.055937s ]
INFO: [ view_parse ] --END-- [ RunTime:0.056344s ]
INFO: [ view_filter ] --START--
INFO: Run Behavior\WriteHtmlCacheBehavior [ RunTime:0.001257s ]
INFO: [ view_filter ] --END-- [ RunTime:0.001491s ]
INFO: [ action_end ] --START--
INFO: Run Common\Behavior\HyLogBehavior [ RunTime:0.000108s ]
INFO: [ action_end ] --END-- [ RunTime:0.000558s ]
INFO: [ app_end ] --START--
INFO: Run Behavior\ShowPageTraceBehavior [ RunTime:0.001471s ]
INFO: [ app_end ] --END-- [ RunTime:0.004935s ]

[ 2016-03-24T19:30:04+08:00 ] ::1 /sis/index.php/System/HyChat/ajax?q=list
INFO: [ app_init ] --START--
INFO: Run Behavior\BuildLiteBehavior [ RunTime:0.000053s ]
INFO: [ app_init ] --END-- [ RunTime:0.000931s ]
INFO: [ app_begin ] --START--
INFO: Run Behavior\ReadHtmlCacheBehavior [ RunTime:0.001796s ]
INFO: [ app_begin ] --END-- [ RunTime:0.002166s ]
NOTIC: [8192] mysql_connect(): The mysql extension is deprecated and will be removed in the future: use mysqli or PDO instead E:\wamp\www\sis\HomyitCore\Library\Think\Session\Driver\Db.class.php 第 95 行.
INFO: [ action_begin ] --START--
INFO: Run Common\Behavior\HyLogBehavior [ RunTime:0.001502s ]
INFO: [ action_begin ] --END-- [ RunTime:0.001725s ]
NOTIC: [2048] Declaration of Common\Model\HyFrameModel::find() should be compatible with Think\Model::find($options = Array) E:\wamp\www\sis\Application\Common\Model\HyFrameModel.class.php 第 13 行.
NOTIC: [8] Undefined index: model E:\wamp\www\sis\Application\Common\Controller\HyFrameController.class.php 第 42 行.
ERR: SQLSTATE[42S02]: Base table or view not found: 1146 Table 'jxnu_sis.edu_frame_chat' doesn't exist

[ 2016-03-24T19:31:25+08:00 ] ::1 /sis/index.php/System/HyStart/online?keepTry=eXSzRn0dbmc2RgbEy8EAPSCXE9xOkZW3SsL0Iq9tqEo%3D9147107
INFO: [ app_init ] --START--
INFO: Run Behavior\BuildLiteBehavior [ RunTime:0.000070s ]
INFO: [ app_init ] --END-- [ RunTime:0.001166s ]
INFO: [ app_begin ] --START--
INFO: Run Behavior\ReadHtmlCacheBehavior [ RunTime:0.001264s ]
INFO: [ app_begin ] --END-- [ RunTime:0.001494s ]
NOTIC: [8192] mysql_connect(): The mysql extension is deprecated and will be removed in the future: use mysqli or PDO instead E:\wamp\www\sis\HomyitCore\Library\Think\Session\Driver\Db.class.php 第 95 行.
INFO: [ action_begin ] --START--
INFO: Run Common\Behavior\HyLogBehavior [ RunTime:0.001576s ]
INFO: [ action_begin ] --END-- [ RunTime:0.001829s ]
NOTIC: [2048] Declaration of Common\Model\HyFrameModel::find() should be compatible with Think\Model::find($options = Array) E:\wamp\www\sis\Application\Common\Model\HyFrameModel.class.php 第 13 行.
NOTIC: [8] Undefined index: model E:\wamp\www\sis\Application\Common\Controller\HyFrameController.class.php 第 42 行.

[ 2016-03-24T19:32:26+08:00 ] ::1 /sis/index.php/System/HyStart/online?keepTry=CQ0rFyWqYw9igw4l6Dp0E4HvJJDBFbHgoJK6845apxo%3D2226957
INFO: [ app_init ] --START--
INFO: Run Behavior\BuildLiteBehavior [ RunTime:0.000049s ]
INFO: [ app_init ] --END-- [ RunTime:0.000803s ]
INFO: [ app_begin ] --START--
INFO: Run Behavior\ReadHtmlCacheBehavior [ RunTime:0.000899s ]
INFO: [ app_begin ] --END-- [ RunTime:0.001095s ]
NOTIC: [8192] mysql_connect(): The mysql extension is deprecated and will be removed in the future: use mysqli or PDO instead E:\wamp\www\sis\HomyitCore\Library\Think\Session\Driver\Db.class.php 第 95 行.
INFO: [ action_begin ] --START--
INFO: Run Common\Behavior\HyLogBehavior [ RunTime:0.002101s ]
INFO: [ action_begin ] --END-- [ RunTime:0.002409s ]
NOTIC: [2048] Declaration of Common\Model\HyFrameModel::find() should be compatible with Think\Model::find($options = Array) E:\wamp\www\sis\Application\Common\Model\HyFrameModel.class.php 第 13 行.
NOTIC: [8] Undefined index: model E:\wamp\www\sis\Application\Common\Controller\HyFrameController.class.php 第 42 行.

[ 2016-03-24T19:33:26+08:00 ] ::1 /sis/index.php/System/HyStart/online?keepTry=x43YkEHRCSfmhGEBl00d3bIK7Tme4FtDfmoh314jUMY%3D9826946
INFO: [ app_init ] --START--
INFO: Run Behavior\BuildLiteBehavior [ RunTime:0.000072s ]
INFO: [ app_init ] --END-- [ RunTime:0.000770s ]
INFO: [ app_begin ] --START--
INFO: Run Behavior\ReadHtmlCacheBehavior [ RunTime:0.001102s ]
INFO: [ app_begin ] --END-- [ RunTime:0.001319s ]
NOTIC: [8192] mysql_connect(): The mysql extension is deprecated and will be removed in the future: use mysqli or PDO instead E:\wamp\www\sis\HomyitCore\Library\Think\Session\Driver\Db.class.php 第 95 行.
INFO: [ action_begin ] --START--
INFO: Run Common\Behavior\HyLogBehavior [ RunTime:0.001392s ]
INFO: [ action_begin ] --END-- [ RunTime:0.001612s ]
NOTIC: [2048] Declaration of Common\Model\HyFrameModel::find() should be compatible with Think\Model::find($options = Array) E:\wamp\www\sis\Application\Common\Model\HyFrameModel.class.php 第 13 行.
NOTIC: [8] Undefined index: model E:\wamp\www\sis\Application\Common\Controller\HyFrameController.class.php 第 42 行.

[ 2016-03-24T19:34:26+08:00 ] ::1 /sis/index.php/System/HyStart/online?keepTry=GEkirYXX203ZB3Dit6Wk0y1a3FeEmLGxOkWNItr5d2Q%3D3840007
INFO: [ app_init ] --START--
INFO: Run Behavior\BuildLiteBehavior [ RunTime:0.000070s ]
INFO: [ app_init ] --END-- [ RunTime:0.001137s ]
INFO: [ app_begin ] --START--
INFO: Run Behavior\ReadHtmlCacheBehavior [ RunTime:0.000955s ]
INFO: [ app_begin ] --END-- [ RunTime:0.001180s ]
NOTIC: [8192] mysql_connect(): The mysql extension is deprecated and will be removed in the future: use mysqli or PDO instead E:\wamp\www\sis\HomyitCore\Library\Think\Session\Driver\Db.class.php 第 95 行.
INFO: [ action_begin ] --START--
INFO: Run Common\Behavior\HyLogBehavior [ RunTime:0.001351s ]
INFO: [ action_begin ] --END-- [ RunTime:0.001555s ]
NOTIC: [2048] Declaration of Common\Model\HyFrameModel::find() should be compatible with Think\Model::find($options = Array) E:\wamp\www\sis\Application\Common\Model\HyFrameModel.class.php 第 13 行.
NOTIC: [8] Undefined index: model E:\wamp\www\sis\Application\Common\Controller\HyFrameController.class.php 第 42 行.

[ 2016-03-24T19:35:26+08:00 ] ::1 /sis/index.php/System/HyStart/online?keepTry=AP30I0fMYnBTpUOdmZw8FmBwePOxzjOBrlUzAGCOwfo%3D7841704
INFO: [ app_init ] --START--
INFO: Run Behavior\BuildLiteBehavior [ RunTime:0.000072s ]
INFO: [ app_init ] --END-- [ RunTime:0.001253s ]
INFO: [ app_begin ] --START--
INFO: Run Behavior\ReadHtmlCacheBehavior [ RunTime:0.000890s ]
INFO: [ app_begin ] --END-- [ RunTime:0.001087s ]
NOTIC: [8192] mysql_connect(): The mysql extension is deprecated and will be removed in the future: use mysqli or PDO instead E:\wamp\www\sis\HomyitCore\Library\Think\Session\Driver\Db.class.php 第 95 行.
INFO: [ action_begin ] --START--
INFO: Run Common\Behavior\HyLogBehavior [ RunTime:0.001225s ]
INFO: [ action_begin ] --END-- [ RunTime:0.001470s ]
NOTIC: [2048] Declaration of Common\Model\HyFrameModel::find() should be compatible with Think\Model::find($options = Array) E:\wamp\www\sis\Application\Common\Model\HyFrameModel.class.php 第 13 行.
NOTIC: [8] Undefined index: model E:\wamp\www\sis\Application\Common\Controller\HyFrameController.class.php 第 42 行.

[ 2016-03-24T19:36:26+08:00 ] ::1 /sis/index.php/System/HyStart/online?keepTry=3OJEUF%2Bo7qGd82G8P5przcjDfVZUR7v%2FCXxFBgXnbRQ%3D5228890
INFO: [ app_init ] --START--
INFO: Run Behavior\BuildLiteBehavior [ RunTime:0.000070s ]
INFO: [ app_init ] --END-- [ RunTime:0.001196s ]
INFO: [ app_begin ] --START--
INFO: Run Behavior\ReadHtmlCacheBehavior [ RunTime:0.001024s ]
INFO: [ app_begin ] --END-- [ RunTime:0.001224s ]
NOTIC: [8192] mysql_connect(): The mysql extension is deprecated and will be removed in the future: use mysqli or PDO instead E:\wamp\www\sis\HomyitCore\Library\Think\Session\Driver\Db.class.php 第 95 行.
INFO: [ action_begin ] --START--
INFO: Run Common\Behavior\HyLogBehavior [ RunTime:0.001545s ]
INFO: [ action_begin ] --END-- [ RunTime:0.001757s ]
NOTIC: [2048] Declaration of Common\Model\HyFrameModel::find() should be compatible with Think\Model::find($options = Array) E:\wamp\www\sis\Application\Common\Model\HyFrameModel.class.php 第 13 行.
NOTIC: [8] Undefined index: model E:\wamp\www\sis\Application\Common\Controller\HyFrameController.class.php 第 42 行.

[ 2016-03-24T19:37:26+08:00 ] ::1 /sis/index.php/System/HyStart/online?keepTry=er0i044LWCaEF5kaGq3IYxFpVlgN1AD1USpCH5orNvY%3D3520022
INFO: [ app_init ] --START--
INFO: Run Behavior\BuildLiteBehavior [ RunTime:0.000072s ]
INFO: [ app_init ] --END-- [ RunTime:0.001283s ]
INFO: [ app_begin ] --START--
INFO: Run Behavior\ReadHtmlCacheBehavior [ RunTime:0.000875s ]
INFO: [ app_begin ] --END-- [ RunTime:0.001072s ]
NOTIC: [8192] mysql_connect(): The mysql extension is deprecated and will be removed in the future: use mysqli or PDO instead E:\wamp\www\sis\HomyitCore\Library\Think\Session\Driver\Db.class.php 第 95 行.
INFO: [ action_begin ] --START--
INFO: Run Common\Behavior\HyLogBehavior [ RunTime:0.001486s ]
INFO: [ action_begin ] --END-- [ RunTime:0.001733s ]
NOTIC: [2048] Declaration of Common\Model\HyFrameModel::find() should be compatible with Think\Model::find($options = Array) E:\wamp\www\sis\Application\Common\Model\HyFrameModel.class.php 第 13 行.
NOTIC: [8] Undefined index: model E:\wamp\www\sis\Application\Common\Controller\HyFrameController.class.php 第 42 行.

[ 2016-03-24T19:38:26+08:00 ] ::1 /sis/index.php/System/HyStart/online?keepTry=MdKIgod32VaVS2LGGcKPJzDRorAZzADBPSjNcctBc24%3D7755885
INFO: [ app_init ] --START--
INFO: Run Behavior\BuildLiteBehavior [ RunTime:0.000103s ]
INFO: [ app_init ] --END-- [ RunTime:0.001149s ]
INFO: [ app_begin ] --START--
INFO: Run Behavior\ReadHtmlCacheBehavior [ RunTime:0.000870s ]
INFO: [ app_begin ] --END-- [ RunTime:0.001086s ]
NOTIC: [8192] mysql_connect(): The mysql extension is deprecated and will be removed in the future: use mysqli or PDO instead E:\wamp\www\sis\HomyitCore\Library\Think\Session\Driver\Db.class.php 第 95 行.
INFO: [ action_begin ] --START--
INFO: Run Common\Behavior\HyLogBehavior [ RunTime:0.001486s ]
INFO: [ action_begin ] --END-- [ RunTime:0.001713s ]
NOTIC: [2048] Declaration of Common\Model\HyFrameModel::find() should be compatible with Think\Model::find($options = Array) E:\wamp\www\sis\Application\Common\Model\HyFrameModel.class.php 第 13 行.
NOTIC: [8] Undefined index: model E:\wamp\www\sis\Application\Common\Controller\HyFrameController.class.php 第 42 行.

[ 2016-03-24T19:39:26+08:00 ] ::1 /sis/index.php/System/HyStart/online?keepTry=acOjY2kxfYsYmmdqZI22yybSeqABS16UyT%2FnnuE2YHs%3D9282209
INFO: [ app_init ] --START--
INFO: Run Behavior\BuildLiteBehavior [ RunTime:0.000075s ]
INFO: [ app_init ] --END-- [ RunTime:0.002202s ]
INFO: [ app_begin ] --START--
INFO: Run Behavior\ReadHtmlCacheBehavior [ RunTime:0.001135s ]
INFO: [ app_begin ] --END-- [ RunTime:0.001346s ]
NOTIC: [8192] mysql_connect(): The mysql extension is deprecated and will be removed in the future: use mysqli or PDO instead E:\wamp\www\sis\HomyitCore\Library\Think\Session\Driver\Db.class.php 第 95 行.
INFO: [ action_begin ] --START--
INFO: Run Common\Behavior\HyLogBehavior [ RunTime:0.001661s ]
INFO: [ action_begin ] --END-- [ RunTime:0.001877s ]
NOTIC: [2048] Declaration of Common\Model\HyFrameModel::find() should be compatible with Think\Model::find($options = Array) E:\wamp\www\sis\Application\Common\Model\HyFrameModel.class.php 第 13 行.
NOTIC: [8] Undefined index: model E:\wamp\www\sis\Application\Common\Controller\HyFrameController.class.php 第 42 行.

[ 2016-03-24T19:40:26+08:00 ] ::1 /sis/index.php/System/HyStart/online?keepTry=ywu7MKAVoTVx%2B8Uvc8lgg8ktFiDtzkNRRXkLbYd3u24%3D1557775
INFO: [ app_init ] --START--
INFO: Run Behavior\BuildLiteBehavior [ RunTime:0.000070s ]
INFO: [ app_init ] --END-- [ RunTime:0.001164s ]
INFO: [ app_begin ] --START--
INFO: Run Behavior\ReadHtmlCacheBehavior [ RunTime:0.000904s ]
INFO: [ app_begin ] --END-- [ RunTime:0.001102s ]
NOTIC: [8192] mysql_connect(): The mysql extension is deprecated and will be removed in the future: use mysqli or PDO instead E:\wamp\www\sis\HomyitCore\Library\Think\Session\Driver\Db.class.php 第 95 行.
INFO: [ action_begin ] --START--
INFO: Run Common\Behavior\HyLogBehavior [ RunTime:0.001452s ]
INFO: [ action_begin ] --END-- [ RunTime:0.001675s ]
NOTIC: [2048] Declaration of Common\Model\HyFrameModel::find() should be compatible with Think\Model::find($options = Array) E:\wamp\www\sis\Application\Common\Model\HyFrameModel.class.php 第 13 行.
NOTIC: [8] Undefined index: model E:\wamp\www\sis\Application\Common\Controller\HyFrameController.class.php 第 42 行.

[ 2016-03-24T19:41:26+08:00 ] ::1 /sis/index.php/System/HyStart/online?keepTry=FlwvYJd4bOQWFTlmN%2FD60GP1t6ljMyKR40LbxTQzDkw%3D1444827
INFO: [ app_init ] --START--
INFO: Run Behavior\BuildLiteBehavior [ RunTime:0.000069s ]
INFO: [ app_init ] --END-- [ RunTime:0.001124s ]
INFO: [ app_begin ] --START--
INFO: Run Behavior\ReadHtmlCacheBehavior [ RunTime:0.000909s ]
INFO: [ app_begin ] --END-- [ RunTime:0.001110s ]
NOTIC: [8192] mysql_connect(): The mysql extension is deprecated and will be removed in the future: use mysqli or PDO instead E:\wamp\www\sis\HomyitCore\Library\Think\Session\Driver\Db.class.php 第 95 行.
INFO: [ action_begin ] --START--
INFO: Run Common\Behavior\HyLogBehavior [ RunTime:0.001437s ]
INFO: [ action_begin ] --END-- [ RunTime:0.001647s ]
NOTIC: [2048] Declaration of Common\Model\HyFrameModel::find() should be compatible with Think\Model::find($options = Array) E:\wamp\www\sis\Application\Common\Model\HyFrameModel.class.php 第 13 行.
NOTIC: [8] Undefined index: model E:\wamp\www\sis\Application\Common\Controller\HyFrameController.class.php 第 42 行.

[ 2016-03-24T19:42:26+08:00 ] ::1 /sis/index.php/System/HyStart/online?keepTry=Hkem3%2FcEZncVTTFjHYvmIpFnx6M1jvFKp7CNUw7m%2Bzg%3D8343192
INFO: [ app_init ] --START--
INFO: Run Behavior\BuildLiteBehavior [ RunTime:0.000074s ]
INFO: [ app_init ] --END-- [ RunTime:0.001235s ]
INFO: [ app_begin ] --START--
INFO: Run Behavior\ReadHtmlCacheBehavior [ RunTime:0.001047s ]
INFO: [ app_begin ] --END-- [ RunTime:0.001270s ]
NOTIC: [8192] mysql_connect(): The mysql extension is deprecated and will be removed in the future: use mysqli or PDO instead E:\wamp\www\sis\HomyitCore\Library\Think\Session\Driver\Db.class.php 第 95 行.
INFO: [ action_begin ] --START--
INFO: Run Common\Behavior\HyLogBehavior [ RunTime:0.001587s ]
INFO: [ action_begin ] --END-- [ RunTime:0.001798s ]
NOTIC: [2048] Declaration of Common\Model\HyFrameModel::find() should be compatible with Think\Model::find($options = Array) E:\wamp\www\sis\Application\Common\Model\HyFrameModel.class.php 第 13 行.
NOTIC: [8] Undefined index: model E:\wamp\www\sis\Application\Common\Controller\HyFrameController.class.php 第 42 行.

[ 2016-03-24T19:43:26+08:00 ] ::1 /sis/index.php/System/HyStart/online?keepTry=NNt0ss3Lxe12tIWex7v3PHFcLp%2BlUnT01D9wCLo8lTo%3D6299221
INFO: [ app_init ] --START--
INFO: Run Behavior\BuildLiteBehavior [ RunTime:0.000049s ]
INFO: [ app_init ] --END-- [ RunTime:0.000750s ]
INFO: [ app_begin ] --START--
INFO: Run Behavior\ReadHtmlCacheBehavior [ RunTime:0.001846s ]
INFO: [ app_begin ] --END-- [ RunTime:0.002052s ]
NOTIC: [8192] mysql_connect(): The mysql extension is deprecated and will be removed in the future: use mysqli or PDO instead E:\wamp\www\sis\HomyitCore\Library\Think\Session\Driver\Db.class.php 第 95 行.
INFO: [ action_begin ] --START--
INFO: Run Common\Behavior\HyLogBehavior [ RunTime:0.002100s ]
INFO: [ action_begin ] --END-- [ RunTime:0.002313s ]
NOTIC: [2048] Declaration of Common\Model\HyFrameModel::find() should be compatible with Think\Model::find($options = Array) E:\wamp\www\sis\Application\Common\Model\HyFrameModel.class.php 第 13 行.
NOTIC: [8] Undefined index: model E:\wamp\www\sis\Application\Common\Controller\HyFrameController.class.php 第 42 行.

[ 2016-03-24T19:44:26+08:00 ] ::1 /sis/index.php/System/HyStart/online?keepTry=xv7%2B472VJN723YtTneUKrljHu7csCAkWVA1ERcXxJHo%3D2876281
INFO: [ app_init ] --START--
INFO: Run Behavior\BuildLiteBehavior [ RunTime:0.000049s ]
INFO: [ app_init ] --END-- [ RunTime:0.000822s ]
INFO: [ app_begin ] --START--
INFO: Run Behavior\ReadHtmlCacheBehavior [ RunTime:0.000871s ]
INFO: [ app_begin ] --END-- [ RunTime:0.001090s ]
NOTIC: [8192] mysql_connect(): The mysql extension is deprecated and will be removed in the future: use mysqli or PDO instead E:\wamp\www\sis\HomyitCore\Library\Think\Session\Driver\Db.class.php 第 95 行.
INFO: [ action_begin ] --START--
INFO: Run Common\Behavior\HyLogBehavior [ RunTime:0.001746s ]
INFO: [ action_begin ] --END-- [ RunTime:0.002609s ]
NOTIC: [2048] Declaration of Common\Model\HyFrameModel::find() should be compatible with Think\Model::find($options = Array) E:\wamp\www\sis\Application\Common\Model\HyFrameModel.class.php 第 13 行.
NOTIC: [8] Undefined index: model E:\wamp\www\sis\Application\Common\Controller\HyFrameController.class.php 第 42 行.

[ 2016-03-24T19:45:26+08:00 ] ::1 /sis/index.php/System/HyStart/online?keepTry=5LNMlkRsXLHZi0EZnX5mFJL7B8lcNMJY5j%2BJxW9OM4I%3D9347505
INFO: [ app_init ] --START--
INFO: Run Behavior\BuildLiteBehavior [ RunTime:0.000047s ]
INFO: [ app_init ] --END-- [ RunTime:0.000795s ]
INFO: [ app_begin ] --START--
INFO: Run Behavior\ReadHtmlCacheBehavior [ RunTime:0.001016s ]
INFO: [ app_begin ] --END-- [ RunTime:0.001219s ]
NOTIC: [8192] mysql_connect(): The mysql extension is deprecated and will be removed in the future: use mysqli or PDO instead E:\wamp\www\sis\HomyitCore\Library\Think\Session\Driver\Db.class.php 第 95 行.
INFO: [ action_begin ] --START--
INFO: Run Common\Behavior\HyLogBehavior [ RunTime:0.001629s ]
INFO: [ action_begin ] --END-- [ RunTime:0.001839s ]
NOTIC: [2048] Declaration of Common\Model\HyFrameModel::find() should be compatible with Think\Model::find($options = Array) E:\wamp\www\sis\Application\Common\Model\HyFrameModel.class.php 第 13 行.
NOTIC: [8] Undefined index: model E:\wamp\www\sis\Application\Common\Controller\HyFrameController.class.php 第 42 行.

[ 2016-03-24T19:46:26+08:00 ] ::1 /sis/index.php/System/HyStart/online?keepTry=nSG6j2joK4zjsyePLAiA70tS1Pz4%2BdmfP7bOtPE8N4Y%3D1166661
INFO: [ app_init ] --START--
INFO: Run Behavior\BuildLiteBehavior [ RunTime:0.000049s ]
INFO: [ app_init ] --END-- [ RunTime:0.000839s ]
INFO: [ app_begin ] --START--
INFO: Run Behavior\ReadHtmlCacheBehavior [ RunTime:0.000941s ]
INFO: [ app_begin ] --END-- [ RunTime:0.001148s ]
NOTIC: [8192] mysql_connect(): The mysql extension is deprecated and will be removed in the future: use mysqli or PDO instead E:\wamp\www\sis\HomyitCore\Library\Think\Session\Driver\Db.class.php 第 95 行.
INFO: [ action_begin ] --START--
INFO: Run Common\Behavior\HyLogBehavior [ RunTime:0.002301s ]
INFO: [ action_begin ] --END-- [ RunTime:0.002518s ]
NOTIC: [2048] Declaration of Common\Model\HyFrameModel::find() should be compatible with Think\Model::find($options = Array) E:\wamp\www\sis\Application\Common\Model\HyFrameModel.class.php 第 13 行.
NOTIC: [8] Undefined index: model E:\wamp\www\sis\Application\Common\Controller\HyFrameController.class.php 第 42 行.

[ 2016-03-24T19:47:26+08:00 ] ::1 /sis/index.php/System/HyStart/online?keepTry=%2BIGM4sw1jM9ERBwHKRtOlR%2F42n36tUDNxK5cPrdyPPw%3D9143619
INFO: [ app_init ] --START--
INFO: Run Behavior\BuildLiteBehavior [ RunTime:0.000050s ]
INFO: [ app_init ] --END-- [ RunTime:0.000791s ]
INFO: [ app_begin ] --START--
INFO: Run Behavior\ReadHtmlCacheBehavior [ RunTime:0.000908s ]
INFO: [ app_begin ] --END-- [ RunTime:0.001109s ]
NOTIC: [8192] mysql_connect(): The mysql extension is deprecated and will be removed in the future: use mysqli or PDO instead E:\wamp\www\sis\HomyitCore\Library\Think\Session\Driver\Db.class.php 第 95 行.
INFO: [ action_begin ] --START--
INFO: Run Common\Behavior\HyLogBehavior [ RunTime:0.001531s ]
INFO: [ action_begin ] --END-- [ RunTime:0.001741s ]
NOTIC: [2048] Declaration of Common\Model\HyFrameModel::find() should be compatible with Think\Model::find($options = Array) E:\wamp\www\sis\Application\Common\Model\HyFrameModel.class.php 第 13 行.
NOTIC: [8] Undefined index: model E:\wamp\www\sis\Application\Common\Controller\HyFrameController.class.php 第 42 行.

[ 2016-03-24T19:48:26+08:00 ] ::1 /sis/index.php/System/HyStart/online?keepTry=cCXWoDA86IhiuXJX2KaB4Kc177%2FVmpNv1BXQhgm%2FtQA%3D9961739
INFO: [ app_init ] --START--
INFO: Run Behavior\BuildLiteBehavior [ RunTime:0.000069s ]
INFO: [ app_init ] --END-- [ RunTime:0.000806s ]
INFO: [ app_begin ] --START--
INFO: Run Behavior\ReadHtmlCacheBehavior [ RunTime:0.000966s ]
INFO: [ app_begin ] --END-- [ RunTime:0.001159s ]
NOTIC: [8192] mysql_connect(): The mysql extension is deprecated and will be removed in the future: use mysqli or PDO instead E:\wamp\www\sis\HomyitCore\Library\Think\Session\Driver\Db.class.php 第 95 行.
INFO: [ action_begin ] --START--
INFO: Run Common\Behavior\HyLogBehavior [ RunTime:0.001484s ]
INFO: [ action_begin ] --END-- [ RunTime:0.001688s ]
NOTIC: [2048] Declaration of Common\Model\HyFrameModel::find() should be compatible with Think\Model::find($options = Array) E:\wamp\www\sis\Application\Common\Model\HyFrameModel.class.php 第 13 行.
NOTIC: [8] Undefined index: model E:\wamp\www\sis\Application\Common\Controller\HyFrameController.class.php 第 42 行.

[ 2016-03-24T19:49:26+08:00 ] ::1 /sis/index.php/System/HyStart/online?keepTry=iYHrfjPgzXUY5B%2B3rBH%2BdrqjCGHbsuLgqZ4oIATXCi4%3D5683190
INFO: [ app_init ] --START--
INFO: Run Behavior\BuildLiteBehavior [ RunTime:0.000047s ]
INFO: [ app_init ] --END-- [ RunTime:0.000807s ]
INFO: [ app_begin ] --START--
INFO: Run Behavior\ReadHtmlCacheBehavior [ RunTime:0.000962s ]
INFO: [ app_begin ] --END-- [ RunTime:0.001198s ]
NOTIC: [8192] mysql_connect(): The mysql extension is deprecated and will be removed in the future: use mysqli or PDO instead E:\wamp\www\sis\HomyitCore\Library\Think\Session\Driver\Db.class.php 第 95 行.
INFO: [ action_begin ] --START--
INFO: Run Common\Behavior\HyLogBehavior [ RunTime:0.001572s ]
INFO: [ action_begin ] --END-- [ RunTime:0.001780s ]
NOTIC: [2048] Declaration of Common\Model\HyFrameModel::find() should be compatible with Think\Model::find($options = Array) E:\wamp\www\sis\Application\Common\Model\HyFrameModel.class.php 第 13 行.
NOTIC: [8] Undefined index: model E:\wamp\www\sis\Application\Common\Controller\HyFrameController.class.php 第 42 行.

[ 2016-03-24T22:20:54+08:00 ] ::1 /sis/index.php/System/HyStart/login.html
INFO: [ app_init ] --START--
INFO: Run Behavior\BuildLiteBehavior [ RunTime:0.000053s ]
INFO: [ app_init ] --END-- [ RunTime:0.000992s ]
INFO: [ app_begin ] --START--
INFO: Run Behavior\ReadHtmlCacheBehavior [ RunTime:0.002489s ]
INFO: [ app_begin ] --END-- [ RunTime:0.002831s ]
NOTIC: [8192] mysql_connect(): The mysql extension is deprecated and will be removed in the future: use mysqli or PDO instead E:\wamp\www\sis\HomyitCore\Library\Think\Session\Driver\Db.class.php 第 95 行.
INFO: [ action_begin ] --START--
INFO: Run Common\Behavior\HyLogBehavior [ RunTime:0.001441s ]
INFO: [ action_begin ] --END-- [ RunTime:0.001726s ]
NOTIC: [2048] Declaration of Common\Model\HyFrameModel::find() should be compatible with Think\Model::find($options = Array) E:\wamp\www\sis\Application\Common\Model\HyFrameModel.class.php 第 13 行.
NOTIC: [8] Undefined index: model E:\wamp\www\sis\Application\Common\Controller\HyFrameController.class.php 第 42 行.
SQL: SHOW COLUMNS FROM `edu_frame_setting` [ RunTime:0.0056s ]
SQL: SELECT `key`,`value` FROM `edu_frame_setting` WHERE `status` < 9  [ RunTime:0.0006s ]
INFO: [ before_view ] --START--
INFO: Run Common\Behavior\HyBeforeViewBehavior [ RunTime:0.001543s ]
INFO: [ before_view ] --END-- [ RunTime:0.001800s ]
INFO: [ view_parse ] --START--
INFO: [ template_filter ] --START--
INFO: Run Behavior\ContentReplaceBehavior [ RunTime:0.000285s ]
INFO: [ template_filter ] --END-- [ RunTime:0.000526s ]
INFO: Run Behavior\ParseTemplateBehavior [ RunTime:0.023700s ]
INFO: [ view_parse ] --END-- [ RunTime:0.023963s ]
INFO: [ view_filter ] --START--
INFO: Run Behavior\WriteHtmlCacheBehavior [ RunTime:0.000890s ]
INFO: [ view_filter ] --END-- [ RunTime:0.001110s ]
INFO: [ action_end ] --START--
INFO: Run Common\Behavior\HyLogBehavior [ RunTime:0.000785s ]
INFO: [ action_end ] --END-- [ RunTime:0.001197s ]
INFO: [ app_end ] --START--
INFO: Run Behavior\ShowPageTraceBehavior [ RunTime:0.001266s ]
INFO: [ app_end ] --END-- [ RunTime:0.001492s ]

[ 2016-03-24T22:20:58+08:00 ] ::1 /sis/index.php/System/HyStart/ajax?q=login
INFO: [ app_init ] --START--
INFO: Run Behavior\BuildLiteBehavior [ RunTime:0.000050s ]
INFO: [ app_init ] --END-- [ RunTime:0.000824s ]
INFO: [ app_begin ] --START--
INFO: Run Behavior\ReadHtmlCacheBehavior [ RunTime:0.002247s ]
INFO: [ app_begin ] --END-- [ RunTime:0.002472s ]
NOTIC: [8192] mysql_connect(): The mysql extension is deprecated and will be removed in the future: use mysqli or PDO instead E:\wamp\www\sis\HomyitCore\Library\Think\Session\Driver\Db.class.php 第 95 行.
INFO: [ action_begin ] --START--
INFO: Run Common\Behavior\HyLogBehavior [ RunTime:0.002265s ]
INFO: [ action_begin ] --END-- [ RunTime:0.002580s ]
NOTIC: [2048] Declaration of Common\Model\HyFrameModel::find() should be compatible with Think\Model::find($options = Array) E:\wamp\www\sis\Application\Common\Model\HyFrameModel.class.php 第 13 行.
NOTIC: [8] Undefined index: model E:\wamp\www\sis\Application\Common\Controller\HyFrameController.class.php 第 42 行.
NOTIC: [8] Undefined variable: logStep E:\wamp\www\sis\Application\System\Controller\HyStartController.class.php 第 56 行.
SQL: SHOW COLUMNS FROM `edu_user` [ RunTime:0.0050s ]
NOTIC: [2] Missing argument 1 for Common\Model\HyFrameModel::find(), called in E:\wamp\www\sis\Application\Common\Model\HyAccountModel.class.php on line 25 and defined E:\wamp\www\sis\Application\Common\Model\HyFrameModel.class.php 第 271 行.
NOTIC: [8] Undefined variable: options E:\wamp\www\sis\Application\Common\Model\HyFrameModel.class.php 第 272 行.
NOTIC: [8] Undefined variable: options E:\wamp\www\sis\Application\Common\Model\HyFrameModel.class.php 第 272 行.
SQL: SELECT `id`,`name`,`roles`,`user_no`,`password`,`sex`,`birth`,`phone`,`qq`,`email`,`country`,`session_id`,`login_last_time`,`login_times`,`status`,`english_name`,`admission_time` FROM `edu_user` WHERE `user_no` = '123' AND `status` = 1 LIMIT 1   [ RunTime:0.0006s ]
SQL: UPDATE `edu_user` SET `login_last_time`='1458829258',`login_times`='572',`session_id`='5d98590fmf5pd5gmcjt7q9anj7' WHERE `id` = 18 [ RunTime:0.1215s ]
NOTIC: [8] Undefined index: avatar_file E:\wamp\www\sis\Application\System\Controller\HyStartController.class.php 第 100 行.
NOTIC: [8] Undefined index: college_id E:\wamp\www\sis\Application\Common\Model\HyAccountModel.class.php 第 55 行.
SQL: SHOW COLUMNS FROM `edu_frame_role` [ RunTime:0.0059s ]
SQL: SELECT `id`,`name`,`title`,`table` FROM `edu_frame_role` WHERE `status` = 1 AND `id` IN ('22','32','31')  [ RunTime:0.0005s ]
SQL: SHOW COLUMNS FROM `edu_user` [ RunTime:0.0061s ]
SQL: SHOW COLUMNS FROM `edu_frame_access` [ RunTime:0.0045s ]
SQL: SELECT `action_id`,`model` FROM `edu_frame_access` WHERE ( `role_id`=22 AND `status`=1 )  [ RunTime:0.0010s ]
SQL: SELECT `pid` FROM `edu_frame_role` WHERE ( `id`=22 AND `status`=1 ) LIMIT 1   [ RunTime:0.0004s ]
SQL: SELECT `action_id`,`model` FROM `edu_frame_access` WHERE ( `role_id`=10 AND `status`=1 )  [ RunTime:0.0007s ]
SQL: SELECT `pid` FROM `edu_frame_role` WHERE ( `id`=10 AND `status`=1 ) LIMIT 1   [ RunTime:0.0003s ]
SQL: SELECT `id`,`pid`,`type`,`title`,`name`,`options` FROM `edu_frame_action` WHERE `status`=1 AND `id` IN (100000,510000,510300,510303,510301,510302,310000,310101,310102,310103,310104,310105,310201,310202,310203,310204,310205,310206,1100100,310300,310301,310302,310303,310304,310305,310306,310307,510304,510305,510306,510307,610000,1100000,1100200,510200,510201,510400,510203,310400,310401,310402,310403,310404,310405,310500,310501,310502,1000000,1000100,510401,510402,510403,510404,610100,610101,610200,610201,610300,610301,610106,610206,610306,310406,310506,1000101,1000102,1000103,510308) ORDER BY `rank` DESC [ RunTime:0.0020s ]
SQL: SELECT `id`,`pid`,`type`,`title`,`name`,`options` FROM `edu_frame_action` WHERE `status`=1 AND `id` IN (100000,510000,510300,510303,510301,510302,310000,310101,310102,310103,310104,310105,310201,310202,310203,310204,310205,310206,1100100,310300,310301,310302,310303,310304,310305,310306,310307,510304,510305,510306,510307,610000,1100000,1100200,510200,510201,510400,510203,310400,310401,310402,310403,310404,310405,310500,310501,310502,1000000,1000100,510401,510402,510403,510404,610100,610101,610200,610201,610300,610301,610106,610206,610306,310406,310506,1000101,1000102,1000103,510308) ORDER BY `rank` DESC [ RunTime:0.0015s ]
SQL: SHOW COLUMNS FROM `edu_frame_log` [ RunTime:0.0046s ]
SQL: INSERT INTO `edu_frame_log` (`user_id`,`controller`,`action`,`post`,`description`,`ip`,`create_time`) VALUES ('18','HyStart','ajax','{\"u\":\"o2OyuCDYhqEcvHSc4p04lg==9389410\",\"p\":\"Q\\/PIZochUMbI5Bep5B9SARdYdbAQwYHKGtbMeoADER\\/Y1PklBTUAsNw2f8kwaIWD4543920\"}',' >> 登录验证 >> <span class=\'text-success\'>成功</span>','0.0.0.0','1458829258') [ RunTime:0.0179s ]

[ 2016-03-24T22:20:59+08:00 ] ::1 /sis/index.php/System/Index/index
INFO: [ app_init ] --START--
INFO: Run Behavior\BuildLiteBehavior [ RunTime:0.000053s ]
INFO: [ app_init ] --END-- [ RunTime:0.001051s ]
INFO: [ app_begin ] --START--
INFO: Run Behavior\ReadHtmlCacheBehavior [ RunTime:0.001718s ]
INFO: [ app_begin ] --END-- [ RunTime:0.002017s ]
NOTIC: [8192] mysql_connect(): The mysql extension is deprecated and will be removed in the future: use mysqli or PDO instead E:\wamp\www\sis\HomyitCore\Library\Think\Session\Driver\Db.class.php 第 95 行.
INFO: [ action_begin ] --START--
INFO: Run Common\Behavior\HyLogBehavior [ RunTime:0.001325s ]
INFO: [ action_begin ] --END-- [ RunTime:0.001577s ]
NOTIC: [2048] Declaration of Common\Model\HyFrameModel::find() should be compatible with Think\Model::find($options = Array) E:\wamp\www\sis\Application\Common\Model\HyFrameModel.class.php 第 13 行.
NOTIC: [8] Undefined index: model E:\wamp\www\sis\Application\Common\Controller\HyFrameController.class.php 第 42 行.
SQL: SHOW COLUMNS FROM `edu_frame_log` [ RunTime:0.0054s ]
SQL: SELECT `create_time` FROM `edu_frame_log` WHERE `user_id` = 18 AND `status` = 1 AND `controller` = 'HyStart' AND `action` = 'ajax' AND `description` LIKE '%成功%' ORDER BY id desc LIMIT 2   [ RunTime:0.0007s ]
SQL: SHOW COLUMNS FROM `edu_frame_notice` [ RunTime:0.0052s ]
NOTIC: [8] Undefined index: associate E:\wamp\www\sis\Application\Common\Model\HyFrameModel.class.php 第 141 行.
NOTIC: [8] Undefined index: order E:\wamp\www\sis\Application\Common\Model\HyFrameModel.class.php 第 162 行.
NOTIC: [8] Undefined variable: field E:\wamp\www\sis\Application\Common\Model\HyFrameModel.class.php 第 181 行.
NOTIC: [8] Undefined index: where E:\wamp\www\sis\Application\Common\Model\HyFrameModel.class.php 第 189 行.
NOTIC: [8] Undefined index: decrypt E:\wamp\www\sis\Application\Common\Model\HyFrameModel.class.php 第 241 行.
NOTIC: [8] Undefined index: scope E:\wamp\www\sis\Application\Common\Model\HyFrameModel.class.php 第 247 行.
NOTIC: [8] Undefined index: count E:\wamp\www\sis\Application\Common\Model\HyFrameModel.class.php 第 248 行.
NOTIC: [8] Undefined index: find E:\wamp\www\sis\Application\Common\Model\HyFrameModel.class.php 第 254 行.
SQL: SELECT `id`,`title`,`content`,`creator_id`,`file_id`,`create_time`,`update_time`,`status` FROM `edu_frame_notice` WHERE `status` = 1 ORDER BY id desc LIMIT 5   [ RunTime:0.0005s ]
INFO: [ before_view ] --START--
SQL: SHOW COLUMNS FROM `edu_frame_alert` [ RunTime:0.0042s ]
SQL: SELECT `id`,`category`,`icon`,`message`,`url`,`type`,`create_time` FROM `edu_frame_alert` where `to_users` LIKE '%,18,%' AND ( IFNULL(`read_users`,'')='' OR `read_users` NOT LIKE '%,18,%') AND `status`=1 ORDER BY `id` DESC [ RunTime:0.0006s ]
INFO: Run Common\Behavior\HyBeforeViewBehavior [ RunTime:0.009325s ]
INFO: [ before_view ] --END-- [ RunTime:0.009542s ]
INFO: [ view_parse ] --START--
INFO: [ template_filter ] --START--
INFO: Run Behavior\ContentReplaceBehavior [ RunTime:0.000496s ]
INFO: [ template_filter ] --END-- [ RunTime:0.000734s ]
INFO: Run Behavior\ParseTemplateBehavior [ RunTime:0.058487s ]
INFO: [ view_parse ] --END-- [ RunTime:0.058807s ]
INFO: [ view_filter ] --START--
INFO: Run Behavior\WriteHtmlCacheBehavior [ RunTime:0.001421s ]
INFO: [ view_filter ] --END-- [ RunTime:0.001654s ]
INFO: [ action_end ] --START--
INFO: Run Common\Behavior\HyLogBehavior [ RunTime:0.002784s ]
INFO: [ action_end ] --END-- [ RunTime:0.003084s ]
INFO: [ app_end ] --START--
INFO: Run Behavior\ShowPageTraceBehavior [ RunTime:0.002507s ]
INFO: [ app_end ] --END-- [ RunTime:0.002739s ]

[ 2016-03-24T22:20:59+08:00 ] ::1 /sis/index.php/System/HyChat/ajax?q=list
INFO: [ app_init ] --START--
INFO: Run Behavior\BuildLiteBehavior [ RunTime:0.000077s ]
INFO: [ app_init ] --END-- [ RunTime:0.001033s ]
INFO: [ app_begin ] --START--
INFO: Run Behavior\ReadHtmlCacheBehavior [ RunTime:0.001639s ]
INFO: [ app_begin ] --END-- [ RunTime:0.001884s ]
NOTIC: [8192] mysql_connect(): The mysql extension is deprecated and will be removed in the future: use mysqli or PDO instead E:\wamp\www\sis\HomyitCore\Library\Think\Session\Driver\Db.class.php 第 95 行.
INFO: [ action_begin ] --START--
INFO: Run Common\Behavior\HyLogBehavior [ RunTime:0.002789s ]
INFO: [ action_begin ] --END-- [ RunTime:0.003155s ]
NOTIC: [2048] Declaration of Common\Model\HyFrameModel::find() should be compatible with Think\Model::find($options = Array) E:\wamp\www\sis\Application\Common\Model\HyFrameModel.class.php 第 13 行.
NOTIC: [8] Undefined index: model E:\wamp\www\sis\Application\Common\Controller\HyFrameController.class.php 第 42 行.
ERR: SQLSTATE[42S02]: Base table or view not found: 1146 Table 'jxnu_sis.edu_frame_chat' doesn't exist

[ 2016-03-24T22:21:03+08:00 ] ::1 /sis/index.php/System/HyStart/switchs/role/encrypt_act-QjjWwqesDrEHO7WIxmv0cPk_wtW48j3XCLCu3K3AkXOKLYZG0cljGY9jl2UllImK8zdbsI2cHEP1e1gD3cqLbg.html
INFO: [ app_init ] --START--
INFO: Run Behavior\BuildLiteBehavior [ RunTime:0.000050s ]
INFO: [ app_init ] --END-- [ RunTime:0.000857s ]
INFO: [ app_begin ] --START--
INFO: Run Behavior\ReadHtmlCacheBehavior [ RunTime:0.003175s ]
INFO: [ app_begin ] --END-- [ RunTime:0.003643s ]
NOTIC: [8192] mysql_connect(): The mysql extension is deprecated and will be removed in the future: use mysqli or PDO instead E:\wamp\www\sis\HomyitCore\Library\Think\Session\Driver\Db.class.php 第 95 行.
INFO: [ action_begin ] --START--
INFO: Run Common\Behavior\HyLogBehavior [ RunTime:0.002417s ]
INFO: [ action_begin ] --END-- [ RunTime:0.002777s ]
NOTIC: [2048] Declaration of Common\Model\HyFrameModel::find() should be compatible with Think\Model::find($options = Array) E:\wamp\www\sis\Application\Common\Model\HyFrameModel.class.php 第 13 行.
NOTIC: [8] Undefined index: model E:\wamp\www\sis\Application\Common\Controller\HyFrameController.class.php 第 42 行.
SQL: SHOW COLUMNS FROM `edu_frame_role` [ RunTime:0.0052s ]
SQL: SELECT `id`,`name`,`title`,`table` FROM `edu_frame_role` WHERE `status` = 1 AND `id` IN ('22','32','31')  [ RunTime:0.0005s ]
SQL: SHOW COLUMNS FROM `edu_user` [ RunTime:0.0044s ]
SQL: SHOW COLUMNS FROM `edu_frame_access` [ RunTime:0.0056s ]
SQL: SELECT `action_id`,`model` FROM `edu_frame_access` WHERE ( `role_id`=32 AND `status`=1 )  [ RunTime:0.0008s ]
SQL: SELECT `pid` FROM `edu_frame_role` WHERE ( `id`=32 AND `status`=1 ) LIMIT 1   [ RunTime:0.0009s ]
SQL: SELECT `action_id`,`model` FROM `edu_frame_access` WHERE ( `role_id`=31 AND `status`=1 )  [ RunTime:0.0013s ]
SQL: SELECT `pid` FROM `edu_frame_role` WHERE ( `id`=31 AND `status`=1 ) LIMIT 1   [ RunTime:0.0004s ]
SQL: SELECT `action_id`,`model` FROM `edu_frame_access` WHERE ( `role_id`=10 AND `status`=1 )  [ RunTime:0.0006s ]
SQL: SELECT `pid` FROM `edu_frame_role` WHERE ( `id`=10 AND `status`=1 ) LIMIT 1   [ RunTime:0.0003s ]
SQL: SELECT `id`,`pid`,`type`,`title`,`name`,`options` FROM `edu_frame_action` WHERE `status`=1 AND `id` IN (100000,510000,510300,510303,510301,510302,310000,310101,310102,310103,310104,310105,310201,310202,310203,310204,310205,310206,1100100,310300,310301,310302,310303,310304,310305,310306,310307,510304,510305,510306,510307,610000,1100000,1100200,1,2,3,4,210000,210100,210101,210102,210103,210104,210105,210200,210201,210202,210203,210204,210205,210206,310100,310200,420000,420100,420101,420102,420103,420104,420105,420106,420200,420201,420202,420203,420204,420205,420206,420300,420301,420302,420303,420304,420305,420306,510100,510101,510103,510104,510105,510106,510308,610100,610101,610102,610103,610104,610105,610106,610200,610201,610202,610203,610204,610205,610206,610300,610301,610302,610303,610304,610305,610306,810000,810100,810101,810102,810103,810104,810105,810106,810200,810201,810202,810203,810204,810205,810300,810301,810302,810303,810304,810305,810400,810401,810402,810403,810404,810405,1000000,1000100,1000101,1000102,1000103,210207,510102,710000,710100,710101,710102,710103,710104,710105,810107,810108,910000,910100,910101,910200,910201) ORDER BY `rank` DESC [ RunTime:0.0025s ]
SQL: SELECT `id`,`pid`,`type`,`title`,`name`,`options` FROM `edu_frame_action` WHERE `status`=1 AND `id` IN (100000,510000,510300,510303,510301,510302,310000,310101,310102,310103,310104,310105,310201,310202,310203,310204,310205,310206,1100100,310300,310301,310302,310303,310304,310305,310306,310307,510304,510305,510306,510307,610000,1100000,1100200,1,2,3,4,210000,210100,210101,210102,210103,210104,210105,210200,210201,210202,210203,210204,210205,210206,310100,310200,420000,420100,420101,420102,420103,420104,420105,420106,420200,420201,420202,420203,420204,420205,420206,420300,420301,420302,420303,420304,420305,420306,510100,510101,510103,510104,510105,510106,510308,610100,610101,610102,610103,610104,610105,610106,610200,610201,610202,610203,610204,610205,610206,610300,610301,610302,610303,610304,610305,610306,810000,810100,810101,810102,810103,810104,810105,810106,810200,810201,810202,810203,810204,810205,810300,810301,810302,810303,810304,810305,810400,810401,810402,810403,810404,810405,1000000,1000100,1000101,1000102,1000103,210207,510102,710000,710100,710101,710102,710103,710104,710105,810107,810108,910000,910100,910101,910200,910201) ORDER BY `rank` DESC [ RunTime:0.0024s ]
SQL: SELECT `id`,`pid`,`type`,`title`,`name`,`options` FROM `edu_frame_action` WHERE `status`=1 AND `id` IN (100000,510000,510300,510303,510301,510302,310000,310101,310102,310103,310104,310105,310201,310202,310203,310204,310205,310206,1100100,310300,310301,310302,310303,310304,310305,310306,310307,510304,510305,510306,510307,610000,1100000,1100200,1,2,3,4,210000,210100,210101,210102,210103,210104,210105,210200,210201,210202,210203,210204,210205,210206,310100,310200,420000,420100,420101,420102,420103,420104,420105,420106,420200,420201,420202,420203,420204,420205,420206,420300,420301,420302,420303,420304,420305,420306,510100,510101,510103,510104,510105,510106,510308,610100,610101,610102,610103,610104,610105,610106,610200,610201,610202,610203,610204,610205,610206,610300,610301,610302,610303,610304,610305,610306,810000,810100,810101,810102,810103,810104,810105,810106,810200,810201,810202,810203,810204,810205,810300,810301,810302,810303,810304,810305,810400,810401,810402,810403,810404,810405,1000000,1000100,1000101,1000102,1000103,210207,510102,710000,710100,710101,710102,710103,710104,710105,810107,810108,910000,910100,910101,910200,910201) ORDER BY `rank` DESC [ RunTime:0.0025s ]

[ 2016-03-24T22:21:03+08:00 ] ::1 /sis/index.php/System/Index/index.html
INFO: [ app_init ] --START--
INFO: Run Behavior\BuildLiteBehavior [ RunTime:0.000049s ]
INFO: [ app_init ] --END-- [ RunTime:0.000822s ]
INFO: [ app_begin ] --START--
INFO: Run Behavior\ReadHtmlCacheBehavior [ RunTime:0.001664s ]
INFO: [ app_begin ] --END-- [ RunTime:0.001933s ]
NOTIC: [8192] mysql_connect(): The mysql extension is deprecated and will be removed in the future: use mysqli or PDO instead E:\wamp\www\sis\HomyitCore\Library\Think\Session\Driver\Db.class.php 第 95 行.
INFO: [ action_begin ] --START--
INFO: Run Common\Behavior\HyLogBehavior [ RunTime:0.001304s ]
INFO: [ action_begin ] --END-- [ RunTime:0.001559s ]
NOTIC: [2048] Declaration of Common\Model\HyFrameModel::find() should be compatible with Think\Model::find($options = Array) E:\wamp\www\sis\Application\Common\Model\HyFrameModel.class.php 第 13 行.
NOTIC: [8] Undefined index: model E:\wamp\www\sis\Application\Common\Controller\HyFrameController.class.php 第 42 行.
SQL: SHOW COLUMNS FROM `edu_frame_log` [ RunTime:0.0068s ]
SQL: SELECT `create_time` FROM `edu_frame_log` WHERE `user_id` = 18 AND `status` = 1 AND `controller` = 'HyStart' AND `action` = 'ajax' AND `description` LIKE '%成功%' ORDER BY id desc LIMIT 2   [ RunTime:0.0008s ]
SQL: SHOW COLUMNS FROM `edu_frame_notice` [ RunTime:0.0047s ]
NOTIC: [8] Undefined index: associate E:\wamp\www\sis\Application\Common\Model\HyFrameModel.class.php 第 141 行.
NOTIC: [8] Undefined index: order E:\wamp\www\sis\Application\Common\Model\HyFrameModel.class.php 第 162 行.
NOTIC: [8] Undefined variable: field E:\wamp\www\sis\Application\Common\Model\HyFrameModel.class.php 第 181 行.
NOTIC: [8] Undefined index: where E:\wamp\www\sis\Application\Common\Model\HyFrameModel.class.php 第 189 行.
NOTIC: [8] Undefined index: decrypt E:\wamp\www\sis\Application\Common\Model\HyFrameModel.class.php 第 241 行.
NOTIC: [8] Undefined index: scope E:\wamp\www\sis\Application\Common\Model\HyFrameModel.class.php 第 247 行.
NOTIC: [8] Undefined index: count E:\wamp\www\sis\Application\Common\Model\HyFrameModel.class.php 第 248 行.
NOTIC: [8] Undefined index: find E:\wamp\www\sis\Application\Common\Model\HyFrameModel.class.php 第 254 行.
SQL: SELECT `id`,`title`,`content`,`creator_id`,`file_id`,`create_time`,`update_time`,`status` FROM `edu_frame_notice` WHERE `status` = 1 ORDER BY id desc LIMIT 5   [ RunTime:0.0011s ]
INFO: [ before_view ] --START--
SQL: SHOW COLUMNS FROM `edu_frame_alert` [ RunTime:0.0049s ]
SQL: SELECT `id`,`category`,`icon`,`message`,`url`,`type`,`create_time` FROM `edu_frame_alert` where `to_users` LIKE '%,18,%' AND ( IFNULL(`read_users`,'')='' OR `read_users` NOT LIKE '%,18,%') AND `status`=1 ORDER BY `id` DESC [ RunTime:0.0005s ]
INFO: Run Common\Behavior\HyBeforeViewBehavior [ RunTime:0.010918s ]
INFO: [ before_view ] --END-- [ RunTime:0.011173s ]
INFO: [ view_parse ] --START--
INFO: [ template_filter ] --START--
INFO: Run Behavior\ContentReplaceBehavior [ RunTime:0.000418s ]
INFO: [ template_filter ] --END-- [ RunTime:0.000658s ]
INFO: Run Behavior\ParseTemplateBehavior [ RunTime:0.057812s ]
INFO: [ view_parse ] --END-- [ RunTime:0.058049s ]
INFO: [ view_filter ] --START--
INFO: Run Behavior\WriteHtmlCacheBehavior [ RunTime:0.000944s ]
INFO: [ view_filter ] --END-- [ RunTime:0.001227s ]
INFO: [ action_end ] --START--
INFO: Run Common\Behavior\HyLogBehavior [ RunTime:0.000106s ]
INFO: [ action_end ] --END-- [ RunTime:0.000393s ]
INFO: [ app_end ] --START--
INFO: Run Behavior\ShowPageTraceBehavior [ RunTime:0.004537s ]
INFO: [ app_end ] --END-- [ RunTime:0.004813s ]

[ 2016-03-24T22:21:04+08:00 ] ::1 /sis/index.php/System/HyChat/ajax?q=list
INFO: [ app_init ] --START--
INFO: Run Behavior\BuildLiteBehavior [ RunTime:0.000066s ]
INFO: [ app_init ] --END-- [ RunTime:0.001071s ]
INFO: [ app_begin ] --START--
INFO: Run Behavior\ReadHtmlCacheBehavior [ RunTime:0.001643s ]
INFO: [ app_begin ] --END-- [ RunTime:0.001974s ]
NOTIC: [8192] mysql_connect(): The mysql extension is deprecated and will be removed in the future: use mysqli or PDO instead E:\wamp\www\sis\HomyitCore\Library\Think\Session\Driver\Db.class.php 第 95 行.
INFO: [ action_begin ] --START--
INFO: Run Common\Behavior\HyLogBehavior [ RunTime:0.001586s ]
INFO: [ action_begin ] --END-- [ RunTime:0.001811s ]
NOTIC: [2048] Declaration of Common\Model\HyFrameModel::find() should be compatible with Think\Model::find($options = Array) E:\wamp\www\sis\Application\Common\Model\HyFrameModel.class.php 第 13 行.
NOTIC: [8] Undefined index: model E:\wamp\www\sis\Application\Common\Controller\HyFrameController.class.php 第 42 行.
ERR: SQLSTATE[42S02]: Base table or view not found: 1146 Table 'jxnu_sis.edu_frame_chat' doesn't exist

[ 2016-03-24T22:22:05+08:00 ] ::1 /sis/index.php/System/HyStart/online?keepTry=TYfG2ObGd3MMNhSj7hr07sHF2Kcyh6wx5OmIBZ3qNZo%3D6873464
INFO: [ app_init ] --START--
INFO: Run Behavior\BuildLiteBehavior [ RunTime:0.000052s ]
INFO: [ app_init ] --END-- [ RunTime:0.000964s ]
INFO: [ app_begin ] --START--
INFO: Run Behavior\ReadHtmlCacheBehavior [ RunTime:0.001167s ]
INFO: [ app_begin ] --END-- [ RunTime:0.001367s ]
NOTIC: [8192] mysql_connect(): The mysql extension is deprecated and will be removed in the future: use mysqli or PDO instead E:\wamp\www\sis\HomyitCore\Library\Think\Session\Driver\Db.class.php 第 95 行.
INFO: [ action_begin ] --START--
INFO: Run Common\Behavior\HyLogBehavior [ RunTime:0.001506s ]
INFO: [ action_begin ] --END-- [ RunTime:0.001720s ]
NOTIC: [2048] Declaration of Common\Model\HyFrameModel::find() should be compatible with Think\Model::find($options = Array) E:\wamp\www\sis\Application\Common\Model\HyFrameModel.class.php 第 13 行.
NOTIC: [8] Undefined index: model E:\wamp\www\sis\Application\Common\Controller\HyFrameController.class.php 第 42 行.

[ 2016-03-24T22:23:05+08:00 ] ::1 /sis/index.php/System/HyStart/online?keepTry=WgEsQDVVPsDxdmlck3G5SoA8BTCSy4LAtmRy7ninfEQ%3D8377169
INFO: [ app_init ] --START--
INFO: Run Behavior\BuildLiteBehavior [ RunTime:0.000048s ]
INFO: [ app_init ] --END-- [ RunTime:0.000820s ]
INFO: [ app_begin ] --START--
INFO: Run Behavior\ReadHtmlCacheBehavior [ RunTime:0.001169s ]
INFO: [ app_begin ] --END-- [ RunTime:0.001377s ]
NOTIC: [8192] mysql_connect(): The mysql extension is deprecated and will be removed in the future: use mysqli or PDO instead E:\wamp\www\sis\HomyitCore\Library\Think\Session\Driver\Db.class.php 第 95 行.
INFO: [ action_begin ] --START--
INFO: Run Common\Behavior\HyLogBehavior [ RunTime:0.001676s ]
INFO: [ action_begin ] --END-- [ RunTime:0.001890s ]
NOTIC: [2048] Declaration of Common\Model\HyFrameModel::find() should be compatible with Think\Model::find($options = Array) E:\wamp\www\sis\Application\Common\Model\HyFrameModel.class.php 第 13 行.
NOTIC: [8] Undefined index: model E:\wamp\www\sis\Application\Common\Controller\HyFrameController.class.php 第 42 行.

[ 2016-03-24T22:24:05+08:00 ] ::1 /sis/index.php/System/HyStart/online?keepTry=s5ILqsfiXmPtvyoF%2FAqwl%2FrwiSpmuGqhs9n8UNfLEwI%3D4595750
INFO: [ app_init ] --START--
INFO: Run Behavior\BuildLiteBehavior [ RunTime:0.000136s ]
INFO: [ app_init ] --END-- [ RunTime:0.001135s ]
INFO: [ app_begin ] --START--
INFO: Run Behavior\ReadHtmlCacheBehavior [ RunTime:0.001167s ]
INFO: [ app_begin ] --END-- [ RunTime:0.001372s ]
NOTIC: [8192] mysql_connect(): The mysql extension is deprecated and will be removed in the future: use mysqli or PDO instead E:\wamp\www\sis\HomyitCore\Library\Think\Session\Driver\Db.class.php 第 95 行.
INFO: [ action_begin ] --START--
INFO: Run Common\Behavior\HyLogBehavior [ RunTime:0.001241s ]
INFO: [ action_begin ] --END-- [ RunTime:0.001443s ]
NOTIC: [2048] Declaration of Common\Model\HyFrameModel::find() should be compatible with Think\Model::find($options = Array) E:\wamp\www\sis\Application\Common\Model\HyFrameModel.class.php 第 13 行.
NOTIC: [8] Undefined index: model E:\wamp\www\sis\Application\Common\Controller\HyFrameController.class.php 第 42 行.

