[ 2016-04-20T09:07:21+08:00 ] ::1 /sis%20-%20test/index.php/GoodCourse/CourseView/all.html
INFO: [ app_init ] --START--
INFO: Run Behavior\BuildLiteBehavior [ RunTime:0.000047s ]
INFO: [ app_init ] --END-- [ RunTime:0.000700s ]
ERR: 无法加载模块:GoodCourse

[ 2016-04-20T09:07:26+08:00 ] ::1 /sis%20-%20test/index.php/QuestionCategory/QuestionsTeacher/all.html
INFO: [ app_init ] --START--
INFO: Run Behavior\BuildLiteBehavior [ RunTime:0.000053s ]
INFO: [ app_init ] --END-- [ RunTime:0.001041s ]
ERR: 无法加载模块:QuestionCategory

[ 2016-04-20T09:32:43+08:00 ] ::1 /sis%20-%20test/index.php/Category/Category/all.html
INFO: [ app_init ] --START--
INFO: Run Behavior\BuildLiteBehavior [ RunTime:0.000050s ]
INFO: [ app_init ] --END-- [ RunTime:0.000823s ]
ERR: 无法加载模块:Category

[ 2016-04-20T09:33:04+08:00 ] ::1 /sis%20-%20test/index.php/QuestionCategory/QuestionCategory/all.html
INFO: [ app_init ] --START--
INFO: Run Behavior\BuildLiteBehavior [ RunTime:0.000049s ]
INFO: [ app_init ] --END-- [ RunTime:0.000751s ]
ERR: 无法加载模块:QuestionCategory

[ 2016-04-20T14:40:46+08:00 ] ::1 /sis%20-%20test/index.php/GoodCourse/CourseView/all.html
INFO: [ app_init ] --START--
INFO: Run Behavior\BuildLiteBehavior [ RunTime:0.000050s ]
INFO: [ app_init ] --END-- [ RunTime:0.000840s ]
ERR: 无法加载模块:GoodCourse

[ 2016-04-20T14:40:50+08:00 ] ::1 /sis%20-%20test/index.php/GoodCourse/CourseView/all.html
INFO: [ app_init ] --START--
INFO: Run Behavior\BuildLiteBehavior [ RunTime:0.000051s ]
INFO: [ app_init ] --END-- [ RunTime:0.000878s ]
ERR: 无法加载模块:GoodCourse

[ 2016-04-20T14:47:30+08:00 ] ::1 /sis%20-%20test/index.php/QuestionCategory/QuestionsTeacher/all.html
INFO: [ app_init ] --START--
INFO: Run Behavior\BuildLiteBehavior [ RunTime:0.000057s ]
INFO: [ app_init ] --END-- [ RunTime:0.001142s ]
ERR: 无法加载模块:QuestionCategory

[ 2016-04-20T14:47:35+08:00 ] ::1 /sis%20-%20test/index.php/QuestionCategory/QuestionsTeacher/all.html
INFO: [ app_init ] --START--
INFO: Run Behavior\BuildLiteBehavior [ RunTime:0.000048s ]
INFO: [ app_init ] --END-- [ RunTime:0.000759s ]
ERR: 无法加载模块:QuestionCategory

[ 2016-04-20T14:48:51+08:00 ] ::1 /sis%20-%20test/index.php/Excel/Excel/excel.html
INFO: [ app_init ] --START--
INFO: Run Behavior\BuildLiteBehavior [ RunTime:0.000052s ]
INFO: [ app_init ] --END-- [ RunTime:0.001543s ]
ERR: 无法加载模块:Excel

[ 2016-04-20T14:48:56+08:00 ] ::1 /sis%20-%20test/index.php/Excel/SqlExport/export.html
INFO: [ app_init ] --START--
INFO: Run Behavior\BuildLiteBehavior [ RunTime:0.000075s ]
INFO: [ app_init ] --END-- [ RunTime:0.001352s ]
ERR: 无法加载模块:Excel

