[ 2016-03-23T21:09:41+08:00 ] ::1 /sis/index.php/International/International/all.html
INFO: [ app_init ] --START--
INFO: Run Behavior\BuildLiteBehavior [ RunTime:0.000079s ]
INFO: [ app_init ] --END-- [ RunTime:0.000944s ]
INFO: [ app_begin ] --START--
INFO: Run Behavior\ReadHtmlCacheBehavior [ RunTime:0.002403s ]
INFO: [ app_begin ] --END-- [ RunTime:0.002747s ]
NOTIC: [8192] mysql_connect(): The mysql extension is deprecated and will be removed in the future: use mysqli or PDO instead E:\wamp\www\sis\HomyitCore\Library\Think\Session\Driver\Db.class.php 第 95 行.
INFO: [ action_begin ] --START--
INFO: Run Common\Behavior\HyLogBehavior [ RunTime:0.001414s ]
INFO: [ action_begin ] --END-- [ RunTime:0.001709s ]
NOTIC: [2048] Declaration of Common\Model\HyFrameModel::find() should be compatible with Think\Model::find($options = Array) E:\wamp\www\sis\Application\Common\Model\HyFrameModel.class.php 第 13 行.
NOTIC: [8] Undefined index: model E:\wamp\www\sis\Application\Common\Controller\HyFrameController.class.php 第 42 行.
SQL: SHOW COLUMNS FROM `edu_score` [ RunTime:0.0472s ]
INFO: [ hy_log ] --START--
NOTIC: [8] Undefined variable: sql E:\wamp\www\sis\Application\Common\Behavior\HyLogBehavior.class.php 第 31 行.
INFO: Run Common\Behavior\HyLogBehavior [ RunTime:0.000216s ]
INFO: [ hy_log ] --END-- [ RunTime:0.000464s ]
INFO: [ hy_log ] --START--
NOTIC: [8] Undefined index: style E:\wamp\www\sis\Application\Common\Behavior\HyLogBehavior.class.php 第 23 行.
NOTIC: [8] Undefined index: sql E:\wamp\www\sis\Application\Common\Behavior\HyLogBehavior.class.php 第 25 行.
INFO: Run Common\Behavior\HyLogBehavior [ RunTime:0.000228s ]
INFO: [ hy_log ] --END-- [ RunTime:-0.000224s ]
NOTIC: [8] Undefined index: all E:\wamp\www\sis\Application\Common\Model\HyAllModel.class.php 第 922 行.
NOTIC: [8] Undefined index: tips E:\wamp\www\sis\Application\Common\Model\HyAllModel.class.php 第 452 行.
NOTIC: [2] Missing argument 1 for System\Model\HomkaiServiceModel::getClassOptg(), called in E:\wamp\www\sis\Application\International\Model\InternationalModel.class.php on line 218 and defined E:\wamp\www\sis\Application\System\Model\HomkaiServiceModel.class.php 第 15 行.
SQL: SHOW COLUMNS FROM `edu_class` [ RunTime:0.0057s ]
SQL: SELECT `id`,`name`,`grade` FROM `edu_class` WHERE `status` = 1 ORDER BY grade asc  [ RunTime:0.0005s ]
NOTIC: [8] Undefined index: form E:\wamp\www\sis\Application\Common\Model\HyAllModel.class.php 第 432 行.
NOTIC: [8] Undefined index: search E:\wamp\www\sis\Application\Common\Model\HyAllModel.class.php 第 428 行.
SQL: SHOW COLUMNS FROM `edu_user` [ RunTime:0.0171s ]
SQL: SELECT `id`,`name` FROM `edu_user` WHERE `status` = 1  [ RunTime:0.0005s ]
NOTIC: [8] Undefined index: search E:\wamp\www\sis\Application\Common\Model\HyAllModel.class.php 第 428 行.
NOTIC: [8] Undefined index: form E:\wamp\www\sis\Application\Common\Model\HyAllModel.class.php 第 432 行.
SQL: SHOW COLUMNS FROM `edu_exam_course` [ RunTime:0.0096s ]
SQL: SELECT `id`,`name` FROM `edu_exam_course` WHERE `status` = 1  [ RunTime:0.0005s ]
NOTIC: [8] Undefined index: form E:\wamp\www\sis\Application\Common\Model\HyAllModel.class.php 第 432 行.
NOTIC: [8] Undefined index: search E:\wamp\www\sis\Application\Common\Model\HyAllModel.class.php 第 428 行.
SQL: SELECT `id`,`name` FROM `edu_exam_course` WHERE `status` = 1  [ RunTime:0.0004s ]
NOTIC: [8] Undefined index: search E:\wamp\www\sis\Application\Common\Model\HyAllModel.class.php 第 428 行.
NOTIC: [8] Undefined index: search E:\wamp\www\sis\Application\Common\Model\HyAllModel.class.php 第 428 行.
NOTIC: [8] Undefined index: search E:\wamp\www\sis\Application\Common\Model\HyAllModel.class.php 第 428 行.
INFO: [ before_view ] --START--
SQL: SHOW COLUMNS FROM `edu_frame_alert` [ RunTime:0.0054s ]
SQL: SELECT `id`,`category`,`icon`,`message`,`url`,`type`,`create_time` FROM `edu_frame_alert` where `to_users` LIKE '%,18,%' AND ( IFNULL(`read_users`,'')='' OR `read_users` NOT LIKE '%,18,%') AND `status`=1 ORDER BY `id` DESC [ RunTime:0.0005s ]
INFO: Run Common\Behavior\HyBeforeViewBehavior [ RunTime:0.010453s ]
INFO: [ before_view ] --END-- [ RunTime:0.010686s ]
INFO: [ view_parse ] --START--
INFO: [ template_filter ] --START--
INFO: Run Behavior\ContentReplaceBehavior [ RunTime:0.000692s ]
INFO: [ template_filter ] --END-- [ RunTime:0.001139s ]
NOTIC: [8] Undefined variable: _middle E:\wamp\www\sis\Runtime\Cache\International\9c07dc003a2105c82c74ba68c02f614c.php 第 194 行.
NOTIC: [8] Undefined variable: _bottom E:\wamp\www\sis\Runtime\Cache\International\9c07dc003a2105c82c74ba68c02f614c.php 第 213 行.
NOTIC: [8] Undefined variable: _script E:\wamp\www\sis\Runtime\Cache\International\9c07dc003a2105c82c74ba68c02f614c.php 第 272 行.
NOTIC: [8] Undefined variable: hyMenu E:\wamp\www\sis\Runtime\Cache\International\9c07dc003a2105c82c74ba68c02f614c.php 第 285 行.
INFO: Run Behavior\ParseTemplateBehavior [ RunTime:0.091139s ]
INFO: [ view_parse ] --END-- [ RunTime:0.091384s ]
INFO: [ view_filter ] --START--
INFO: Run Behavior\WriteHtmlCacheBehavior [ RunTime:0.000976s ]
INFO: [ view_filter ] --END-- [ RunTime:0.001213s ]
INFO: [ app_end ] --START--
INFO: Run Behavior\ShowPageTraceBehavior [ RunTime:0.007579s ]
INFO: [ app_end ] --END-- [ RunTime:0.008286s ]

[ 2016-03-23T21:09:42+08:00 ] ::1 /sis/index.php/International/International/ajax?q=list
INFO: [ app_init ] --START--
INFO: Run Behavior\BuildLiteBehavior [ RunTime:0.000051s ]
INFO: [ app_init ] --END-- [ RunTime:0.001001s ]
INFO: [ app_begin ] --START--
INFO: Run Behavior\ReadHtmlCacheBehavior [ RunTime:0.003761s ]
INFO: [ app_begin ] --END-- [ RunTime:0.004015s ]
NOTIC: [8192] mysql_connect(): The mysql extension is deprecated and will be removed in the future: use mysqli or PDO instead E:\wamp\www\sis\HomyitCore\Library\Think\Session\Driver\Db.class.php 第 95 行.
INFO: [ action_begin ] --START--
INFO: Run Common\Behavior\HyLogBehavior [ RunTime:0.001619s ]
INFO: [ action_begin ] --END-- [ RunTime:0.001874s ]
NOTIC: [2048] Declaration of Common\Model\HyFrameModel::find() should be compatible with Think\Model::find($options = Array) E:\wamp\www\sis\Application\Common\Model\HyFrameModel.class.php 第 13 行.
NOTIC: [8] Undefined index: model E:\wamp\www\sis\Application\Common\Controller\HyFrameController.class.php 第 42 行.
SQL: SHOW COLUMNS FROM `edu_score` [ RunTime:0.0059s ]
INFO: [ hy_log ] --START--
NOTIC: [8] Undefined variable: sql E:\wamp\www\sis\Application\Common\Behavior\HyLogBehavior.class.php 第 31 行.
INFO: Run Common\Behavior\HyLogBehavior [ RunTime:0.000138s ]
INFO: [ hy_log ] --END-- [ RunTime:0.000345s ]
INFO: [ hy_log ] --START--
NOTIC: [8] Undefined index: style E:\wamp\www\sis\Application\Common\Behavior\HyLogBehavior.class.php 第 23 行.
NOTIC: [8] Undefined index: sql E:\wamp\www\sis\Application\Common\Behavior\HyLogBehavior.class.php 第 25 行.
INFO: Run Common\Behavior\HyLogBehavior [ RunTime:0.000227s ]
INFO: [ hy_log ] --END-- [ RunTime:-0.000188s ]
NOTIC: [8] Undefined index: limit E:\wamp\www\sis\Application\Common\Model\HyFrameModel.class.php 第 160 行.
NOTIC: [8] Undefined index: order E:\wamp\www\sis\Application\Common\Model\HyFrameModel.class.php 第 162 行.
NOTIC: [8] Undefined index: field E:\wamp\www\sis\Application\Common\Model\HyFrameModel.class.php 第 170 行.
NOTIC: [8] Undefined index: where E:\wamp\www\sis\Application\Common\Model\HyFrameModel.class.php 第 189 行.
NOTIC: [8] Undefined index: decrypt E:\wamp\www\sis\Application\Common\Model\HyFrameModel.class.php 第 241 行.
SQL: SHOW COLUMNS FROM `edu_score` [ RunTime:0.0054s ]
SQL: SELECT 1 FROM `edu_score` `hy` LEFT JOIN `edu_user` AS `user` ON hy.stu_id = user.id LEFT JOIN `edu_student` AS `student` ON user.id = student.user_id LEFT JOIN `edu_class` AS `class` ON student.class_id = class.id LEFT JOIN `edu_exam_course` AS `exam_course` ON hy.course_id = exam_course.id  WHERE hy.status = 1 AND user.country <> '中国'  [ RunTime:0.0229s ]
INFO: [ hy_log ] --START--
NOTIC: [8] Undefined index: style E:\wamp\www\sis\Application\Common\Behavior\HyLogBehavior.class.php 第 23 行.
NOTIC: [8] Undefined index: sql E:\wamp\www\sis\Application\Common\Behavior\HyLogBehavior.class.php 第 25 行.
INFO: Run Common\Behavior\HyLogBehavior [ RunTime:0.000194s ]
INFO: [ hy_log ] --END-- [ RunTime:-0.031736s ]
NOTIC: [8] Undefined index: hy E:\wamp\www\sis\Application\Common\Model\HyFrameModel.class.php 第 140 行.
NOTIC: [8] Undefined index: associate E:\wamp\www\sis\Application\Common\Model\HyFrameModel.class.php 第 141 行.
SQL: SHOW COLUMNS FROM `edu_score` [ RunTime:0.0073s ]
SQL: SELECT hy.id,hy.course_id,hy.stu_id,hy.score,hy.year,hy.term,hy.status,user.name AS `student_name`,user.id AS `user_id`,user.user_no,student.class_id,class.name AS `class_name`,exam_course.name AS `course_name` FROM `edu_score` `hy` LEFT JOIN `edu_user` AS `user` ON hy.stu_id = user.id LEFT JOIN `edu_student` AS `student` ON user.id = student.user_id LEFT JOIN `edu_class` AS `class` ON student.class_id = class.id LEFT JOIN `edu_exam_course` AS `exam_course` ON hy.course_id = exam_course.id  WHERE hy.status = 1 AND user.country <> '中国' ORDER BY hy.id desc LIMIT 10   [ RunTime:0.0009s ]
NOTIC: [8] Undefined index: hidden E:\wamp\www\sis\Application\Common\Model\HyAllModel.class.php 第 595 行.
NOTIC: [8] Undefined index: hidden E:\wamp\www\sis\Application\Common\Model\HyAllModel.class.php 第 595 行.
NOTIC: [8] Undefined index: hidden E:\wamp\www\sis\Application\Common\Model\HyAllModel.class.php 第 595 行.
NOTIC: [8] Undefined index: hidden E:\wamp\www\sis\Application\Common\Model\HyAllModel.class.php 第 595 行.
NOTIC: [8] Undefined index: hidden E:\wamp\www\sis\Application\Common\Model\HyAllModel.class.php 第 595 行.
NOTIC: [8] Undefined index: hidden E:\wamp\www\sis\Application\Common\Model\HyAllModel.class.php 第 595 行.
NOTIC: [8] Undefined index: hidden E:\wamp\www\sis\Application\Common\Model\HyAllModel.class.php 第 595 行.
NOTIC: [8] Undefined index: hidden E:\wamp\www\sis\Application\Common\Model\HyAllModel.class.php 第 595 行.
NOTIC: [8] Undefined index: {callback} E:\wamp\www\sis\Application\Common\Model\HyAllModel.class.php 第 806 行.
NOTIC: [8] Undefined index: callback E:\wamp\www\sis\Application\Common\Model\HyAllModel.class.php 第 605 行.
NOTIC: [8] Undefined index: callback E:\wamp\www\sis\Application\Common\Model\HyAllModel.class.php 第 605 行.
NOTIC: [8] Undefined index: callback E:\wamp\www\sis\Application\Common\Model\HyAllModel.class.php 第 605 行.
NOTIC: [8] Undefined index: callback E:\wamp\www\sis\Application\Common\Model\HyAllModel.class.php 第 605 行.
NOTIC: [8] Undefined index: callback E:\wamp\www\sis\Application\Common\Model\HyAllModel.class.php 第 605 行.
NOTIC: [8] Undefined index: callback E:\wamp\www\sis\Application\Common\Model\HyAllModel.class.php 第 605 行.
NOTIC: [8] Undefined index: callback E:\wamp\www\sis\Application\Common\Model\HyAllModel.class.php 第 605 行.
NOTIC: [8] Undefined index: {callback} E:\wamp\www\sis\Application\Common\Model\HyAllModel.class.php 第 806 行.
NOTIC: [8] Undefined index: {callback} E:\wamp\www\sis\Application\Common\Model\HyAllModel.class.php 第 806 行.
NOTIC: [8] Undefined index: info E:\wamp\www\sis\Application\Common\Model\HyAllModel.class.php 第 470 行.
INFO: [ hy_log ] --START--
INFO: Run Common\Behavior\HyLogBehavior [ RunTime:0.000061s ]
INFO: [ hy_log ] --END-- [ RunTime:-0.046211s ]

[ 2016-03-23T21:09:42+08:00 ] ::1 /sis/index.php/International/International/favicon.ico
INFO: [ app_init ] --START--
INFO: Run Behavior\BuildLiteBehavior [ RunTime:0.000053s ]
INFO: [ app_init ] --END-- [ RunTime:0.000953s ]

[ 2016-03-23T21:09:44+08:00 ] ::1 /sis/index.php/International/InternationalPrint/all.html
INFO: [ app_init ] --START--
INFO: Run Behavior\BuildLiteBehavior [ RunTime:0.000053s ]
INFO: [ app_init ] --END-- [ RunTime:0.000920s ]
INFO: [ app_begin ] --START--
INFO: Run Behavior\ReadHtmlCacheBehavior [ RunTime:0.001753s ]
INFO: [ app_begin ] --END-- [ RunTime:0.002101s ]
NOTIC: [8192] mysql_connect(): The mysql extension is deprecated and will be removed in the future: use mysqli or PDO instead E:\wamp\www\sis\HomyitCore\Library\Think\Session\Driver\Db.class.php 第 95 行.
INFO: [ action_begin ] --START--
INFO: Run Common\Behavior\HyLogBehavior [ RunTime:0.001487s ]
INFO: [ action_begin ] --END-- [ RunTime:0.001760s ]
NOTIC: [2048] Declaration of Common\Model\HyFrameModel::find() should be compatible with Think\Model::find($options = Array) E:\wamp\www\sis\Application\Common\Model\HyFrameModel.class.php 第 13 行.
NOTIC: [8] Undefined index: model E:\wamp\www\sis\Application\Common\Controller\HyFrameController.class.php 第 42 行.
SQL: SHOW COLUMNS FROM `edu_student` [ RunTime:0.0060s ]
INFO: [ hy_log ] --START--
NOTIC: [8] Undefined variable: sql E:\wamp\www\sis\Application\Common\Behavior\HyLogBehavior.class.php 第 31 行.
INFO: Run Common\Behavior\HyLogBehavior [ RunTime:0.000160s ]
INFO: [ hy_log ] --END-- [ RunTime:0.000406s ]
INFO: [ hy_log ] --START--
NOTIC: [8] Undefined index: style E:\wamp\www\sis\Application\Common\Behavior\HyLogBehavior.class.php 第 23 行.
NOTIC: [8] Undefined index: sql E:\wamp\www\sis\Application\Common\Behavior\HyLogBehavior.class.php 第 25 行.
INFO: Run Common\Behavior\HyLogBehavior [ RunTime:0.000238s ]
INFO: [ hy_log ] --END-- [ RunTime:-0.000271s ]
NOTIC: [8] Undefined index: all E:\wamp\www\sis\Application\Common\Model\HyAllModel.class.php 第 922 行.
NOTIC: [8] Undefined index: tips E:\wamp\www\sis\Application\Common\Model\HyAllModel.class.php 第 452 行.
NOTIC: [8] Undefined index: search E:\wamp\www\sis\Application\Common\Model\HyAllModel.class.php 第 428 行.
NOTIC: [8] Undefined index: form E:\wamp\www\sis\Application\Common\Model\HyAllModel.class.php 第 432 行.
NOTIC: [8] Undefined index: search E:\wamp\www\sis\Application\Common\Model\HyAllModel.class.php 第 428 行.
NOTIC: [8] Undefined index: form E:\wamp\www\sis\Application\Common\Model\HyAllModel.class.php 第 432 行.
NOTIC: [8] Undefined index: search E:\wamp\www\sis\Application\Common\Model\HyAllModel.class.php 第 428 行.
NOTIC: [8] Undefined index: form E:\wamp\www\sis\Application\Common\Model\HyAllModel.class.php 第 432 行.
NOTIC: [8] Undefined index: initJS E:\wamp\www\sis\Application\Common\Model\HyAllModel.class.php 第 356 行.
INFO: [ before_view ] --START--
SQL: SHOW COLUMNS FROM `edu_frame_alert` [ RunTime:0.0053s ]
SQL: SELECT `id`,`category`,`icon`,`message`,`url`,`type`,`create_time` FROM `edu_frame_alert` where `to_users` LIKE '%,18,%' AND ( IFNULL(`read_users`,'')='' OR `read_users` NOT LIKE '%,18,%') AND `status`=1 ORDER BY `id` DESC [ RunTime:0.0011s ]
INFO: Run Common\Behavior\HyBeforeViewBehavior [ RunTime:0.011495s ]
INFO: [ before_view ] --END-- [ RunTime:0.011724s ]
INFO: [ view_parse ] --START--
INFO: [ template_filter ] --START--
INFO: Run Behavior\ContentReplaceBehavior [ RunTime:0.000466s ]
INFO: [ template_filter ] --END-- [ RunTime:0.000721s ]
NOTIC: [8] Undefined variable: _middle E:\wamp\www\sis\Runtime\Cache\International\9c07dc003a2105c82c74ba68c02f614c.php 第 194 行.
NOTIC: [8] Undefined variable: _bottom E:\wamp\www\sis\Runtime\Cache\International\9c07dc003a2105c82c74ba68c02f614c.php 第 213 行.
NOTIC: [8] Undefined variable: _script E:\wamp\www\sis\Runtime\Cache\International\9c07dc003a2105c82c74ba68c02f614c.php 第 272 行.
NOTIC: [8] Undefined variable: hyMenu E:\wamp\www\sis\Runtime\Cache\International\9c07dc003a2105c82c74ba68c02f614c.php 第 285 行.
INFO: Run Behavior\ParseTemplateBehavior [ RunTime:0.055057s ]
INFO: [ view_parse ] --END-- [ RunTime:0.055301s ]
INFO: [ view_filter ] --START--
INFO: Run Behavior\WriteHtmlCacheBehavior [ RunTime:0.001247s ]
INFO: [ view_filter ] --END-- [ RunTime:0.001532s ]
INFO: [ app_end ] --START--
INFO: Run Behavior\ShowPageTraceBehavior [ RunTime:0.007728s ]
INFO: [ app_end ] --END-- [ RunTime:0.008862s ]

[ 2016-03-23T21:09:45+08:00 ] ::1 /sis/index.php/International/InternationalPrint/ajax?q=list
INFO: [ app_init ] --START--
INFO: Run Behavior\BuildLiteBehavior [ RunTime:0.000051s ]
INFO: [ app_init ] --END-- [ RunTime:0.000912s ]
INFO: [ app_begin ] --START--
INFO: Run Behavior\ReadHtmlCacheBehavior [ RunTime:0.001242s ]
INFO: [ app_begin ] --END-- [ RunTime:0.001465s ]
NOTIC: [8192] mysql_connect(): The mysql extension is deprecated and will be removed in the future: use mysqli or PDO instead E:\wamp\www\sis\HomyitCore\Library\Think\Session\Driver\Db.class.php 第 95 行.
INFO: [ action_begin ] --START--
INFO: Run Common\Behavior\HyLogBehavior [ RunTime:0.002017s ]
INFO: [ action_begin ] --END-- [ RunTime:0.002424s ]
NOTIC: [2048] Declaration of Common\Model\HyFrameModel::find() should be compatible with Think\Model::find($options = Array) E:\wamp\www\sis\Application\Common\Model\HyFrameModel.class.php 第 13 行.
NOTIC: [8] Undefined index: model E:\wamp\www\sis\Application\Common\Controller\HyFrameController.class.php 第 42 行.
SQL: SHOW COLUMNS FROM `edu_student` [ RunTime:0.0042s ]
INFO: [ hy_log ] --START--
NOTIC: [8] Undefined variable: sql E:\wamp\www\sis\Application\Common\Behavior\HyLogBehavior.class.php 第 31 行.
INFO: Run Common\Behavior\HyLogBehavior [ RunTime:0.000189s ]
INFO: [ hy_log ] --END-- [ RunTime:0.000433s ]
INFO: [ hy_log ] --START--
NOTIC: [8] Undefined index: style E:\wamp\www\sis\Application\Common\Behavior\HyLogBehavior.class.php 第 23 行.
NOTIC: [8] Undefined index: sql E:\wamp\www\sis\Application\Common\Behavior\HyLogBehavior.class.php 第 25 行.
INFO: Run Common\Behavior\HyLogBehavior [ RunTime:0.000195s ]
INFO: [ hy_log ] --END-- [ RunTime:-0.000211s ]
NOTIC: [8] Undefined index: limit E:\wamp\www\sis\Application\Common\Model\HyFrameModel.class.php 第 160 行.
NOTIC: [8] Undefined index: order E:\wamp\www\sis\Application\Common\Model\HyFrameModel.class.php 第 162 行.
NOTIC: [8] Undefined index: field E:\wamp\www\sis\Application\Common\Model\HyFrameModel.class.php 第 170 行.
NOTIC: [8] Undefined index: where E:\wamp\www\sis\Application\Common\Model\HyFrameModel.class.php 第 189 行.
NOTIC: [8] Undefined index: decrypt E:\wamp\www\sis\Application\Common\Model\HyFrameModel.class.php 第 241 行.
SQL: SHOW COLUMNS FROM `edu_student` [ RunTime:0.0049s ]
SQL: SELECT 1 FROM `edu_student` `hy` LEFT JOIN `edu_user` AS `user` ON hy.user_id = user.id LEFT JOIN `edu_class` AS `class` ON hy.class_id = class.id  WHERE user.country <> '中国'  [ RunTime:0.0010s ]
INFO: [ hy_log ] --START--
NOTIC: [8] Undefined index: style E:\wamp\www\sis\Application\Common\Behavior\HyLogBehavior.class.php 第 23 行.
NOTIC: [8] Undefined index: sql E:\wamp\www\sis\Application\Common\Behavior\HyLogBehavior.class.php 第 25 行.
INFO: Run Common\Behavior\HyLogBehavior [ RunTime:0.000195s ]
INFO: [ hy_log ] --END-- [ RunTime:-0.009194s ]
NOTIC: [8] Undefined index: hy E:\wamp\www\sis\Application\Common\Model\HyFrameModel.class.php 第 140 行.
NOTIC: [8] Undefined index: associate E:\wamp\www\sis\Application\Common\Model\HyFrameModel.class.php 第 141 行.
SQL: SHOW COLUMNS FROM `edu_student` [ RunTime:0.0140s ]
SQL: SELECT hy.user_id,hy.class_id,hy.status,user.name AS `user_name`,class.name AS `class_name` FROM `edu_student` `hy` LEFT JOIN `edu_user` AS `user` ON hy.user_id = user.id LEFT JOIN `edu_class` AS `class` ON hy.class_id = class.id  WHERE user.country <> '中国' ORDER BY hy.user_id LIMIT 10   [ RunTime:0.0014s ]
NOTIC: [8] Undefined index: hidden E:\wamp\www\sis\Application\Common\Model\HyAllModel.class.php 第 595 行.
NOTIC: [8] Undefined index: hidden E:\wamp\www\sis\Application\Common\Model\HyAllModel.class.php 第 595 行.
NOTIC: [8] Undefined index: hidden E:\wamp\www\sis\Application\Common\Model\HyAllModel.class.php 第 595 行.
NOTIC: [8] Undefined index: {callback} E:\wamp\www\sis\Application\Common\Model\HyAllModel.class.php 第 806 行.
NOTIC: [8] Undefined index: {callback} E:\wamp\www\sis\Application\Common\Model\HyAllModel.class.php 第 806 行.
NOTIC: [8] Undefined index: {callback} E:\wamp\www\sis\Application\Common\Model\HyAllModel.class.php 第 806 行.
NOTIC: [8] Undefined index: {callback} E:\wamp\www\sis\Application\Common\Model\HyAllModel.class.php 第 806 行.
NOTIC: [8] Undefined index: {callback} E:\wamp\www\sis\Application\Common\Model\HyAllModel.class.php 第 806 行.
NOTIC: [8] Undefined index: {callback} E:\wamp\www\sis\Application\Common\Model\HyAllModel.class.php 第 806 行.
NOTIC: [8] Undefined index: {callback} E:\wamp\www\sis\Application\Common\Model\HyAllModel.class.php 第 806 行.
NOTIC: [8] Undefined index: {callback} E:\wamp\www\sis\Application\Common\Model\HyAllModel.class.php 第 806 行.
NOTIC: [8] Undefined index: {callback} E:\wamp\www\sis\Application\Common\Model\HyAllModel.class.php 第 806 行.
NOTIC: [8] Undefined index: info E:\wamp\www\sis\Application\Common\Model\HyAllModel.class.php 第 470 行.
INFO: [ hy_log ] --START--
INFO: Run Common\Behavior\HyLogBehavior [ RunTime:0.000149s ]
INFO: [ hy_log ] --END-- [ RunTime:-0.034158s ]

[ 2016-03-23T21:09:45+08:00 ] ::1 /sis/index.php/International/InternationalPrint/favicon.ico
INFO: [ app_init ] --START--
INFO: Run Behavior\BuildLiteBehavior [ RunTime:0.000057s ]
INFO: [ app_init ] --END-- [ RunTime:0.001002s ]

[ 2016-03-23T21:09:47+08:00 ] ::1 /sis/index.php/International/InternationalPrint/ajax?q=detail
INFO: [ app_init ] --START--
INFO: Run Behavior\BuildLiteBehavior [ RunTime:0.000051s ]
INFO: [ app_init ] --END-- [ RunTime:0.000843s ]
INFO: [ app_begin ] --START--
INFO: Run Behavior\ReadHtmlCacheBehavior [ RunTime:0.001174s ]
INFO: [ app_begin ] --END-- [ RunTime:0.001389s ]
NOTIC: [8192] mysql_connect(): The mysql extension is deprecated and will be removed in the future: use mysqli or PDO instead E:\wamp\www\sis\HomyitCore\Library\Think\Session\Driver\Db.class.php 第 95 行.
INFO: [ action_begin ] --START--
INFO: Run Common\Behavior\HyLogBehavior [ RunTime:0.001846s ]
INFO: [ action_begin ] --END-- [ RunTime:0.002100s ]
NOTIC: [2048] Declaration of Common\Model\HyFrameModel::find() should be compatible with Think\Model::find($options = Array) E:\wamp\www\sis\Application\Common\Model\HyFrameModel.class.php 第 13 行.
NOTIC: [8] Undefined index: model E:\wamp\www\sis\Application\Common\Controller\HyFrameController.class.php 第 42 行.
SQL: SHOW COLUMNS FROM `edu_student` [ RunTime:0.0051s ]
INFO: [ hy_log ] --START--
NOTIC: [8] Undefined variable: sql E:\wamp\www\sis\Application\Common\Behavior\HyLogBehavior.class.php 第 31 行.
INFO: Run Common\Behavior\HyLogBehavior [ RunTime:0.000136s ]
INFO: [ hy_log ] --END-- [ RunTime:0.000330s ]
INFO: [ hy_log ] --START--
NOTIC: [8] Undefined index: style E:\wamp\www\sis\Application\Common\Behavior\HyLogBehavior.class.php 第 23 行.
NOTIC: [8] Undefined index: sql E:\wamp\www\sis\Application\Common\Behavior\HyLogBehavior.class.php 第 25 行.
INFO: Run Common\Behavior\HyLogBehavior [ RunTime:0.000242s ]
INFO: [ hy_log ] --END-- [ RunTime:-0.000188s ]
INFO: [ hy_log ] --START--
NOTIC: [8] Undefined index: style E:\wamp\www\sis\Application\Common\Behavior\HyLogBehavior.class.php 第 23 行.
NOTIC: [8] Undefined index: sql E:\wamp\www\sis\Application\Common\Behavior\HyLogBehavior.class.php 第 25 行.
INFO: Run Common\Behavior\HyLogBehavior [ RunTime:0.000185s ]
INFO: [ hy_log ] --END-- [ RunTime:-0.000820s ]
SQL: SHOW COLUMNS FROM `edu_score` [ RunTime:0.0050s ]
SQL: SELECT s.course_id,`stu_id`,`score`,`year`,`term`,`country`,u.name AS user_name,u.english_name,u.birth,u.admission_time,u.user_no,e.name AS course_name,`credit` FROM edu_score s INNER JOIN edu_user as u ON u.id=s.stu_id INNER JOIN edu_exam_course as e ON e.id=s.course_id  WHERE s.status = 1 AND `stu_id` = '15'  [ RunTime:0.0006s ]
SQL: SHOW COLUMNS FROM `edu_student` [ RunTime:0.0058s ]
SQL: SELECT name as class_name,`grade` FROM edu_student st INNER JOIN edu_class as c ON c.id=st.class_id  WHERE st.status = 1 AND `user_id` = '15' LIMIT 1   [ RunTime:0.0007s ]
NOTIC: [8] Undefined variable: tpl E:\wamp\www\sis\Application\Common\Controller\HyAllController.class.php 第 91 行.
INFO: [ before_view ] --START--
SQL: SHOW COLUMNS FROM `edu_frame_alert` [ RunTime:0.0049s ]
SQL: SELECT `id`,`category`,`icon`,`message`,`url`,`type`,`create_time` FROM `edu_frame_alert` where `to_users` LIKE '%,18,%' AND ( IFNULL(`read_users`,'')='' OR `read_users` NOT LIKE '%,18,%') AND `status`=1 ORDER BY `id` DESC [ RunTime:0.0005s ]
INFO: Run Common\Behavior\HyBeforeViewBehavior [ RunTime:0.009556s ]
INFO: [ before_view ] --END-- [ RunTime:0.009737s ]
INFO: [ view_parse ] --START--
INFO: [ template_filter ] --START--
INFO: Run Behavior\ContentReplaceBehavior [ RunTime:0.000277s ]
INFO: [ template_filter ] --END-- [ RunTime:0.000486s ]
INFO: Run Behavior\ParseTemplateBehavior [ RunTime:0.053660s ]
INFO: [ view_parse ] --END-- [ RunTime:0.053864s ]
INFO: [ view_filter ] --START--
INFO: Run Behavior\WriteHtmlCacheBehavior [ RunTime:0.000972s ]
INFO: [ view_filter ] --END-- [ RunTime:0.001167s ]
INFO: [ app_end ] --START--
INFO: Run Behavior\ShowPageTraceBehavior [ RunTime:0.001643s ]
INFO: [ app_end ] --END-- [ RunTime:0.001856s ]

[ 2016-03-23T21:11:17+08:00 ] ::1 /sis/index.php/International/InternationalPrint/all.html
INFO: [ app_init ] --START--
INFO: Run Behavior\BuildLiteBehavior [ RunTime:0.000071s ]
INFO: [ app_init ] --END-- [ RunTime:0.001024s ]
INFO: [ app_begin ] --START--
INFO: Run Behavior\ReadHtmlCacheBehavior [ RunTime:0.001476s ]
INFO: [ app_begin ] --END-- [ RunTime:0.001764s ]
NOTIC: [8192] mysql_connect(): The mysql extension is deprecated and will be removed in the future: use mysqli or PDO instead E:\wamp\www\sis\HomyitCore\Library\Think\Session\Driver\Db.class.php 第 95 行.
INFO: [ action_begin ] --START--
INFO: Run Common\Behavior\HyLogBehavior [ RunTime:0.002284s ]
INFO: [ action_begin ] --END-- [ RunTime:0.002589s ]
NOTIC: [2048] Declaration of Common\Model\HyFrameModel::find() should be compatible with Think\Model::find($options = Array) E:\wamp\www\sis\Application\Common\Model\HyFrameModel.class.php 第 13 行.
NOTIC: [8] Undefined index: model E:\wamp\www\sis\Application\Common\Controller\HyFrameController.class.php 第 42 行.
SQL: SHOW COLUMNS FROM `edu_student` [ RunTime:0.0050s ]
INFO: [ hy_log ] --START--
NOTIC: [8] Undefined variable: sql E:\wamp\www\sis\Application\Common\Behavior\HyLogBehavior.class.php 第 31 行.
INFO: Run Common\Behavior\HyLogBehavior [ RunTime:0.000161s ]
INFO: [ hy_log ] --END-- [ RunTime:0.000395s ]
INFO: [ hy_log ] --START--
NOTIC: [8] Undefined index: style E:\wamp\www\sis\Application\Common\Behavior\HyLogBehavior.class.php 第 23 行.
NOTIC: [8] Undefined index: sql E:\wamp\www\sis\Application\Common\Behavior\HyLogBehavior.class.php 第 25 行.
INFO: Run Common\Behavior\HyLogBehavior [ RunTime:0.000230s ]
INFO: [ hy_log ] --END-- [ RunTime:-0.000240s ]
NOTIC: [8] Undefined index: all E:\wamp\www\sis\Application\Common\Model\HyAllModel.class.php 第 922 行.
NOTIC: [8] Undefined index: tips E:\wamp\www\sis\Application\Common\Model\HyAllModel.class.php 第 452 行.
NOTIC: [8] Undefined index: search E:\wamp\www\sis\Application\Common\Model\HyAllModel.class.php 第 428 行.
NOTIC: [8] Undefined index: form E:\wamp\www\sis\Application\Common\Model\HyAllModel.class.php 第 432 行.
NOTIC: [8] Undefined index: search E:\wamp\www\sis\Application\Common\Model\HyAllModel.class.php 第 428 行.
NOTIC: [8] Undefined index: form E:\wamp\www\sis\Application\Common\Model\HyAllModel.class.php 第 432 行.
NOTIC: [8] Undefined index: search E:\wamp\www\sis\Application\Common\Model\HyAllModel.class.php 第 428 行.
NOTIC: [8] Undefined index: form E:\wamp\www\sis\Application\Common\Model\HyAllModel.class.php 第 432 行.
NOTIC: [8] Undefined index: initJS E:\wamp\www\sis\Application\Common\Model\HyAllModel.class.php 第 356 行.
INFO: [ before_view ] --START--
SQL: SHOW COLUMNS FROM `edu_frame_alert` [ RunTime:0.0050s ]
SQL: SELECT `id`,`category`,`icon`,`message`,`url`,`type`,`create_time` FROM `edu_frame_alert` where `to_users` LIKE '%,18,%' AND ( IFNULL(`read_users`,'')='' OR `read_users` NOT LIKE '%,18,%') AND `status`=1 ORDER BY `id` DESC [ RunTime:0.0006s ]
INFO: Run Common\Behavior\HyBeforeViewBehavior [ RunTime:0.010545s ]
INFO: [ before_view ] --END-- [ RunTime:0.010774s ]
INFO: [ view_parse ] --START--
INFO: [ template_filter ] --START--
INFO: Run Behavior\ContentReplaceBehavior [ RunTime:0.000582s ]
INFO: [ template_filter ] --END-- [ RunTime:0.000932s ]
NOTIC: [8] Undefined variable: _middle E:\wamp\www\sis\Runtime\Cache\International\9c07dc003a2105c82c74ba68c02f614c.php 第 194 行.
NOTIC: [8] Undefined variable: _bottom E:\wamp\www\sis\Runtime\Cache\International\9c07dc003a2105c82c74ba68c02f614c.php 第 213 行.
NOTIC: [8] Undefined variable: _script E:\wamp\www\sis\Runtime\Cache\International\9c07dc003a2105c82c74ba68c02f614c.php 第 272 行.
NOTIC: [8] Undefined variable: hyMenu E:\wamp\www\sis\Runtime\Cache\International\9c07dc003a2105c82c74ba68c02f614c.php 第 285 行.
INFO: Run Behavior\ParseTemplateBehavior [ RunTime:0.056530s ]
INFO: [ view_parse ] --END-- [ RunTime:0.056797s ]
INFO: [ view_filter ] --START--
INFO: Run Behavior\WriteHtmlCacheBehavior [ RunTime:0.001737s ]
INFO: [ view_filter ] --END-- [ RunTime:0.001975s ]
INFO: [ app_end ] --START--
INFO: Run Behavior\ShowPageTraceBehavior [ RunTime:0.005898s ]
INFO: [ app_end ] --END-- [ RunTime:0.006679s ]

[ 2016-03-23T21:11:18+08:00 ] ::1 /sis/index.php/International/InternationalPrint/ajax?q=list
INFO: [ app_init ] --START--
INFO: Run Behavior\BuildLiteBehavior [ RunTime:0.000052s ]
INFO: [ app_init ] --END-- [ RunTime:0.000962s ]
INFO: [ app_begin ] --START--
INFO: Run Behavior\ReadHtmlCacheBehavior [ RunTime:0.001081s ]
INFO: [ app_begin ] --END-- [ RunTime:0.001310s ]
NOTIC: [8192] mysql_connect(): The mysql extension is deprecated and will be removed in the future: use mysqli or PDO instead E:\wamp\www\sis\HomyitCore\Library\Think\Session\Driver\Db.class.php 第 95 行.
INFO: [ action_begin ] --START--
INFO: Run Common\Behavior\HyLogBehavior [ RunTime:0.001595s ]
INFO: [ action_begin ] --END-- [ RunTime:0.001878s ]
NOTIC: [2048] Declaration of Common\Model\HyFrameModel::find() should be compatible with Think\Model::find($options = Array) E:\wamp\www\sis\Application\Common\Model\HyFrameModel.class.php 第 13 行.
NOTIC: [8] Undefined index: model E:\wamp\www\sis\Application\Common\Controller\HyFrameController.class.php 第 42 行.
SQL: SHOW COLUMNS FROM `edu_student` [ RunTime:0.0048s ]
INFO: [ hy_log ] --START--
NOTIC: [8] Undefined variable: sql E:\wamp\www\sis\Application\Common\Behavior\HyLogBehavior.class.php 第 31 行.
INFO: Run Common\Behavior\HyLogBehavior [ RunTime:0.000133s ]
INFO: [ hy_log ] --END-- [ RunTime:0.000319s ]
INFO: [ hy_log ] --START--
NOTIC: [8] Undefined index: style E:\wamp\www\sis\Application\Common\Behavior\HyLogBehavior.class.php 第 23 行.
NOTIC: [8] Undefined index: sql E:\wamp\www\sis\Application\Common\Behavior\HyLogBehavior.class.php 第 25 行.
INFO: Run Common\Behavior\HyLogBehavior [ RunTime:0.000183s ]
INFO: [ hy_log ] --END-- [ RunTime:-0.000198s ]
NOTIC: [8] Undefined index: limit E:\wamp\www\sis\Application\Common\Model\HyFrameModel.class.php 第 160 行.
NOTIC: [8] Undefined index: order E:\wamp\www\sis\Application\Common\Model\HyFrameModel.class.php 第 162 行.
NOTIC: [8] Undefined index: field E:\wamp\www\sis\Application\Common\Model\HyFrameModel.class.php 第 170 行.
NOTIC: [8] Undefined index: where E:\wamp\www\sis\Application\Common\Model\HyFrameModel.class.php 第 189 行.
NOTIC: [8] Undefined index: decrypt E:\wamp\www\sis\Application\Common\Model\HyFrameModel.class.php 第 241 行.
SQL: SHOW COLUMNS FROM `edu_student` [ RunTime:0.0040s ]
SQL: SELECT 1 FROM `edu_student` `hy` LEFT JOIN `edu_user` AS `user` ON hy.user_id = user.id LEFT JOIN `edu_class` AS `class` ON hy.class_id = class.id  WHERE user.country <> '中国'  [ RunTime:0.0010s ]
INFO: [ hy_log ] --START--
NOTIC: [8] Undefined index: style E:\wamp\www\sis\Application\Common\Behavior\HyLogBehavior.class.php 第 23 行.
NOTIC: [8] Undefined index: sql E:\wamp\www\sis\Application\Common\Behavior\HyLogBehavior.class.php 第 25 行.
INFO: Run Common\Behavior\HyLogBehavior [ RunTime:0.000194s ]
INFO: [ hy_log ] --END-- [ RunTime:-0.008067s ]
NOTIC: [8] Undefined index: hy E:\wamp\www\sis\Application\Common\Model\HyFrameModel.class.php 第 140 行.
NOTIC: [8] Undefined index: associate E:\wamp\www\sis\Application\Common\Model\HyFrameModel.class.php 第 141 行.
SQL: SHOW COLUMNS FROM `edu_student` [ RunTime:0.0040s ]
SQL: SELECT hy.user_id,hy.class_id,hy.status,user.name AS `user_name`,class.name AS `class_name` FROM `edu_student` `hy` LEFT JOIN `edu_user` AS `user` ON hy.user_id = user.id LEFT JOIN `edu_class` AS `class` ON hy.class_id = class.id  WHERE user.country <> '中国' ORDER BY hy.user_id LIMIT 10   [ RunTime:0.0193s ]
NOTIC: [8] Undefined index: hidden E:\wamp\www\sis\Application\Common\Model\HyAllModel.class.php 第 595 行.
NOTIC: [8] Undefined index: hidden E:\wamp\www\sis\Application\Common\Model\HyAllModel.class.php 第 595 行.
NOTIC: [8] Undefined index: hidden E:\wamp\www\sis\Application\Common\Model\HyAllModel.class.php 第 595 行.
NOTIC: [8] Undefined index: {callback} E:\wamp\www\sis\Application\Common\Model\HyAllModel.class.php 第 806 行.
NOTIC: [8] Undefined index: {callback} E:\wamp\www\sis\Application\Common\Model\HyAllModel.class.php 第 806 行.
NOTIC: [8] Undefined index: {callback} E:\wamp\www\sis\Application\Common\Model\HyAllModel.class.php 第 806 行.
NOTIC: [8] Undefined index: {callback} E:\wamp\www\sis\Application\Common\Model\HyAllModel.class.php 第 806 行.
NOTIC: [8] Undefined index: {callback} E:\wamp\www\sis\Application\Common\Model\HyAllModel.class.php 第 806 行.
NOTIC: [8] Undefined index: {callback} E:\wamp\www\sis\Application\Common\Model\HyAllModel.class.php 第 806 行.
NOTIC: [8] Undefined index: {callback} E:\wamp\www\sis\Application\Common\Model\HyAllModel.class.php 第 806 行.
NOTIC: [8] Undefined index: {callback} E:\wamp\www\sis\Application\Common\Model\HyAllModel.class.php 第 806 行.
NOTIC: [8] Undefined index: {callback} E:\wamp\www\sis\Application\Common\Model\HyAllModel.class.php 第 806 行.
NOTIC: [8] Undefined index: info E:\wamp\www\sis\Application\Common\Model\HyAllModel.class.php 第 470 行.
INFO: [ hy_log ] --START--
INFO: Run Common\Behavior\HyLogBehavior [ RunTime:0.000056s ]
INFO: [ hy_log ] --END-- [ RunTime:-0.038675s ]

