[ 2015-12-09T17:59:50+08:00 ] ::1 /sis/
INFO: [ app_init ] --START--
INFO: Run Behavior\BuildLiteBehavior [ RunTime:0.000067s ]
INFO: [ app_init ] --END-- [ RunTime:0.017034s ]
INFO: [ app_begin ] --START--
INFO: Run Behavior\ReadHtmlCacheBehavior [ RunTime:0.002498s ]
INFO: [ app_begin ] --END-- [ RunTime:0.002871s ]
NOTIC: [8192] mysql_connect(): The mysql extension is deprecated and will be removed in the future: use mysqli or PDO instead G:\wamp\www\sis\HomyitCore\Library\Think\Session\Driver\Db.class.php 第 95 行.
INFO: [ action_begin ] --START--
INFO: Run Common\Behavior\HyLogBehavior [ RunTime:0.023583s ]
INFO: [ action_begin ] --END-- [ RunTime:0.023958s ]
SQL: SHOW COLUMNS FROM `edu_friend_link` [ RunTime:0.3453s ]
SQL: SELECT * FROM `edu_friend_link` WHERE `status` = 1 AND `type` = 0 ORDER BY rank desc LIMIT 4   [ RunTime:0.0727s ]
SQL: SHOW COLUMNS FROM `edu_announce` [ RunTime:0.1025s ]
SQL: SELECT * FROM `edu_announce` WHERE `status` = 1 ORDER BY create_time desc LIMIT 5   [ RunTime:0.0010s ]
SQL: SHOW COLUMNS FROM `edu_category` [ RunTime:0.0971s ]
SQL: SELECT `pid`,`id`,`name`,`language_id` FROM `edu_category` WHERE `status` = 1 AND `nav_show` = 0 AND `switch` = 1 AND `language_id` = 2 ORDER BY rank desc  [ RunTime:0.0015s ]
SQL: SHOW COLUMNS FROM `edu_language` [ RunTime:0.0802s ]
SQL: SELECT * FROM `edu_language` WHERE `status` = 1  [ RunTime:0.0208s ]
SQL: SHOW COLUMNS FROM `edu_friend_link` [ RunTime:0.0131s ]
SQL: SELECT `savepath`,`savename`,fl.url,fl.name FROM edu_friend_link fl INNER JOIN edu_frame_file as f ON fl.img=f.id  WHERE fl.status = 1 AND fl.type = 1 ORDER BY fl.create_time desc LIMIT 1   [ RunTime:0.2229s ]
SQL: SHOW COLUMNS FROM `edu_banner` [ RunTime:0.0929s ]
SQL: SELECT b.id,b.index_show,f.savepath,f.savename FROM edu_banner b INNER JOIN edu_frame_file AS f ON b.img_title = f.id  WHERE `status` = 1 AND `index_show` <> 0 ORDER BY b.create_time desc LIMIT 5   [ RunTime:0.0705s ]
SQL: SELECT * FROM `edu_category` WHERE `status` = 1 AND `switch` = 1 AND `nav_show` = 1 AND `language_id` = 2 ORDER BY rank desc LIMIT 5   [ RunTime:0.0352s ]
SQL: SHOW COLUMNS FROM `edu_details` [ RunTime:0.1028s ]
SQL: SELECT d.id,d.content FROM edu_details d INNER JOIN edu_category AS c ON d.category_id = c.id  WHERE d.status = 1 AND c.language_id = 2 AND d.is_publish = 1 ORDER BY d.create_time desc  [ RunTime:0.7381s ]
SQL: SHOW COLUMNS FROM `edu_category` [ RunTime:0.0533s ]
SQL: SELECT `id` FROM `edu_category` WHERE `name` = '领导致辞' LIMIT 1   [ RunTime:0.0006s ]
SQL: SELECT * FROM `edu_details` WHERE `status` = 1 AND `category_id` = 35 AND `language_id` = 2 ORDER BY create_time desc LIMIT 6   [ RunTime:0.0046s ]
SQL: SELECT * FROM `edu_details` WHERE `status` = 1 AND `language_id` = 2 ORDER BY create_time desc LIMIT 6   [ RunTime:0.0037s ]
SQL: SELECT `id` FROM `edu_category` WHERE `name` = '公告通知' LIMIT 1   [ RunTime:0.0006s ]
SQL: SELECT * FROM `edu_details` WHERE `status` = 1 AND `category_id` = 18 AND `language_id` = 2 ORDER BY create_time desc LIMIT 6   [ RunTime:0.0023s ]
SQL: SELECT `id` FROM `edu_category` WHERE `pid` = 12 AND `status` = 1 LIMIT 1   [ RunTime:0.0007s ]
INFO: [ view_parse ] --START--
INFO: [ template_filter ] --START--
INFO: Run Behavior\ContentReplaceBehavior [ RunTime:0.000804s ]
INFO: [ template_filter ] --END-- [ RunTime:0.001212s ]
INFO: Run Behavior\ParseTemplateBehavior [ RunTime:0.229092s ]
INFO: [ view_parse ] --END-- [ RunTime:0.229413s ]
INFO: [ view_filter ] --START--
INFO: Run Behavior\WriteHtmlCacheBehavior [ RunTime:0.045094s ]
INFO: [ view_filter ] --END-- [ RunTime:0.045453s ]
INFO: [ action_end ] --START--
INFO: Run Common\Behavior\HyLogBehavior [ RunTime:0.000166s ]
INFO: [ action_end ] --END-- [ RunTime:0.000701s ]
INFO: [ app_end ] --START--
INFO: Run Behavior\ShowPageTraceBehavior [ RunTime:0.148245s ]
INFO: [ app_end ] --END-- [ RunTime:0.149188s ]

[ 2015-12-09T19:04:02+08:00 ] ::1 /sis/
INFO: [ app_init ] --START--
INFO: Run Behavior\BuildLiteBehavior [ RunTime:0.000058s ]
INFO: [ app_init ] --END-- [ RunTime:0.050053s ]
INFO: [ app_begin ] --START--
INFO: Run Behavior\ReadHtmlCacheBehavior [ RunTime:0.002361s ]
INFO: [ app_begin ] --END-- [ RunTime:0.003257s ]
NOTIC: [8192] mysql_connect(): The mysql extension is deprecated and will be removed in the future: use mysqli or PDO instead G:\wamp\www\sis\HomyitCore\Library\Think\Session\Driver\Db.class.php 第 95 行.
INFO: [ action_begin ] --START--
INFO: Run Common\Behavior\HyLogBehavior [ RunTime:0.023732s ]
INFO: [ action_begin ] --END-- [ RunTime:0.024085s ]
SQL: SHOW COLUMNS FROM `edu_friend_link` [ RunTime:0.0103s ]
SQL: SELECT * FROM `edu_friend_link` WHERE `status` = 1 AND `type` = 0 ORDER BY rank desc LIMIT 4   [ RunTime:0.0011s ]
SQL: SHOW COLUMNS FROM `edu_announce` [ RunTime:0.0075s ]
SQL: SELECT * FROM `edu_announce` WHERE `status` = 1 ORDER BY create_time desc LIMIT 5   [ RunTime:0.0007s ]
SQL: SHOW COLUMNS FROM `edu_category` [ RunTime:0.0081s ]
SQL: SELECT `pid`,`id`,`name`,`language_id` FROM `edu_category` WHERE `status` = 1 AND `nav_show` = 0 AND `switch` = 1 AND `language_id` = 2 ORDER BY rank desc  [ RunTime:0.0013s ]
SQL: SHOW COLUMNS FROM `edu_language` [ RunTime:0.0077s ]
SQL: SELECT * FROM `edu_language` WHERE `status` = 1  [ RunTime:0.0008s ]
SQL: SHOW COLUMNS FROM `edu_friend_link` [ RunTime:0.0080s ]
SQL: SELECT `savepath`,`savename`,fl.url,fl.name FROM edu_friend_link fl INNER JOIN edu_frame_file as f ON fl.img=f.id  WHERE fl.status = 1 AND fl.type = 1 ORDER BY fl.create_time desc LIMIT 1   [ RunTime:0.0189s ]
SQL: SHOW COLUMNS FROM `edu_banner` [ RunTime:0.0082s ]
SQL: SELECT b.id,b.index_show,f.savepath,f.savename FROM edu_banner b INNER JOIN edu_frame_file AS f ON b.img_title = f.id  WHERE `status` = 1 AND `index_show` <> 0 ORDER BY b.create_time desc LIMIT 5   [ RunTime:0.0010s ]
SQL: SELECT * FROM `edu_category` WHERE `status` = 1 AND `switch` = 1 AND `nav_show` = 1 AND `language_id` = 2 ORDER BY rank desc LIMIT 5   [ RunTime:0.0009s ]
SQL: SHOW COLUMNS FROM `edu_details` [ RunTime:0.0080s ]
SQL: SELECT d.id,d.content FROM edu_details d INNER JOIN edu_category AS c ON d.category_id = c.id  WHERE d.status = 1 AND c.language_id = 2 AND d.is_publish = 1 ORDER BY d.create_time desc  [ RunTime:0.5068s ]
SQL: SHOW COLUMNS FROM `edu_category` [ RunTime:0.0074s ]
SQL: SELECT `id` FROM `edu_category` WHERE `name` = '领导致辞' LIMIT 1   [ RunTime:0.0009s ]
SQL: SELECT * FROM `edu_details` WHERE `status` = 1 AND `category_id` = 35 AND `language_id` = 2 ORDER BY create_time desc LIMIT 6   [ RunTime:0.0021s ]
SQL: SELECT * FROM `edu_details` WHERE `status` = 1 AND `language_id` = 2 ORDER BY create_time desc LIMIT 6   [ RunTime:0.0049s ]
SQL: SELECT `id` FROM `edu_category` WHERE `name` = '公告通知' LIMIT 1   [ RunTime:0.0008s ]
SQL: SELECT * FROM `edu_details` WHERE `status` = 1 AND `category_id` = 18 AND `language_id` = 2 ORDER BY create_time desc LIMIT 6   [ RunTime:0.0024s ]
SQL: SELECT `id` FROM `edu_category` WHERE `pid` = 12 AND `status` = 1 LIMIT 1   [ RunTime:0.0008s ]
INFO: [ view_parse ] --START--
INFO: [ template_filter ] --START--
INFO: Run Behavior\ContentReplaceBehavior [ RunTime:0.000675s ]
INFO: [ template_filter ] --END-- [ RunTime:0.000988s ]
INFO: Run Behavior\ParseTemplateBehavior [ RunTime:0.391189s ]
INFO: [ view_parse ] --END-- [ RunTime:0.391518s ]
INFO: [ view_filter ] --START--
INFO: Run Behavior\WriteHtmlCacheBehavior [ RunTime:0.012397s ]
INFO: [ view_filter ] --END-- [ RunTime:0.012932s ]
INFO: [ action_end ] --START--
INFO: Run Common\Behavior\HyLogBehavior [ RunTime:0.000138s ]
INFO: [ action_end ] --END-- [ RunTime:0.000462s ]
INFO: [ app_end ] --START--
INFO: Run Behavior\ShowPageTraceBehavior [ RunTime:0.018966s ]
INFO: [ app_end ] --END-- [ RunTime:0.019402s ]

