[ 2015-12-08T22:19:47+08:00 ] ::1 /sis/
INFO: [ app_init ] --START--
INFO: Run Behavior\BuildLiteBehavior [ RunTime:0.000055s ]
INFO: [ app_init ] --END-- [ RunTime:0.055761s ]
INFO: [ app_begin ] --START--
INFO: Run Behavior\ReadHtmlCacheBehavior [ RunTime:0.001324s ]
INFO: [ app_begin ] --END-- [ RunTime:0.001657s ]
NOTIC: [8192] mysql_connect(): The mysql extension is deprecated and will be removed in the future: use mysqli or PDO instead G:\wamp\www\sis\HomyitCore\Library\Think\Session\Driver\Db.class.php 第 95 行.
NOTIC: [2] mysql_connect(): Access denied for user 'homyit'@'localhost' (using password: YES) G:\wamp\www\sis\HomyitCore\Library\Think\Session\Driver\Db.class.php 第 95 行.
NOTIC: [2] mysql_select_db() expects parameter 2 to be resource, boolean given G:\wamp\www\sis\HomyitCore\Library\Think\Session\Driver\Db.class.php 第 98 行.
NOTIC: [8] Undefined offset: 1 G:\wamp\www\sis\HomyitCore\Library\Think\Session\Driver\Db.class.php 第 124 行.
NOTIC: [2] mysql_query() expects parameter 2 to be resource, null given G:\wamp\www\sis\HomyitCore\Library\Think\Session\Driver\Db.class.php 第 125 行.
INFO: [ action_begin ] --START--
INFO: Run Common\Behavior\HyLogBehavior [ RunTime:0.034647s ]
INFO: [ action_begin ] --END-- [ RunTime:0.035051s ]
ERR: SQLSTATE[HY000] [1045] Access denied for user 'homyit'@'localhost' (using password: YES)

[ 2015-12-08T22:19:57+08:00 ] ::1 /sis/
INFO: [ app_init ] --START--
INFO: Run Behavior\BuildLiteBehavior [ RunTime:0.000076s ]
INFO: [ app_init ] --END-- [ RunTime:0.001091s ]
INFO: [ app_begin ] --START--
INFO: Run Behavior\ReadHtmlCacheBehavior [ RunTime:0.000960s ]
INFO: [ app_begin ] --END-- [ RunTime:0.001239s ]
NOTIC: [8192] mysql_connect(): The mysql extension is deprecated and will be removed in the future: use mysqli or PDO instead G:\wamp\www\sis\HomyitCore\Library\Think\Session\Driver\Db.class.php 第 95 行.
NOTIC: [2] mysql_connect(): Access denied for user 'homyit'@'localhost' (using password: YES) G:\wamp\www\sis\HomyitCore\Library\Think\Session\Driver\Db.class.php 第 95 行.
NOTIC: [2] mysql_select_db() expects parameter 2 to be resource, boolean given G:\wamp\www\sis\HomyitCore\Library\Think\Session\Driver\Db.class.php 第 98 行.
NOTIC: [8] Undefined offset: 1 G:\wamp\www\sis\HomyitCore\Library\Think\Session\Driver\Db.class.php 第 124 行.
NOTIC: [2] mysql_query() expects parameter 2 to be resource, null given G:\wamp\www\sis\HomyitCore\Library\Think\Session\Driver\Db.class.php 第 125 行.
INFO: [ action_begin ] --START--
INFO: Run Common\Behavior\HyLogBehavior [ RunTime:0.001182s ]
INFO: [ action_begin ] --END-- [ RunTime:0.001478s ]
ERR: SQLSTATE[HY000] [1045] Access denied for user 'homyit'@'localhost' (using password: YES)

[ 2015-12-08T22:22:40+08:00 ] ::1 /sis/
INFO: [ app_init ] --START--
INFO: Run Behavior\BuildLiteBehavior [ RunTime:0.000062s ]
INFO: [ app_init ] --END-- [ RunTime:0.000885s ]
INFO: [ app_begin ] --START--
INFO: Run Behavior\ReadHtmlCacheBehavior [ RunTime:0.001630s ]
INFO: [ app_begin ] --END-- [ RunTime:0.002106s ]
NOTIC: [8192] mysql_connect(): The mysql extension is deprecated and will be removed in the future: use mysqli or PDO instead G:\wamp\www\sis\HomyitCore\Library\Think\Session\Driver\Db.class.php 第 95 行.
INFO: [ action_begin ] --START--
INFO: Run Common\Behavior\HyLogBehavior [ RunTime:0.001510s ]
INFO: [ action_begin ] --END-- [ RunTime:0.001929s ]
SQL: SHOW COLUMNS FROM `edu_friend_link` [ RunTime:0.0168s ]
SQL: SELECT * FROM `edu_friend_link` WHERE `status` = 1 AND `type` = 0 ORDER BY rank desc LIMIT 4   [ RunTime:0.0094s ]
SQL: SHOW COLUMNS FROM `edu_announce` [ RunTime:0.0276s ]
SQL: SELECT * FROM `edu_announce` WHERE `status` = 1 ORDER BY create_time desc LIMIT 5   [ RunTime:0.0009s ]
SQL: SHOW COLUMNS FROM `edu_category` [ RunTime:0.0197s ]
SQL: SELECT `pid`,`id`,`name`,`language_id` FROM `edu_category` WHERE `status` = 1 AND `nav_show` = 0 AND `switch` = 1 AND `language_id` = 2 ORDER BY rank desc  [ RunTime:0.0013s ]
SQL: SHOW COLUMNS FROM `edu_language` [ RunTime:0.0257s ]
SQL: SELECT * FROM `edu_language` WHERE `status` = 1  [ RunTime:0.0009s ]
SQL: SHOW COLUMNS FROM `edu_friend_link` [ RunTime:0.0070s ]
SQL: SELECT `savepath`,`savename`,fl.url,fl.name FROM edu_friend_link fl INNER JOIN edu_frame_file as f ON fl.img=f.id  WHERE fl.status = 1 AND fl.type = 1 ORDER BY fl.create_time desc LIMIT 1   [ RunTime:0.0414s ]
SQL: SHOW COLUMNS FROM `edu_banner` [ RunTime:0.0492s ]
SQL: SELECT b.id,b.index_show,f.savepath,f.savename FROM edu_banner b INNER JOIN edu_frame_file AS f ON b.img_title = f.id  WHERE `status` = 1 AND `index_show` <> 0 ORDER BY b.create_time desc LIMIT 5   [ RunTime:0.0013s ]
SQL: SELECT * FROM `edu_category` WHERE `status` = 1 AND `switch` = 1 AND `nav_show` = 1 AND `language_id` = 2 ORDER BY rank desc LIMIT 5   [ RunTime:0.0010s ]
SQL: SHOW COLUMNS FROM `edu_details` [ RunTime:0.0690s ]
SQL: SELECT d.id,d.content FROM edu_details d INNER JOIN edu_category AS c ON d.category_id = c.id  WHERE d.status = 1 AND c.language_id = 2 AND d.is_publish = 1 ORDER BY d.create_time desc  [ RunTime:0.3500s ]
SQL: SHOW COLUMNS FROM `edu_category` [ RunTime:0.0070s ]
SQL: SELECT `id` FROM `edu_category` WHERE `name` = '领导致辞' LIMIT 1   [ RunTime:0.0009s ]
SQL: SELECT * FROM `edu_details` WHERE `status` = 1 AND `category_id` = 35 AND `language_id` = 2 ORDER BY create_time desc LIMIT 6   [ RunTime:0.0018s ]
SQL: SELECT * FROM `edu_details` WHERE `status` = 1 AND `language_id` = 2 ORDER BY create_time desc LIMIT 6   [ RunTime:0.0041s ]
SQL: SELECT `id` FROM `edu_category` WHERE `name` = '公告通知' LIMIT 1   [ RunTime:0.0008s ]
SQL: SELECT * FROM `edu_details` WHERE `status` = 1 AND `category_id` = 18 AND `language_id` = 2 ORDER BY create_time desc LIMIT 6   [ RunTime:0.0024s ]
SQL: SELECT `id` FROM `edu_category` WHERE `pid` = 12 AND `status` = 1 LIMIT 1   [ RunTime:0.0008s ]
INFO: [ view_parse ] --START--
INFO: [ template_filter ] --START--
INFO: Run Behavior\ContentReplaceBehavior [ RunTime:0.000656s ]
INFO: [ template_filter ] --END-- [ RunTime:0.000958s ]
INFO: Run Behavior\ParseTemplateBehavior [ RunTime:0.236056s ]
INFO: [ view_parse ] --END-- [ RunTime:0.236367s ]
INFO: [ view_filter ] --START--
INFO: Run Behavior\WriteHtmlCacheBehavior [ RunTime:0.008989s ]
INFO: [ view_filter ] --END-- [ RunTime:0.009283s ]
INFO: [ action_end ] --START--
INFO: Run Common\Behavior\HyLogBehavior [ RunTime:0.000156s ]
INFO: [ action_end ] --END-- [ RunTime:0.000521s ]
INFO: [ app_end ] --START--
INFO: Run Behavior\ShowPageTraceBehavior [ RunTime:0.040094s ]
INFO: [ app_end ] --END-- [ RunTime:0.040522s ]

[ 2015-12-08T22:24:23+08:00 ] ::1 /sis/
INFO: [ app_init ] --START--
INFO: Run Behavior\BuildLiteBehavior [ RunTime:0.000078s ]
INFO: [ app_init ] --END-- [ RunTime:0.001002s ]
INFO: [ app_begin ] --START--
INFO: Run Behavior\ReadHtmlCacheBehavior [ RunTime:0.000792s ]
INFO: [ app_begin ] --END-- [ RunTime:0.001097s ]
NOTIC: [8192] mysql_connect(): The mysql extension is deprecated and will be removed in the future: use mysqli or PDO instead G:\wamp\www\sis\HomyitCore\Library\Think\Session\Driver\Db.class.php 第 95 行.
INFO: [ action_begin ] --START--
INFO: Run Common\Behavior\HyLogBehavior [ RunTime:0.001243s ]
INFO: [ action_begin ] --END-- [ RunTime:0.001637s ]
SQL: SHOW COLUMNS FROM `edu_friend_link` [ RunTime:0.0094s ]
SQL: SELECT * FROM `edu_friend_link` WHERE `status` = 1 AND `type` = 0 ORDER BY rank desc LIMIT 4   [ RunTime:0.0015s ]
SQL: SHOW COLUMNS FROM `edu_announce` [ RunTime:0.0092s ]
SQL: SELECT * FROM `edu_announce` WHERE `status` = 1 ORDER BY create_time desc LIMIT 5   [ RunTime:0.0017s ]
SQL: SHOW COLUMNS FROM `edu_category` [ RunTime:0.0105s ]
SQL: SELECT `pid`,`id`,`name`,`language_id` FROM `edu_category` WHERE `status` = 1 AND `nav_show` = 0 AND `switch` = 1 AND `language_id` = 2 ORDER BY rank desc  [ RunTime:0.0018s ]
SQL: SHOW COLUMNS FROM `edu_language` [ RunTime:0.0081s ]
SQL: SELECT * FROM `edu_language` WHERE `status` = 1  [ RunTime:0.0015s ]
SQL: SHOW COLUMNS FROM `edu_friend_link` [ RunTime:0.0091s ]
SQL: SELECT `savepath`,`savename`,fl.url,fl.name FROM edu_friend_link fl INNER JOIN edu_frame_file as f ON fl.img=f.id  WHERE fl.status = 1 AND fl.type = 1 ORDER BY fl.create_time desc LIMIT 1   [ RunTime:0.0017s ]
SQL: SHOW COLUMNS FROM `edu_banner` [ RunTime:0.0091s ]
SQL: SELECT b.id,b.index_show,f.savepath,f.savename FROM edu_banner b INNER JOIN edu_frame_file AS f ON b.img_title = f.id  WHERE `status` = 1 AND `index_show` <> 0 ORDER BY b.create_time desc LIMIT 5   [ RunTime:0.0016s ]
SQL: SELECT * FROM `edu_category` WHERE `status` = 1 AND `switch` = 1 AND `nav_show` = 1 AND `language_id` = 2 ORDER BY rank desc LIMIT 5   [ RunTime:0.0018s ]
SQL: SHOW COLUMNS FROM `edu_details` [ RunTime:0.0109s ]
SQL: SELECT d.id,d.content FROM edu_details d INNER JOIN edu_category AS c ON d.category_id = c.id  WHERE d.status = 1 AND c.language_id = 2 AND d.is_publish = 1 ORDER BY d.create_time desc  [ RunTime:0.0474s ]
SQL: SHOW COLUMNS FROM `edu_category` [ RunTime:0.0106s ]
SQL: SELECT `id` FROM `edu_category` WHERE `name` = '领导致辞' LIMIT 1   [ RunTime:0.0015s ]
SQL: SELECT * FROM `edu_details` WHERE `status` = 1 AND `category_id` = 35 AND `language_id` = 2 ORDER BY create_time desc LIMIT 6   [ RunTime:0.0022s ]
SQL: SELECT * FROM `edu_details` WHERE `status` = 1 AND `language_id` = 2 ORDER BY create_time desc LIMIT 6   [ RunTime:0.0028s ]
SQL: SELECT `id` FROM `edu_category` WHERE `name` = '公告通知' LIMIT 1   [ RunTime:0.0015s ]
SQL: SELECT * FROM `edu_details` WHERE `status` = 1 AND `category_id` = 18 AND `language_id` = 2 ORDER BY create_time desc LIMIT 6   [ RunTime:0.0023s ]
SQL: SELECT `id` FROM `edu_category` WHERE `pid` = 12 AND `status` = 1 LIMIT 1   [ RunTime:0.0017s ]
INFO: [ view_parse ] --START--
INFO: [ template_filter ] --START--
INFO: Run Behavior\ContentReplaceBehavior [ RunTime:0.000617s ]
INFO: [ template_filter ] --END-- [ RunTime:0.000923s ]
INFO: Run Behavior\ParseTemplateBehavior [ RunTime:0.152898s ]
INFO: [ view_parse ] --END-- [ RunTime:0.153265s ]
INFO: [ view_filter ] --START--
INFO: Run Behavior\WriteHtmlCacheBehavior [ RunTime:0.000755s ]
INFO: [ view_filter ] --END-- [ RunTime:0.001037s ]
INFO: [ action_end ] --START--
INFO: Run Common\Behavior\HyLogBehavior [ RunTime:0.000139s ]
INFO: [ action_end ] --END-- [ RunTime:0.000447s ]
INFO: [ app_end ] --START--
INFO: Run Behavior\ShowPageTraceBehavior [ RunTime:0.005119s ]
INFO: [ app_end ] --END-- [ RunTime:0.005562s ]

[ 2015-12-08T22:24:33+08:00 ] ::1 /sis/index.php/Home/Article/detail/content_id/563/lan_id/2.html
INFO: [ app_init ] --START--
INFO: Run Behavior\BuildLiteBehavior [ RunTime:0.000066s ]
INFO: [ app_init ] --END-- [ RunTime:0.000838s ]
INFO: [ app_begin ] --START--
INFO: Run Behavior\ReadHtmlCacheBehavior [ RunTime:0.003003s ]
INFO: [ app_begin ] --END-- [ RunTime:0.003521s ]
NOTIC: [8192] mysql_connect(): The mysql extension is deprecated and will be removed in the future: use mysqli or PDO instead G:\wamp\www\sis\HomyitCore\Library\Think\Session\Driver\Db.class.php 第 95 行.
INFO: [ action_begin ] --START--
INFO: Run Common\Behavior\HyLogBehavior [ RunTime:0.000884s ]
INFO: [ action_begin ] --END-- [ RunTime:0.001257s ]
SQL: SHOW COLUMNS FROM `edu_friend_link` [ RunTime:0.0086s ]
SQL: SELECT * FROM `edu_friend_link` WHERE `status` = 1 AND `type` = 0 ORDER BY rank desc LIMIT 4   [ RunTime:0.0018s ]
SQL: SHOW COLUMNS FROM `edu_announce` [ RunTime:0.0104s ]
SQL: SELECT * FROM `edu_announce` WHERE `status` = 1 ORDER BY create_time desc LIMIT 5   [ RunTime:0.0014s ]
SQL: SHOW COLUMNS FROM `edu_category` [ RunTime:0.0094s ]
SQL: SELECT `pid`,`id`,`name`,`language_id` FROM `edu_category` WHERE `status` = 1 AND `nav_show` = 0 AND `switch` = 1 AND `language_id` = '2' ORDER BY rank desc  [ RunTime:0.0018s ]
SQL: SHOW COLUMNS FROM `edu_language` [ RunTime:0.0084s ]
SQL: SELECT * FROM `edu_language` WHERE `status` = 1  [ RunTime:0.0018s ]
SQL: SHOW COLUMNS FROM `edu_details` [ RunTime:0.0083s ]
SQL: UPDATE `edu_details` SET `hit`=hit+1 WHERE `id` = 563 [ RunTime:0.3206s ]
SQL: SELECT d.id,d.hit,d.user_id,d.title,d.content,d.create_time,d.update_time,c.pid as c_pid,c.name as category_name,u.name AS user_name FROM edu_details d INNER JOIN edu_category AS c ON d.category_id=c.id LEFT JOIN edu_user AS u ON d.user_id=u.id  WHERE d.status = 1 AND d.is_publish = 1 AND d.id = '563' AND d.language_id = '2'  [ RunTime:0.0017s ]
SQL: SHOW COLUMNS FROM `edu_category` [ RunTime:0.0079s ]
SQL: SELECT `id`,`name` FROM `edu_category` WHERE `status` = 1 AND `switch` = 1 ORDER BY id asc  [ RunTime:0.0018s ]
SQL: SELECT `id`,`name` FROM `edu_category` WHERE `pid` = 2 AND `status` = 1 AND `switch` = 1  [ RunTime:0.0016s ]
INFO: [ view_parse ] --START--
INFO: [ template_filter ] --START--
INFO: Run Behavior\ContentReplaceBehavior [ RunTime:0.000548s ]
INFO: [ template_filter ] --END-- [ RunTime:0.000924s ]
INFO: Run Behavior\ParseTemplateBehavior [ RunTime:0.121715s ]
INFO: [ view_parse ] --END-- [ RunTime:0.122280s ]
INFO: [ view_filter ] --START--
INFO: Run Behavior\WriteHtmlCacheBehavior [ RunTime:0.001294s ]
INFO: [ view_filter ] --END-- [ RunTime:0.001696s ]
INFO: [ action_end ] --START--
INFO: Run Common\Behavior\HyLogBehavior [ RunTime:0.000152s ]
INFO: [ action_end ] --END-- [ RunTime:0.000631s ]
INFO: [ app_end ] --START--
INFO: Run Behavior\ShowPageTraceBehavior [ RunTime:0.001473s ]
INFO: [ app_end ] --END-- [ RunTime:0.001859s ]

[ 2015-12-08T22:24:33+08:00 ] ::1 /sis/index.php/Home/Article/ajax_get_category_id?content_id=563
INFO: [ app_init ] --START--
INFO: Run Behavior\BuildLiteBehavior [ RunTime:0.000076s ]
INFO: [ app_init ] --END-- [ RunTime:0.001171s ]
INFO: [ app_begin ] --START--
INFO: Run Behavior\ReadHtmlCacheBehavior [ RunTime:0.001080s ]
INFO: [ app_begin ] --END-- [ RunTime:0.001442s ]
NOTIC: [8192] mysql_connect(): The mysql extension is deprecated and will be removed in the future: use mysqli or PDO instead G:\wamp\www\sis\HomyitCore\Library\Think\Session\Driver\Db.class.php 第 95 行.
INFO: [ action_begin ] --START--
INFO: Run Common\Behavior\HyLogBehavior [ RunTime:0.001451s ]
INFO: [ action_begin ] --END-- [ RunTime:0.001785s ]
SQL: SHOW COLUMNS FROM `edu_friend_link` [ RunTime:0.0085s ]
SQL: SELECT * FROM `edu_friend_link` WHERE `status` = 1 AND `type` = 0 ORDER BY rank desc LIMIT 4   [ RunTime:0.0020s ]
SQL: SHOW COLUMNS FROM `edu_announce` [ RunTime:0.0104s ]
SQL: SELECT * FROM `edu_announce` WHERE `status` = 1 ORDER BY create_time desc LIMIT 5   [ RunTime:0.0014s ]
SQL: SHOW COLUMNS FROM `edu_category` [ RunTime:0.0086s ]
SQL: SELECT `pid`,`id`,`name`,`language_id` FROM `edu_category` WHERE `status` = 1 AND `nav_show` = 0 AND `switch` = 1 AND `language_id` = 2 ORDER BY rank desc  [ RunTime:0.0019s ]
SQL: SHOW COLUMNS FROM `edu_language` [ RunTime:0.0095s ]
SQL: SELECT * FROM `edu_language` WHERE `status` = 1  [ RunTime:0.0013s ]
SQL: SHOW COLUMNS FROM `edu_details` [ RunTime:0.0104s ]
SQL: SELECT `category_id` FROM `edu_details` WHERE `id` = 563 AND `status` = 1 AND `is_publish` = 1 LIMIT 1   [ RunTime:0.0013s ]

[ 2015-12-08T22:24:35+08:00 ] ::1 /sis/index.php/Home/Article/category/category_id/18/lan_id/2.html
INFO: [ app_init ] --START--
INFO: Run Behavior\BuildLiteBehavior [ RunTime:0.000087s ]
INFO: [ app_init ] --END-- [ RunTime:0.001062s ]
INFO: [ app_begin ] --START--
INFO: Run Behavior\ReadHtmlCacheBehavior [ RunTime:0.001028s ]
INFO: [ app_begin ] --END-- [ RunTime:0.001369s ]
NOTIC: [8192] mysql_connect(): The mysql extension is deprecated and will be removed in the future: use mysqli or PDO instead G:\wamp\www\sis\HomyitCore\Library\Think\Session\Driver\Db.class.php 第 95 行.
INFO: [ action_begin ] --START--
INFO: Run Common\Behavior\HyLogBehavior [ RunTime:0.000911s ]
INFO: [ action_begin ] --END-- [ RunTime:0.001304s ]
SQL: SHOW COLUMNS FROM `edu_friend_link` [ RunTime:0.0085s ]
SQL: SELECT * FROM `edu_friend_link` WHERE `status` = 1 AND `type` = 0 ORDER BY rank desc LIMIT 4   [ RunTime:0.0010s ]
SQL: SHOW COLUMNS FROM `edu_announce` [ RunTime:0.0091s ]
SQL: SELECT * FROM `edu_announce` WHERE `status` = 1 ORDER BY create_time desc LIMIT 5   [ RunTime:0.0008s ]
SQL: SHOW COLUMNS FROM `edu_category` [ RunTime:0.0090s ]
SQL: SELECT `pid`,`id`,`name`,`language_id` FROM `edu_category` WHERE `status` = 1 AND `nav_show` = 0 AND `switch` = 1 AND `language_id` = '2' ORDER BY rank desc  [ RunTime:0.0011s ]
SQL: SHOW COLUMNS FROM `edu_language` [ RunTime:0.0125s ]
SQL: SELECT * FROM `edu_language` WHERE `status` = 1  [ RunTime:0.0007s ]
SQL: SHOW COLUMNS FROM `edu_details` [ RunTime:0.0076s ]
SQL: SHOW COLUMNS FROM `edu_category` [ RunTime:0.0105s ]
SQL: SELECT `name` FROM `edu_category` WHERE `id` = 18 LIMIT 1   [ RunTime:0.0007s ]
NOTIC: [8] Undefined index: p G:\wamp\www\sis\Application\Home\Model\DetailsModel.class.php 第 13 行.
SQL: SELECT d.id,d.title,d.create_time,c.name as category_name,d.category_id,c.pid as c_pid,d.language_id FROM edu_details d INNER JOIN edu_category AS c ON d.category_id = c.id  WHERE d.status = 1 AND d.is_publish = 1 AND d.category_id = '18' LIMIT 0,10   [ RunTime:0.0009s ]
SQL: SELECT `pid` FROM `edu_category` WHERE `id` = 18 LIMIT 1   [ RunTime:0.0005s ]
SQL: SELECT `id`,`name` FROM `edu_category` WHERE `pid` = 2 AND `switch` = 1  [ RunTime:0.0005s ]
SQL: SELECT COUNT(*) AS tp_count FROM `edu_details` WHERE `status` = 1 AND `is_publish` = 1 AND `category_id` = 18 LIMIT 1   [ RunTime:0.1168s ]
SQL: SELECT `pid` FROM `edu_category` WHERE `id` = 18 AND `status` = 1 LIMIT 1   [ RunTime:0.0007s ]
SQL: SELECT `name` FROM `edu_category` WHERE `id` = 2 AND `status` = 1 LIMIT 1   [ RunTime:0.0006s ]
INFO: [ view_parse ] --START--
INFO: [ template_filter ] --START--
INFO: Run Behavior\ContentReplaceBehavior [ RunTime:0.000667s ]
INFO: [ template_filter ] --END-- [ RunTime:0.001162s ]
NOTIC: [8] Undefined index: children G:\wamp\www\sis\Runtime\Cache\Home\1eed4d3931178952bdedc16b19396bb6.php 第 148 行.
NOTIC: [8] Undefined index: children G:\wamp\www\sis\Runtime\Cache\Home\1eed4d3931178952bdedc16b19396bb6.php 第 148 行.
NOTIC: [8] Undefined index: children G:\wamp\www\sis\Runtime\Cache\Home\1eed4d3931178952bdedc16b19396bb6.php 第 148 行.
NOTIC: [8] Undefined index: children G:\wamp\www\sis\Runtime\Cache\Home\1eed4d3931178952bdedc16b19396bb6.php 第 148 行.
NOTIC: [8] Undefined index: children G:\wamp\www\sis\Runtime\Cache\Home\1eed4d3931178952bdedc16b19396bb6.php 第 148 行.
NOTIC: [8] Undefined index: children G:\wamp\www\sis\Runtime\Cache\Home\1eed4d3931178952bdedc16b19396bb6.php 第 148 行.
NOTIC: [8] Undefined index: children G:\wamp\www\sis\Runtime\Cache\Home\1eed4d3931178952bdedc16b19396bb6.php 第 148 行.
NOTIC: [8] Undefined index: children G:\wamp\www\sis\Runtime\Cache\Home\1eed4d3931178952bdedc16b19396bb6.php 第 148 行.
NOTIC: [8] Undefined index: children G:\wamp\www\sis\Runtime\Cache\Home\1eed4d3931178952bdedc16b19396bb6.php 第 148 行.
INFO: Run Behavior\ParseTemplateBehavior [ RunTime:0.148140s ]
INFO: [ view_parse ] --END-- [ RunTime:0.148549s ]
INFO: [ view_filter ] --START--
INFO: Run Behavior\WriteHtmlCacheBehavior [ RunTime:0.000805s ]
INFO: [ view_filter ] --END-- [ RunTime:0.001085s ]
INFO: [ action_end ] --START--
INFO: Run Common\Behavior\HyLogBehavior [ RunTime:0.000140s ]
INFO: [ action_end ] --END-- [ RunTime:0.000527s ]
INFO: [ app_end ] --START--
INFO: Run Behavior\ShowPageTraceBehavior [ RunTime:0.001118s ]
INFO: [ app_end ] --END-- [ RunTime:0.001418s ]

[ 2015-12-08T22:24:39+08:00 ] ::1 /sis/index.php/Home/Article/category/category_id/23/lan_id/2.html
INFO: [ app_init ] --START--
INFO: Run Behavior\BuildLiteBehavior [ RunTime:0.000082s ]
INFO: [ app_init ] --END-- [ RunTime:0.001068s ]
INFO: [ app_begin ] --START--
INFO: Run Behavior\ReadHtmlCacheBehavior [ RunTime:0.000776s ]
INFO: [ app_begin ] --END-- [ RunTime:0.001083s ]
NOTIC: [8192] mysql_connect(): The mysql extension is deprecated and will be removed in the future: use mysqli or PDO instead G:\wamp\www\sis\HomyitCore\Library\Think\Session\Driver\Db.class.php 第 95 行.
INFO: [ action_begin ] --START--
INFO: Run Common\Behavior\HyLogBehavior [ RunTime:0.000859s ]
INFO: [ action_begin ] --END-- [ RunTime:0.001228s ]
SQL: SHOW COLUMNS FROM `edu_friend_link` [ RunTime:0.0072s ]
SQL: SELECT * FROM `edu_friend_link` WHERE `status` = 1 AND `type` = 0 ORDER BY rank desc LIMIT 4   [ RunTime:0.0008s ]
SQL: SHOW COLUMNS FROM `edu_announce` [ RunTime:0.0077s ]
SQL: SELECT * FROM `edu_announce` WHERE `status` = 1 ORDER BY create_time desc LIMIT 5   [ RunTime:0.0008s ]
SQL: SHOW COLUMNS FROM `edu_category` [ RunTime:0.0080s ]
SQL: SELECT `pid`,`id`,`name`,`language_id` FROM `edu_category` WHERE `status` = 1 AND `nav_show` = 0 AND `switch` = 1 AND `language_id` = '2' ORDER BY rank desc  [ RunTime:0.0010s ]
SQL: SHOW COLUMNS FROM `edu_language` [ RunTime:0.0099s ]
SQL: SELECT * FROM `edu_language` WHERE `status` = 1  [ RunTime:0.0006s ]
SQL: SHOW COLUMNS FROM `edu_details` [ RunTime:0.0111s ]
SQL: SHOW COLUMNS FROM `edu_category` [ RunTime:0.0083s ]
SQL: SELECT `name` FROM `edu_category` WHERE `id` = 23 LIMIT 1   [ RunTime:0.0006s ]
NOTIC: [8] Undefined index: p G:\wamp\www\sis\Application\Home\Model\DetailsModel.class.php 第 13 行.
SQL: SELECT d.id,d.title,d.create_time,c.name as category_name,d.category_id,c.pid as c_pid,d.language_id FROM edu_details d INNER JOIN edu_category AS c ON d.category_id = c.id  WHERE d.status = 1 AND d.is_publish = 1 AND d.category_id = '23' LIMIT 0,10   [ RunTime:0.0016s ]
SQL: SELECT `pid` FROM `edu_category` WHERE `id` = 23 LIMIT 1   [ RunTime:0.0006s ]
SQL: SELECT `id`,`name` FROM `edu_category` WHERE `pid` = 5 AND `switch` = 1  [ RunTime:0.0007s ]
SQL: SELECT COUNT(*) AS tp_count FROM `edu_details` WHERE `status` = 1 AND `is_publish` = 1 AND `category_id` = 23 LIMIT 1   [ RunTime:0.0010s ]
SQL: SELECT `pid` FROM `edu_category` WHERE `id` = 23 AND `status` = 1 LIMIT 1   [ RunTime:0.0007s ]
SQL: SELECT `name` FROM `edu_category` WHERE `id` = 5 AND `status` = 1 LIMIT 1   [ RunTime:0.0005s ]
INFO: [ view_parse ] --START--
INFO: [ template_filter ] --START--
INFO: Run Behavior\ContentReplaceBehavior [ RunTime:0.000534s ]
INFO: [ template_filter ] --END-- [ RunTime:0.000897s ]
NOTIC: [8] Undefined index: children G:\wamp\www\sis\Runtime\Cache\Home\1eed4d3931178952bdedc16b19396bb6.php 第 148 行.
NOTIC: [8] Undefined index: children G:\wamp\www\sis\Runtime\Cache\Home\1eed4d3931178952bdedc16b19396bb6.php 第 148 行.
NOTIC: [8] Undefined index: children G:\wamp\www\sis\Runtime\Cache\Home\1eed4d3931178952bdedc16b19396bb6.php 第 148 行.
NOTIC: [8] Undefined index: children G:\wamp\www\sis\Runtime\Cache\Home\1eed4d3931178952bdedc16b19396bb6.php 第 148 行.
NOTIC: [8] Undefined index: children G:\wamp\www\sis\Runtime\Cache\Home\1eed4d3931178952bdedc16b19396bb6.php 第 148 行.
NOTIC: [8] Undefined index: children G:\wamp\www\sis\Runtime\Cache\Home\1eed4d3931178952bdedc16b19396bb6.php 第 148 行.
NOTIC: [8] Undefined index: children G:\wamp\www\sis\Runtime\Cache\Home\1eed4d3931178952bdedc16b19396bb6.php 第 148 行.
INFO: Run Behavior\ParseTemplateBehavior [ RunTime:0.111257s ]
INFO: [ view_parse ] --END-- [ RunTime:0.111586s ]
INFO: [ view_filter ] --START--
INFO: Run Behavior\WriteHtmlCacheBehavior [ RunTime:0.000846s ]
INFO: [ view_filter ] --END-- [ RunTime:0.001183s ]
INFO: [ action_end ] --START--
INFO: Run Common\Behavior\HyLogBehavior [ RunTime:0.000300s ]
INFO: [ action_end ] --END-- [ RunTime:0.000646s ]
INFO: [ app_end ] --START--
INFO: Run Behavior\ShowPageTraceBehavior [ RunTime:0.005237s ]
INFO: [ app_end ] --END-- [ RunTime:0.005945s ]

[ 2015-12-08T22:24:41+08:00 ] ::1 /sis/index.php/Home/Index/index/lan_id/2.html
INFO: [ app_init ] --START--
INFO: Run Behavior\BuildLiteBehavior [ RunTime:0.000064s ]
INFO: [ app_init ] --END-- [ RunTime:0.000961s ]
INFO: [ app_begin ] --START--
INFO: Run Behavior\ReadHtmlCacheBehavior [ RunTime:0.000982s ]
INFO: [ app_begin ] --END-- [ RunTime:0.001301s ]
NOTIC: [8192] mysql_connect(): The mysql extension is deprecated and will be removed in the future: use mysqli or PDO instead G:\wamp\www\sis\HomyitCore\Library\Think\Session\Driver\Db.class.php 第 95 行.
INFO: [ action_begin ] --START--
INFO: Run Common\Behavior\HyLogBehavior [ RunTime:0.000944s ]
INFO: [ action_begin ] --END-- [ RunTime:0.001267s ]
SQL: SHOW COLUMNS FROM `edu_friend_link` [ RunTime:0.0077s ]
SQL: SELECT * FROM `edu_friend_link` WHERE `status` = 1 AND `type` = 0 ORDER BY rank desc LIMIT 4   [ RunTime:0.0008s ]
SQL: SHOW COLUMNS FROM `edu_announce` [ RunTime:0.0112s ]
SQL: SELECT * FROM `edu_announce` WHERE `status` = 1 ORDER BY create_time desc LIMIT 5   [ RunTime:0.0007s ]
SQL: SHOW COLUMNS FROM `edu_category` [ RunTime:0.0090s ]
SQL: SELECT `pid`,`id`,`name`,`language_id` FROM `edu_category` WHERE `status` = 1 AND `nav_show` = 0 AND `switch` = 1 AND `language_id` = '2' ORDER BY rank desc  [ RunTime:0.0012s ]
SQL: SHOW COLUMNS FROM `edu_language` [ RunTime:0.0087s ]
SQL: SELECT * FROM `edu_language` WHERE `status` = 1  [ RunTime:0.0007s ]
SQL: SHOW COLUMNS FROM `edu_friend_link` [ RunTime:0.0097s ]
SQL: SELECT `savepath`,`savename`,fl.url,fl.name FROM edu_friend_link fl INNER JOIN edu_frame_file as f ON fl.img=f.id  WHERE fl.status = 1 AND fl.type = 1 ORDER BY fl.create_time desc LIMIT 1   [ RunTime:0.0008s ]
SQL: SHOW COLUMNS FROM `edu_banner` [ RunTime:0.0071s ]
SQL: SELECT b.id,b.index_show,f.savepath,f.savename FROM edu_banner b INNER JOIN edu_frame_file AS f ON b.img_title = f.id  WHERE `status` = 1 AND `index_show` <> 0 ORDER BY b.create_time desc LIMIT 5   [ RunTime:0.0008s ]
SQL: SELECT * FROM `edu_category` WHERE `status` = 1 AND `switch` = 1 AND `nav_show` = 1 AND `language_id` = 2 ORDER BY rank desc LIMIT 5   [ RunTime:0.0014s ]
SQL: SHOW COLUMNS FROM `edu_details` [ RunTime:0.0083s ]
SQL: SELECT d.id,d.content FROM edu_details d INNER JOIN edu_category AS c ON d.category_id = c.id  WHERE d.status = 1 AND c.language_id = '2' AND d.is_publish = 1 ORDER BY d.create_time desc  [ RunTime:0.1526s ]
SQL: SHOW COLUMNS FROM `edu_category` [ RunTime:0.0074s ]
SQL: SELECT `id` FROM `edu_category` WHERE `name` = '领导致辞' LIMIT 1   [ RunTime:0.0007s ]
SQL: SELECT * FROM `edu_details` WHERE `status` = 1 AND `category_id` = 35 AND `language_id` = 2 ORDER BY create_time desc LIMIT 6   [ RunTime:0.0015s ]
SQL: SELECT * FROM `edu_details` WHERE `status` = 1 AND `language_id` = 2 ORDER BY create_time desc LIMIT 6   [ RunTime:0.0029s ]
SQL: SELECT `id` FROM `edu_category` WHERE `name` = '公告通知' LIMIT 1   [ RunTime:0.0010s ]
SQL: SELECT * FROM `edu_details` WHERE `status` = 1 AND `category_id` = 18 AND `language_id` = 2 ORDER BY create_time desc LIMIT 6   [ RunTime:0.0024s ]
SQL: SELECT `id` FROM `edu_category` WHERE `pid` = 12 AND `status` = 1 LIMIT 1   [ RunTime:0.0007s ]
INFO: [ view_parse ] --START--
INFO: [ template_filter ] --START--
INFO: Run Behavior\ContentReplaceBehavior [ RunTime:0.000871s ]
INFO: [ template_filter ] --END-- [ RunTime:0.001242s ]
INFO: Run Behavior\ParseTemplateBehavior [ RunTime:0.170726s ]
INFO: [ view_parse ] --END-- [ RunTime:0.171032s ]
INFO: [ view_filter ] --START--
INFO: Run Behavior\WriteHtmlCacheBehavior [ RunTime:0.000767s ]
INFO: [ view_filter ] --END-- [ RunTime:0.001050s ]
INFO: [ action_end ] --START--
INFO: Run Common\Behavior\HyLogBehavior [ RunTime:0.006652s ]
INFO: [ action_end ] --END-- [ RunTime:0.010176s ]
INFO: [ app_end ] --START--
INFO: Run Behavior\ShowPageTraceBehavior [ RunTime:0.001343s ]
INFO: [ app_end ] --END-- [ RunTime:0.001741s ]

[ 2015-12-08T22:25:42+08:00 ] ::1 /sis/index.php/Home/Article/category/category_id/17/lan_id/2.html
INFO: [ app_init ] --START--
INFO: Run Behavior\BuildLiteBehavior [ RunTime:0.000081s ]
INFO: [ app_init ] --END-- [ RunTime:0.001209s ]
INFO: [ app_begin ] --START--
INFO: Run Behavior\ReadHtmlCacheBehavior [ RunTime:0.001048s ]
INFO: [ app_begin ] --END-- [ RunTime:0.001747s ]
NOTIC: [8192] mysql_connect(): The mysql extension is deprecated and will be removed in the future: use mysqli or PDO instead G:\wamp\www\sis\HomyitCore\Library\Think\Session\Driver\Db.class.php 第 95 行.
INFO: [ action_begin ] --START--
INFO: Run Common\Behavior\HyLogBehavior [ RunTime:0.001457s ]
INFO: [ action_begin ] --END-- [ RunTime:0.001805s ]
SQL: SHOW COLUMNS FROM `edu_friend_link` [ RunTime:0.0102s ]
SQL: SELECT * FROM `edu_friend_link` WHERE `status` = 1 AND `type` = 0 ORDER BY rank desc LIMIT 4   [ RunTime:0.0011s ]
SQL: SHOW COLUMNS FROM `edu_announce` [ RunTime:0.0096s ]
SQL: SELECT * FROM `edu_announce` WHERE `status` = 1 ORDER BY create_time desc LIMIT 5   [ RunTime:0.0006s ]
SQL: SHOW COLUMNS FROM `edu_category` [ RunTime:0.0078s ]
SQL: SELECT `pid`,`id`,`name`,`language_id` FROM `edu_category` WHERE `status` = 1 AND `nav_show` = 0 AND `switch` = 1 AND `language_id` = '2' ORDER BY rank desc  [ RunTime:0.0011s ]
SQL: SHOW COLUMNS FROM `edu_language` [ RunTime:0.0097s ]
SQL: SELECT * FROM `edu_language` WHERE `status` = 1  [ RunTime:0.0009s ]
SQL: SHOW COLUMNS FROM `edu_details` [ RunTime:0.0082s ]
SQL: SHOW COLUMNS FROM `edu_category` [ RunTime:0.0099s ]
SQL: SELECT `name` FROM `edu_category` WHERE `id` = 17 LIMIT 1   [ RunTime:0.0008s ]
NOTIC: [8] Undefined index: p G:\wamp\www\sis\Application\Home\Model\DetailsModel.class.php 第 13 行.
SQL: SELECT d.id,d.title,d.create_time,c.name as category_name,d.category_id,c.pid as c_pid,d.language_id FROM edu_details d INNER JOIN edu_category AS c ON d.category_id = c.id  WHERE d.status = 1 AND d.is_publish = 1 AND d.category_id = '17' LIMIT 0,10   [ RunTime:0.0011s ]
SQL: SELECT `pid` FROM `edu_category` WHERE `id` = 17 LIMIT 1   [ RunTime:0.0007s ]
SQL: SELECT `id`,`name` FROM `edu_category` WHERE `pid` = 2 AND `switch` = 1  [ RunTime:0.0007s ]
SQL: SELECT COUNT(*) AS tp_count FROM `edu_details` WHERE `status` = 1 AND `is_publish` = 1 AND `category_id` = 17 LIMIT 1   [ RunTime:0.0011s ]
SQL: SELECT `pid` FROM `edu_category` WHERE `id` = 17 AND `status` = 1 LIMIT 1   [ RunTime:0.0008s ]
SQL: SELECT `name` FROM `edu_category` WHERE `id` = 2 AND `status` = 1 LIMIT 1   [ RunTime:0.0005s ]
INFO: [ view_parse ] --START--
INFO: [ template_filter ] --START--
INFO: Run Behavior\ContentReplaceBehavior [ RunTime:0.000558s ]
INFO: [ template_filter ] --END-- [ RunTime:0.000866s ]
NOTIC: [8] Undefined index: children G:\wamp\www\sis\Runtime\Cache\Home\1eed4d3931178952bdedc16b19396bb6.php 第 148 行.
NOTIC: [8] Undefined index: children G:\wamp\www\sis\Runtime\Cache\Home\1eed4d3931178952bdedc16b19396bb6.php 第 148 行.
NOTIC: [8] Undefined index: children G:\wamp\www\sis\Runtime\Cache\Home\1eed4d3931178952bdedc16b19396bb6.php 第 148 行.
NOTIC: [8] Undefined index: children G:\wamp\www\sis\Runtime\Cache\Home\1eed4d3931178952bdedc16b19396bb6.php 第 148 行.
NOTIC: [8] Undefined index: children G:\wamp\www\sis\Runtime\Cache\Home\1eed4d3931178952bdedc16b19396bb6.php 第 148 行.
NOTIC: [8] Undefined index: children G:\wamp\www\sis\Runtime\Cache\Home\1eed4d3931178952bdedc16b19396bb6.php 第 148 行.
NOTIC: [8] Undefined index: children G:\wamp\www\sis\Runtime\Cache\Home\1eed4d3931178952bdedc16b19396bb6.php 第 148 行.
NOTIC: [8] Undefined index: children G:\wamp\www\sis\Runtime\Cache\Home\1eed4d3931178952bdedc16b19396bb6.php 第 148 行.
NOTIC: [8] Undefined index: children G:\wamp\www\sis\Runtime\Cache\Home\1eed4d3931178952bdedc16b19396bb6.php 第 148 行.
INFO: Run Behavior\ParseTemplateBehavior [ RunTime:0.112718s ]
INFO: [ view_parse ] --END-- [ RunTime:0.113027s ]
INFO: [ view_filter ] --START--
INFO: Run Behavior\WriteHtmlCacheBehavior [ RunTime:0.000754s ]
INFO: [ view_filter ] --END-- [ RunTime:0.001048s ]
INFO: [ action_end ] --START--
INFO: Run Common\Behavior\HyLogBehavior [ RunTime:0.000135s ]
INFO: [ action_end ] --END-- [ RunTime:0.000493s ]
INFO: [ app_end ] --START--
INFO: Run Behavior\ShowPageTraceBehavior [ RunTime:0.001378s ]
INFO: [ app_end ] --END-- [ RunTime:0.002124s ]

[ 2015-12-08T22:25:45+08:00 ] ::1 /sis/index.php/Home/Article/detail/content_id/40/lan_id/2.html
INFO: [ app_init ] --START--
INFO: Run Behavior\BuildLiteBehavior [ RunTime:0.000088s ]
INFO: [ app_init ] --END-- [ RunTime:0.001283s ]
INFO: [ app_begin ] --START--
INFO: Run Behavior\ReadHtmlCacheBehavior [ RunTime:0.000934s ]
INFO: [ app_begin ] --END-- [ RunTime:0.001319s ]
NOTIC: [8192] mysql_connect(): The mysql extension is deprecated and will be removed in the future: use mysqli or PDO instead G:\wamp\www\sis\HomyitCore\Library\Think\Session\Driver\Db.class.php 第 95 行.
INFO: [ action_begin ] --START--
INFO: Run Common\Behavior\HyLogBehavior [ RunTime:0.000971s ]
INFO: [ action_begin ] --END-- [ RunTime:0.001370s ]
SQL: SHOW COLUMNS FROM `edu_friend_link` [ RunTime:0.0112s ]
SQL: SELECT * FROM `edu_friend_link` WHERE `status` = 1 AND `type` = 0 ORDER BY rank desc LIMIT 4   [ RunTime:0.0011s ]
SQL: SHOW COLUMNS FROM `edu_announce` [ RunTime:0.0087s ]
SQL: SELECT * FROM `edu_announce` WHERE `status` = 1 ORDER BY create_time desc LIMIT 5   [ RunTime:0.0008s ]
SQL: SHOW COLUMNS FROM `edu_category` [ RunTime:0.0094s ]
SQL: SELECT `pid`,`id`,`name`,`language_id` FROM `edu_category` WHERE `status` = 1 AND `nav_show` = 0 AND `switch` = 1 AND `language_id` = '2' ORDER BY rank desc  [ RunTime:0.0013s ]
SQL: SHOW COLUMNS FROM `edu_language` [ RunTime:0.0094s ]
SQL: SELECT * FROM `edu_language` WHERE `status` = 1  [ RunTime:0.0010s ]
SQL: SHOW COLUMNS FROM `edu_details` [ RunTime:0.0104s ]
SQL: UPDATE `edu_details` SET `hit`=hit+1 WHERE `id` = 40 [ RunTime:0.3688s ]
SQL: SELECT d.id,d.hit,d.user_id,d.title,d.content,d.create_time,d.update_time,c.pid as c_pid,c.name as category_name,u.name AS user_name FROM edu_details d INNER JOIN edu_category AS c ON d.category_id=c.id LEFT JOIN edu_user AS u ON d.user_id=u.id  WHERE d.status = 1 AND d.is_publish = 1 AND d.id = '40' AND d.language_id = '2'  [ RunTime:0.0016s ]
SQL: SHOW COLUMNS FROM `edu_category` [ RunTime:0.0156s ]
SQL: SELECT `id`,`name` FROM `edu_category` WHERE `status` = 1 AND `switch` = 1 ORDER BY id asc  [ RunTime:0.0012s ]
SQL: SELECT `id`,`name` FROM `edu_category` WHERE `pid` = 2 AND `status` = 1 AND `switch` = 1  [ RunTime:0.0007s ]
INFO: [ view_parse ] --START--
INFO: [ template_filter ] --START--
INFO: Run Behavior\ContentReplaceBehavior [ RunTime:0.000667s ]
INFO: [ template_filter ] --END-- [ RunTime:0.001154s ]
INFO: Run Behavior\ParseTemplateBehavior [ RunTime:0.116810s ]
INFO: [ view_parse ] --END-- [ RunTime:0.117653s ]
INFO: [ view_filter ] --START--
INFO: Run Behavior\WriteHtmlCacheBehavior [ RunTime:0.000871s ]
INFO: [ view_filter ] --END-- [ RunTime:0.001273s ]
INFO: [ action_end ] --START--
INFO: Run Common\Behavior\HyLogBehavior [ RunTime:0.000395s ]
INFO: [ action_end ] --END-- [ RunTime:0.000985s ]
INFO: [ app_end ] --START--
INFO: Run Behavior\ShowPageTraceBehavior [ RunTime:0.001322s ]
INFO: [ app_end ] --END-- [ RunTime:0.001718s ]

[ 2015-12-08T22:25:45+08:00 ] ::1 /sis/index.php/Home/Article/ajax_get_category_id?content_id=40
INFO: [ app_init ] --START--
INFO: Run Behavior\BuildLiteBehavior [ RunTime:0.000111s ]
INFO: [ app_init ] --END-- [ RunTime:0.001551s ]
INFO: [ app_begin ] --START--
INFO: Run Behavior\ReadHtmlCacheBehavior [ RunTime:0.001033s ]
INFO: [ app_begin ] --END-- [ RunTime:0.001364s ]
NOTIC: [8192] mysql_connect(): The mysql extension is deprecated and will be removed in the future: use mysqli or PDO instead G:\wamp\www\sis\HomyitCore\Library\Think\Session\Driver\Db.class.php 第 95 行.
INFO: [ action_begin ] --START--
INFO: Run Common\Behavior\HyLogBehavior [ RunTime:0.001449s ]
INFO: [ action_begin ] --END-- [ RunTime:0.001880s ]
SQL: SHOW COLUMNS FROM `edu_friend_link` [ RunTime:0.0127s ]
SQL: SELECT * FROM `edu_friend_link` WHERE `status` = 1 AND `type` = 0 ORDER BY rank desc LIMIT 4   [ RunTime:0.0010s ]
SQL: SHOW COLUMNS FROM `edu_announce` [ RunTime:0.0099s ]
SQL: SELECT * FROM `edu_announce` WHERE `status` = 1 ORDER BY create_time desc LIMIT 5   [ RunTime:0.0007s ]
SQL: SHOW COLUMNS FROM `edu_category` [ RunTime:0.0120s ]
SQL: SELECT `pid`,`id`,`name`,`language_id` FROM `edu_category` WHERE `status` = 1 AND `nav_show` = 0 AND `switch` = 1 AND `language_id` = 2 ORDER BY rank desc  [ RunTime:0.0012s ]
SQL: SHOW COLUMNS FROM `edu_language` [ RunTime:0.0096s ]
SQL: SELECT * FROM `edu_language` WHERE `status` = 1  [ RunTime:0.0009s ]
SQL: SHOW COLUMNS FROM `edu_details` [ RunTime:0.0117s ]
SQL: SELECT `category_id` FROM `edu_details` WHERE `id` = 40 AND `status` = 1 AND `is_publish` = 1 LIMIT 1   [ RunTime:0.0006s ]

[ 2015-12-08T22:25:48+08:00 ] ::1 /sis/index.php/Home/Article/category/category_id/18/lan_id/2.html
INFO: [ app_init ] --START--
INFO: Run Behavior\BuildLiteBehavior [ RunTime:0.000097s ]
INFO: [ app_init ] --END-- [ RunTime:0.001164s ]
INFO: [ app_begin ] --START--
INFO: Run Behavior\ReadHtmlCacheBehavior [ RunTime:0.000923s ]
INFO: [ app_begin ] --END-- [ RunTime:0.001283s ]
NOTIC: [8192] mysql_connect(): The mysql extension is deprecated and will be removed in the future: use mysqli or PDO instead G:\wamp\www\sis\HomyitCore\Library\Think\Session\Driver\Db.class.php 第 95 行.
INFO: [ action_begin ] --START--
INFO: Run Common\Behavior\HyLogBehavior [ RunTime:0.001130s ]
INFO: [ action_begin ] --END-- [ RunTime:0.001503s ]
SQL: SHOW COLUMNS FROM `edu_friend_link` [ RunTime:0.0080s ]
SQL: SELECT * FROM `edu_friend_link` WHERE `status` = 1 AND `type` = 0 ORDER BY rank desc LIMIT 4   [ RunTime:0.0009s ]
SQL: SHOW COLUMNS FROM `edu_announce` [ RunTime:0.0099s ]
SQL: SELECT * FROM `edu_announce` WHERE `status` = 1 ORDER BY create_time desc LIMIT 5   [ RunTime:0.0007s ]
SQL: SHOW COLUMNS FROM `edu_category` [ RunTime:0.0083s ]
SQL: SELECT `pid`,`id`,`name`,`language_id` FROM `edu_category` WHERE `status` = 1 AND `nav_show` = 0 AND `switch` = 1 AND `language_id` = '2' ORDER BY rank desc  [ RunTime:0.0013s ]
SQL: SHOW COLUMNS FROM `edu_language` [ RunTime:0.0098s ]
SQL: SELECT * FROM `edu_language` WHERE `status` = 1  [ RunTime:0.0008s ]
SQL: SHOW COLUMNS FROM `edu_details` [ RunTime:0.0095s ]
SQL: SHOW COLUMNS FROM `edu_category` [ RunTime:0.0138s ]
SQL: SELECT `name` FROM `edu_category` WHERE `id` = 18 LIMIT 1   [ RunTime:0.0008s ]
NOTIC: [8] Undefined index: p G:\wamp\www\sis\Application\Home\Model\DetailsModel.class.php 第 13 行.
SQL: SELECT d.id,d.title,d.create_time,c.name as category_name,d.category_id,c.pid as c_pid,d.language_id FROM edu_details d INNER JOIN edu_category AS c ON d.category_id = c.id  WHERE d.status = 1 AND d.is_publish = 1 AND d.category_id = '18' LIMIT 0,10   [ RunTime:0.0011s ]
SQL: SELECT `pid` FROM `edu_category` WHERE `id` = 18 LIMIT 1   [ RunTime:0.0008s ]
SQL: SELECT `id`,`name` FROM `edu_category` WHERE `pid` = 2 AND `switch` = 1  [ RunTime:0.0008s ]
SQL: SELECT COUNT(*) AS tp_count FROM `edu_details` WHERE `status` = 1 AND `is_publish` = 1 AND `category_id` = 18 LIMIT 1   [ RunTime:0.0012s ]
SQL: SELECT `pid` FROM `edu_category` WHERE `id` = 18 AND `status` = 1 LIMIT 1   [ RunTime:0.0009s ]
SQL: SELECT `name` FROM `edu_category` WHERE `id` = 2 AND `status` = 1 LIMIT 1   [ RunTime:0.0008s ]
INFO: [ view_parse ] --START--
INFO: [ template_filter ] --START--
INFO: Run Behavior\ContentReplaceBehavior [ RunTime:0.000593s ]
INFO: [ template_filter ] --END-- [ RunTime:0.000965s ]
NOTIC: [8] Undefined index: children G:\wamp\www\sis\Runtime\Cache\Home\1eed4d3931178952bdedc16b19396bb6.php 第 148 行.
NOTIC: [8] Undefined index: children G:\wamp\www\sis\Runtime\Cache\Home\1eed4d3931178952bdedc16b19396bb6.php 第 148 行.
NOTIC: [8] Undefined index: children G:\wamp\www\sis\Runtime\Cache\Home\1eed4d3931178952bdedc16b19396bb6.php 第 148 行.
NOTIC: [8] Undefined index: children G:\wamp\www\sis\Runtime\Cache\Home\1eed4d3931178952bdedc16b19396bb6.php 第 148 行.
NOTIC: [8] Undefined index: children G:\wamp\www\sis\Runtime\Cache\Home\1eed4d3931178952bdedc16b19396bb6.php 第 148 行.
NOTIC: [8] Undefined index: children G:\wamp\www\sis\Runtime\Cache\Home\1eed4d3931178952bdedc16b19396bb6.php 第 148 行.
NOTIC: [8] Undefined index: children G:\wamp\www\sis\Runtime\Cache\Home\1eed4d3931178952bdedc16b19396bb6.php 第 148 行.
NOTIC: [8] Undefined index: children G:\wamp\www\sis\Runtime\Cache\Home\1eed4d3931178952bdedc16b19396bb6.php 第 148 行.
NOTIC: [8] Undefined index: children G:\wamp\www\sis\Runtime\Cache\Home\1eed4d3931178952bdedc16b19396bb6.php 第 148 行.
INFO: Run Behavior\ParseTemplateBehavior [ RunTime:0.116992s ]
INFO: [ view_parse ] --END-- [ RunTime:0.117804s ]
INFO: [ view_filter ] --START--
INFO: Run Behavior\WriteHtmlCacheBehavior [ RunTime:0.002316s ]
INFO: [ view_filter ] --END-- [ RunTime:0.002728s ]
INFO: [ action_end ] --START--
INFO: Run Common\Behavior\HyLogBehavior [ RunTime:0.000549s ]
INFO: [ action_end ] --END-- [ RunTime:0.012639s ]
INFO: [ app_end ] --START--
INFO: Run Behavior\ShowPageTraceBehavior [ RunTime:0.003477s ]
INFO: [ app_end ] --END-- [ RunTime:0.010571s ]

[ 2015-12-08T22:25:49+08:00 ] ::1 /sis/index.php/Home/Index/index/lan_id/2.html
INFO: [ app_init ] --START--
INFO: Run Behavior\BuildLiteBehavior [ RunTime:0.000051s ]
INFO: [ app_init ] --END-- [ RunTime:0.000690s ]
INFO: [ app_begin ] --START--
INFO: Run Behavior\ReadHtmlCacheBehavior [ RunTime:0.000677s ]
INFO: [ app_begin ] --END-- [ RunTime:0.000976s ]
NOTIC: [8192] mysql_connect(): The mysql extension is deprecated and will be removed in the future: use mysqli or PDO instead G:\wamp\www\sis\HomyitCore\Library\Think\Session\Driver\Db.class.php 第 95 行.
INFO: [ action_begin ] --START--
INFO: Run Common\Behavior\HyLogBehavior [ RunTime:0.000914s ]
INFO: [ action_begin ] --END-- [ RunTime:0.001231s ]
SQL: SHOW COLUMNS FROM `edu_friend_link` [ RunTime:0.0119s ]
SQL: SELECT * FROM `edu_friend_link` WHERE `status` = 1 AND `type` = 0 ORDER BY rank desc LIMIT 4   [ RunTime:0.0015s ]
SQL: SHOW COLUMNS FROM `edu_announce` [ RunTime:0.0109s ]
SQL: SELECT * FROM `edu_announce` WHERE `status` = 1 ORDER BY create_time desc LIMIT 5   [ RunTime:0.0016s ]
SQL: SHOW COLUMNS FROM `edu_category` [ RunTime:0.0108s ]
SQL: SELECT `pid`,`id`,`name`,`language_id` FROM `edu_category` WHERE `status` = 1 AND `nav_show` = 0 AND `switch` = 1 AND `language_id` = '2' ORDER BY rank desc  [ RunTime:0.0016s ]
SQL: SHOW COLUMNS FROM `edu_language` [ RunTime:0.0112s ]
SQL: SELECT * FROM `edu_language` WHERE `status` = 1  [ RunTime:0.0015s ]
SQL: SHOW COLUMNS FROM `edu_friend_link` [ RunTime:0.0136s ]
SQL: SELECT `savepath`,`savename`,fl.url,fl.name FROM edu_friend_link fl INNER JOIN edu_frame_file as f ON fl.img=f.id  WHERE fl.status = 1 AND fl.type = 1 ORDER BY fl.create_time desc LIMIT 1   [ RunTime:0.0016s ]
SQL: SHOW COLUMNS FROM `edu_banner` [ RunTime:0.0091s ]
SQL: SELECT b.id,b.index_show,f.savepath,f.savename FROM edu_banner b INNER JOIN edu_frame_file AS f ON b.img_title = f.id  WHERE `status` = 1 AND `index_show` <> 0 ORDER BY b.create_time desc LIMIT 5   [ RunTime:0.0019s ]
SQL: SELECT * FROM `edu_category` WHERE `status` = 1 AND `switch` = 1 AND `nav_show` = 1 AND `language_id` = 2 ORDER BY rank desc LIMIT 5   [ RunTime:0.0018s ]
SQL: SHOW COLUMNS FROM `edu_details` [ RunTime:0.0100s ]
SQL: SELECT d.id,d.content FROM edu_details d INNER JOIN edu_category AS c ON d.category_id = c.id  WHERE d.status = 1 AND c.language_id = '2' AND d.is_publish = 1 ORDER BY d.create_time desc  [ RunTime:0.3182s ]
SQL: SHOW COLUMNS FROM `edu_category` [ RunTime:0.0098s ]
SQL: SELECT `id` FROM `edu_category` WHERE `name` = '领导致辞' LIMIT 1   [ RunTime:0.0017s ]
SQL: SELECT * FROM `edu_details` WHERE `status` = 1 AND `category_id` = 35 AND `language_id` = 2 ORDER BY create_time desc LIMIT 6   [ RunTime:0.0025s ]
SQL: SELECT * FROM `edu_details` WHERE `status` = 1 AND `language_id` = 2 ORDER BY create_time desc LIMIT 6   [ RunTime:0.0059s ]
SQL: SELECT `id` FROM `edu_category` WHERE `name` = '公告通知' LIMIT 1   [ RunTime:0.0015s ]
SQL: SELECT * FROM `edu_details` WHERE `status` = 1 AND `category_id` = 18 AND `language_id` = 2 ORDER BY create_time desc LIMIT 6   [ RunTime:0.0030s ]
SQL: SELECT `id` FROM `edu_category` WHERE `pid` = 12 AND `status` = 1 LIMIT 1   [ RunTime:0.0014s ]
INFO: [ view_parse ] --START--
INFO: [ template_filter ] --START--
INFO: Run Behavior\ContentReplaceBehavior [ RunTime:0.000864s ]
INFO: [ template_filter ] --END-- [ RunTime:0.001207s ]
INFO: Run Behavior\ParseTemplateBehavior [ RunTime:0.174715s ]
INFO: [ view_parse ] --END-- [ RunTime:0.175317s ]
INFO: [ view_filter ] --START--
INFO: Run Behavior\WriteHtmlCacheBehavior [ RunTime:0.000757s ]
INFO: [ view_filter ] --END-- [ RunTime:0.001181s ]
INFO: [ action_end ] --START--
INFO: Run Common\Behavior\HyLogBehavior [ RunTime:0.000175s ]
INFO: [ action_end ] --END-- [ RunTime:0.000552s ]
INFO: [ app_end ] --START--
INFO: Run Behavior\ShowPageTraceBehavior [ RunTime:0.001343s ]
INFO: [ app_end ] --END-- [ RunTime:0.001672s ]

[ 2015-12-08T22:25:52+08:00 ] ::1 /sis/index.php/Home/Article/category/category_id/30/lan_id/2.html
INFO: [ app_init ] --START--
INFO: Run Behavior\BuildLiteBehavior [ RunTime:0.000062s ]
INFO: [ app_init ] --END-- [ RunTime:0.000733s ]
INFO: [ app_begin ] --START--
INFO: Run Behavior\ReadHtmlCacheBehavior [ RunTime:0.000832s ]
INFO: [ app_begin ] --END-- [ RunTime:0.001115s ]
NOTIC: [8192] mysql_connect(): The mysql extension is deprecated and will be removed in the future: use mysqli or PDO instead G:\wamp\www\sis\HomyitCore\Library\Think\Session\Driver\Db.class.php 第 95 行.
INFO: [ action_begin ] --START--
INFO: Run Common\Behavior\HyLogBehavior [ RunTime:0.001036s ]
INFO: [ action_begin ] --END-- [ RunTime:0.001405s ]
SQL: SHOW COLUMNS FROM `edu_friend_link` [ RunTime:0.0106s ]
SQL: SELECT * FROM `edu_friend_link` WHERE `status` = 1 AND `type` = 0 ORDER BY rank desc LIMIT 4   [ RunTime:0.0008s ]
SQL: SHOW COLUMNS FROM `edu_announce` [ RunTime:0.0080s ]
SQL: SELECT * FROM `edu_announce` WHERE `status` = 1 ORDER BY create_time desc LIMIT 5   [ RunTime:0.0006s ]
SQL: SHOW COLUMNS FROM `edu_category` [ RunTime:0.0093s ]
SQL: SELECT `pid`,`id`,`name`,`language_id` FROM `edu_category` WHERE `status` = 1 AND `nav_show` = 0 AND `switch` = 1 AND `language_id` = '2' ORDER BY rank desc  [ RunTime:0.0016s ]
SQL: SHOW COLUMNS FROM `edu_language` [ RunTime:0.0092s ]
SQL: SELECT * FROM `edu_language` WHERE `status` = 1  [ RunTime:0.0006s ]
SQL: SHOW COLUMNS FROM `edu_details` [ RunTime:0.0088s ]
SQL: SHOW COLUMNS FROM `edu_category` [ RunTime:0.0104s ]
SQL: SELECT `name` FROM `edu_category` WHERE `id` = 30 LIMIT 1   [ RunTime:0.0005s ]
NOTIC: [8] Undefined index: p G:\wamp\www\sis\Application\Home\Model\DetailsModel.class.php 第 13 行.
SQL: SELECT d.id,d.title,d.create_time,c.name as category_name,d.category_id,c.pid as c_pid,d.language_id FROM edu_details d INNER JOIN edu_category AS c ON d.category_id = c.id  WHERE d.status = 1 AND d.is_publish = 1 AND d.category_id = '30' LIMIT 0,10   [ RunTime:0.0018s ]
SQL: SELECT `pid` FROM `edu_category` WHERE `id` = 30 LIMIT 1   [ RunTime:0.0007s ]
SQL: SELECT `id`,`name` FROM `edu_category` WHERE `pid` = 8 AND `switch` = 1  [ RunTime:0.0006s ]
SQL: SELECT COUNT(*) AS tp_count FROM `edu_details` WHERE `status` = 1 AND `is_publish` = 1 AND `category_id` = 30 LIMIT 1   [ RunTime:0.0009s ]
SQL: SELECT `pid` FROM `edu_category` WHERE `id` = 30 AND `status` = 1 LIMIT 1   [ RunTime:0.0006s ]
SQL: SELECT `name` FROM `edu_category` WHERE `id` = 8 AND `status` = 1 LIMIT 1   [ RunTime:0.0006s ]
INFO: [ view_parse ] --START--
INFO: [ template_filter ] --START--
INFO: Run Behavior\ContentReplaceBehavior [ RunTime:0.000690s ]
INFO: [ template_filter ] --END-- [ RunTime:0.001166s ]
INFO: Run Behavior\ParseTemplateBehavior [ RunTime:0.121049s ]
INFO: [ view_parse ] --END-- [ RunTime:0.121522s ]
INFO: [ view_filter ] --START--
INFO: Run Behavior\WriteHtmlCacheBehavior [ RunTime:0.001089s ]
INFO: [ view_filter ] --END-- [ RunTime:0.001676s ]
INFO: [ action_end ] --START--
INFO: Run Common\Behavior\HyLogBehavior [ RunTime:0.000142s ]
INFO: [ action_end ] --END-- [ RunTime:0.000573s ]
INFO: [ app_end ] --START--
INFO: Run Behavior\ShowPageTraceBehavior [ RunTime:0.005970s ]
INFO: [ app_end ] --END-- [ RunTime:0.006571s ]

[ 2015-12-08T22:25:54+08:00 ] ::1 /sis/index.php/Home/Article/category/category_id/31/lan_id/2.html
INFO: [ app_init ] --START--
INFO: Run Behavior\BuildLiteBehavior [ RunTime:0.000157s ]
INFO: [ app_init ] --END-- [ RunTime:0.001188s ]
INFO: [ app_begin ] --START--
INFO: Run Behavior\ReadHtmlCacheBehavior [ RunTime:0.001215s ]
INFO: [ app_begin ] --END-- [ RunTime:0.001867s ]
NOTIC: [8192] mysql_connect(): The mysql extension is deprecated and will be removed in the future: use mysqli or PDO instead G:\wamp\www\sis\HomyitCore\Library\Think\Session\Driver\Db.class.php 第 95 行.
INFO: [ action_begin ] --START--
INFO: Run Common\Behavior\HyLogBehavior [ RunTime:0.001341s ]
INFO: [ action_begin ] --END-- [ RunTime:0.002001s ]
SQL: SHOW COLUMNS FROM `edu_friend_link` [ RunTime:0.0070s ]
SQL: SELECT * FROM `edu_friend_link` WHERE `status` = 1 AND `type` = 0 ORDER BY rank desc LIMIT 4   [ RunTime:0.0009s ]
SQL: SHOW COLUMNS FROM `edu_announce` [ RunTime:0.0085s ]
SQL: SELECT * FROM `edu_announce` WHERE `status` = 1 ORDER BY create_time desc LIMIT 5   [ RunTime:0.0015s ]
SQL: SHOW COLUMNS FROM `edu_category` [ RunTime:0.0093s ]
SQL: SELECT `pid`,`id`,`name`,`language_id` FROM `edu_category` WHERE `status` = 1 AND `nav_show` = 0 AND `switch` = 1 AND `language_id` = '2' ORDER BY rank desc  [ RunTime:0.0013s ]
SQL: SHOW COLUMNS FROM `edu_language` [ RunTime:0.0079s ]
SQL: SELECT * FROM `edu_language` WHERE `status` = 1  [ RunTime:0.0008s ]
SQL: SHOW COLUMNS FROM `edu_details` [ RunTime:0.0110s ]
SQL: SHOW COLUMNS FROM `edu_category` [ RunTime:0.0095s ]
SQL: SELECT `name` FROM `edu_category` WHERE `id` = 31 LIMIT 1   [ RunTime:0.0007s ]
NOTIC: [8] Undefined index: p G:\wamp\www\sis\Application\Home\Model\DetailsModel.class.php 第 13 行.
SQL: SELECT d.id,d.title,d.create_time,c.name as category_name,d.category_id,c.pid as c_pid,d.language_id FROM edu_details d INNER JOIN edu_category AS c ON d.category_id = c.id  WHERE d.status = 1 AND d.is_publish = 1 AND d.category_id = '31' LIMIT 0,10   [ RunTime:0.0016s ]
SQL: SELECT `pid` FROM `edu_category` WHERE `id` = 31 LIMIT 1   [ RunTime:0.0007s ]
SQL: SELECT `id`,`name` FROM `edu_category` WHERE `pid` = 8 AND `switch` = 1  [ RunTime:0.0010s ]
SQL: SELECT COUNT(*) AS tp_count FROM `edu_details` WHERE `status` = 1 AND `is_publish` = 1 AND `category_id` = 31 LIMIT 1   [ RunTime:0.0014s ]
SQL: SELECT `pid` FROM `edu_category` WHERE `id` = 31 AND `status` = 1 LIMIT 1   [ RunTime:0.0008s ]
SQL: SELECT `name` FROM `edu_category` WHERE `id` = 8 AND `status` = 1 LIMIT 1   [ RunTime:0.0008s ]
INFO: [ view_parse ] --START--
INFO: [ template_filter ] --START--
INFO: Run Behavior\ContentReplaceBehavior [ RunTime:0.000506s ]
INFO: [ template_filter ] --END-- [ RunTime:0.000835s ]
INFO: Run Behavior\ParseTemplateBehavior [ RunTime:0.112821s ]
INFO: [ view_parse ] --END-- [ RunTime:0.113130s ]
INFO: [ view_filter ] --START--
INFO: Run Behavior\WriteHtmlCacheBehavior [ RunTime:0.000879s ]
INFO: [ view_filter ] --END-- [ RunTime:0.001157s ]
INFO: [ action_end ] --START--
INFO: Run Common\Behavior\HyLogBehavior [ RunTime:0.000142s ]
INFO: [ action_end ] --END-- [ RunTime:0.000545s ]
INFO: [ app_end ] --START--
INFO: Run Behavior\ShowPageTraceBehavior [ RunTime:0.001151s ]
INFO: [ app_end ] --END-- [ RunTime:0.001482s ]

[ 2015-12-08T22:25:55+08:00 ] ::1 /sis/index.php/Home/Article/category/category_id/30/lan_id/2.html
INFO: [ app_init ] --START--
INFO: Run Behavior\BuildLiteBehavior [ RunTime:0.000073s ]
INFO: [ app_init ] --END-- [ RunTime:0.001014s ]
INFO: [ app_begin ] --START--
INFO: Run Behavior\ReadHtmlCacheBehavior [ RunTime:0.001786s ]
INFO: [ app_begin ] --END-- [ RunTime:0.002287s ]
NOTIC: [8192] mysql_connect(): The mysql extension is deprecated and will be removed in the future: use mysqli or PDO instead G:\wamp\www\sis\HomyitCore\Library\Think\Session\Driver\Db.class.php 第 95 行.
INFO: [ action_begin ] --START--
INFO: Run Common\Behavior\HyLogBehavior [ RunTime:0.001090s ]
INFO: [ action_begin ] --END-- [ RunTime:0.001499s ]
SQL: SHOW COLUMNS FROM `edu_friend_link` [ RunTime:0.0092s ]
SQL: SELECT * FROM `edu_friend_link` WHERE `status` = 1 AND `type` = 0 ORDER BY rank desc LIMIT 4   [ RunTime:0.0009s ]
SQL: SHOW COLUMNS FROM `edu_announce` [ RunTime:0.0156s ]
SQL: SELECT * FROM `edu_announce` WHERE `status` = 1 ORDER BY create_time desc LIMIT 5   [ RunTime:0.0008s ]
SQL: SHOW COLUMNS FROM `edu_category` [ RunTime:0.0084s ]
SQL: SELECT `pid`,`id`,`name`,`language_id` FROM `edu_category` WHERE `status` = 1 AND `nav_show` = 0 AND `switch` = 1 AND `language_id` = '2' ORDER BY rank desc  [ RunTime:0.0010s ]
SQL: SHOW COLUMNS FROM `edu_language` [ RunTime:0.0105s ]
SQL: SELECT * FROM `edu_language` WHERE `status` = 1  [ RunTime:0.0006s ]
SQL: SHOW COLUMNS FROM `edu_details` [ RunTime:0.0102s ]
SQL: SHOW COLUMNS FROM `edu_category` [ RunTime:0.0096s ]
SQL: SELECT `name` FROM `edu_category` WHERE `id` = 30 LIMIT 1   [ RunTime:0.0008s ]
NOTIC: [8] Undefined index: p G:\wamp\www\sis\Application\Home\Model\DetailsModel.class.php 第 13 行.
SQL: SELECT d.id,d.title,d.create_time,c.name as category_name,d.category_id,c.pid as c_pid,d.language_id FROM edu_details d INNER JOIN edu_category AS c ON d.category_id = c.id  WHERE d.status = 1 AND d.is_publish = 1 AND d.category_id = '30' LIMIT 0,10   [ RunTime:0.0014s ]
SQL: SELECT `pid` FROM `edu_category` WHERE `id` = 30 LIMIT 1   [ RunTime:0.0006s ]
SQL: SELECT `id`,`name` FROM `edu_category` WHERE `pid` = 8 AND `switch` = 1  [ RunTime:0.0006s ]
SQL: SELECT COUNT(*) AS tp_count FROM `edu_details` WHERE `status` = 1 AND `is_publish` = 1 AND `category_id` = 30 LIMIT 1   [ RunTime:0.0010s ]
SQL: SELECT `pid` FROM `edu_category` WHERE `id` = 30 AND `status` = 1 LIMIT 1   [ RunTime:0.0006s ]
SQL: SELECT `name` FROM `edu_category` WHERE `id` = 8 AND `status` = 1 LIMIT 1   [ RunTime:0.0006s ]
INFO: [ view_parse ] --START--
INFO: [ template_filter ] --START--
INFO: Run Behavior\ContentReplaceBehavior [ RunTime:0.000635s ]
INFO: [ template_filter ] --END-- [ RunTime:0.001028s ]
INFO: Run Behavior\ParseTemplateBehavior [ RunTime:0.116333s ]
INFO: [ view_parse ] --END-- [ RunTime:0.116787s ]
INFO: [ view_filter ] --START--
INFO: Run Behavior\WriteHtmlCacheBehavior [ RunTime:0.002037s ]
INFO: [ view_filter ] --END-- [ RunTime:0.002502s ]
INFO: [ action_end ] --START--
INFO: Run Common\Behavior\HyLogBehavior [ RunTime:0.000213s ]
INFO: [ action_end ] --END-- [ RunTime:0.000765s ]
INFO: [ app_end ] --START--
INFO: Run Behavior\ShowPageTraceBehavior [ RunTime:0.001765s ]
INFO: [ app_end ] --END-- [ RunTime:0.002140s ]

[ 2015-12-08T22:25:56+08:00 ] ::1 /sis/index.php/Home/Article/category/category_id/20/lan_id/2.html
INFO: [ app_init ] --START--
INFO: Run Behavior\BuildLiteBehavior [ RunTime:0.000082s ]
INFO: [ app_init ] --END-- [ RunTime:0.000987s ]
INFO: [ app_begin ] --START--
INFO: Run Behavior\ReadHtmlCacheBehavior [ RunTime:0.000731s ]
INFO: [ app_begin ] --END-- [ RunTime:0.001070s ]
NOTIC: [8192] mysql_connect(): The mysql extension is deprecated and will be removed in the future: use mysqli or PDO instead G:\wamp\www\sis\HomyitCore\Library\Think\Session\Driver\Db.class.php 第 95 行.
INFO: [ action_begin ] --START--
INFO: Run Common\Behavior\HyLogBehavior [ RunTime:0.001252s ]
INFO: [ action_begin ] --END-- [ RunTime:0.001734s ]
SQL: SHOW COLUMNS FROM `edu_friend_link` [ RunTime:0.0097s ]
SQL: SELECT * FROM `edu_friend_link` WHERE `status` = 1 AND `type` = 0 ORDER BY rank desc LIMIT 4   [ RunTime:0.0012s ]
SQL: SHOW COLUMNS FROM `edu_announce` [ RunTime:0.0103s ]
SQL: SELECT * FROM `edu_announce` WHERE `status` = 1 ORDER BY create_time desc LIMIT 5   [ RunTime:0.0012s ]
SQL: SHOW COLUMNS FROM `edu_category` [ RunTime:0.0085s ]
SQL: SELECT `pid`,`id`,`name`,`language_id` FROM `edu_category` WHERE `status` = 1 AND `nav_show` = 0 AND `switch` = 1 AND `language_id` = '2' ORDER BY rank desc  [ RunTime:0.0017s ]
SQL: SHOW COLUMNS FROM `edu_language` [ RunTime:0.0092s ]
SQL: SELECT * FROM `edu_language` WHERE `status` = 1  [ RunTime:0.0012s ]
SQL: SHOW COLUMNS FROM `edu_details` [ RunTime:0.0085s ]
SQL: SHOW COLUMNS FROM `edu_category` [ RunTime:0.0084s ]
SQL: SELECT `name` FROM `edu_category` WHERE `id` = 20 LIMIT 1   [ RunTime:0.0010s ]
NOTIC: [8] Undefined index: p G:\wamp\www\sis\Application\Home\Model\DetailsModel.class.php 第 13 行.
SQL: SELECT d.id,d.title,d.create_time,c.name as category_name,d.category_id,c.pid as c_pid,d.language_id FROM edu_details d INNER JOIN edu_category AS c ON d.category_id = c.id  WHERE d.status = 1 AND d.is_publish = 1 AND d.category_id = '20' LIMIT 0,10   [ RunTime:0.0029s ]
SQL: SELECT `pid` FROM `edu_category` WHERE `id` = 20 LIMIT 1   [ RunTime:0.0012s ]
SQL: SELECT `id`,`name` FROM `edu_category` WHERE `pid` = 3 AND `switch` = 1  [ RunTime:0.0010s ]
SQL: SELECT COUNT(*) AS tp_count FROM `edu_details` WHERE `status` = 1 AND `is_publish` = 1 AND `category_id` = 20 LIMIT 1   [ RunTime:0.0016s ]
SQL: SELECT `pid` FROM `edu_category` WHERE `id` = 20 AND `status` = 1 LIMIT 1   [ RunTime:0.0011s ]
SQL: SELECT `name` FROM `edu_category` WHERE `id` = 3 AND `status` = 1 LIMIT 1   [ RunTime:0.0009s ]
INFO: [ view_parse ] --START--
INFO: [ template_filter ] --START--
INFO: Run Behavior\ContentReplaceBehavior [ RunTime:0.003973s ]
INFO: [ template_filter ] --END-- [ RunTime:0.005040s ]
NOTIC: [8] Undefined index: children G:\wamp\www\sis\Runtime\Cache\Home\1eed4d3931178952bdedc16b19396bb6.php 第 148 行.
NOTIC: [8] Undefined index: children G:\wamp\www\sis\Runtime\Cache\Home\1eed4d3931178952bdedc16b19396bb6.php 第 148 行.
NOTIC: [8] Undefined index: children G:\wamp\www\sis\Runtime\Cache\Home\1eed4d3931178952bdedc16b19396bb6.php 第 148 行.
NOTIC: [8] Undefined index: children G:\wamp\www\sis\Runtime\Cache\Home\1eed4d3931178952bdedc16b19396bb6.php 第 148 行.
NOTIC: [8] Undefined index: children G:\wamp\www\sis\Runtime\Cache\Home\1eed4d3931178952bdedc16b19396bb6.php 第 148 行.
NOTIC: [8] Undefined index: children G:\wamp\www\sis\Runtime\Cache\Home\1eed4d3931178952bdedc16b19396bb6.php 第 148 行.
NOTIC: [8] Undefined index: children G:\wamp\www\sis\Runtime\Cache\Home\1eed4d3931178952bdedc16b19396bb6.php 第 148 行.
NOTIC: [8] Undefined index: children G:\wamp\www\sis\Runtime\Cache\Home\1eed4d3931178952bdedc16b19396bb6.php 第 148 行.
NOTIC: [8] Undefined index: children G:\wamp\www\sis\Runtime\Cache\Home\1eed4d3931178952bdedc16b19396bb6.php 第 148 行.
INFO: Run Behavior\ParseTemplateBehavior [ RunTime:0.117313s ]
INFO: [ view_parse ] --END-- [ RunTime:0.117685s ]
INFO: [ view_filter ] --START--
INFO: Run Behavior\WriteHtmlCacheBehavior [ RunTime:0.000861s ]
INFO: [ view_filter ] --END-- [ RunTime:0.001163s ]
INFO: [ action_end ] --START--
INFO: Run Common\Behavior\HyLogBehavior [ RunTime:0.000165s ]
INFO: [ action_end ] --END-- [ RunTime:0.000492s ]
INFO: [ app_end ] --START--
INFO: Run Behavior\ShowPageTraceBehavior [ RunTime:0.001347s ]
INFO: [ app_end ] --END-- [ RunTime:0.001915s ]

[ 2015-12-08T22:25:58+08:00 ] ::1 /sis/index.php/Home/Index/index/lan_id/2.html
INFO: [ app_init ] --START--
INFO: Run Behavior\BuildLiteBehavior [ RunTime:0.000076s ]
INFO: [ app_init ] --END-- [ RunTime:0.000781s ]
INFO: [ app_begin ] --START--
INFO: Run Behavior\ReadHtmlCacheBehavior [ RunTime:0.001332s ]
INFO: [ app_begin ] --END-- [ RunTime:0.001764s ]
NOTIC: [8192] mysql_connect(): The mysql extension is deprecated and will be removed in the future: use mysqli or PDO instead G:\wamp\www\sis\HomyitCore\Library\Think\Session\Driver\Db.class.php 第 95 行.
INFO: [ action_begin ] --START--
INFO: Run Common\Behavior\HyLogBehavior [ RunTime:0.000892s ]
INFO: [ action_begin ] --END-- [ RunTime:0.001226s ]
SQL: SHOW COLUMNS FROM `edu_friend_link` [ RunTime:0.0098s ]
SQL: SELECT * FROM `edu_friend_link` WHERE `status` = 1 AND `type` = 0 ORDER BY rank desc LIMIT 4   [ RunTime:0.0017s ]
SQL: SHOW COLUMNS FROM `edu_announce` [ RunTime:0.0095s ]
SQL: SELECT * FROM `edu_announce` WHERE `status` = 1 ORDER BY create_time desc LIMIT 5   [ RunTime:0.0010s ]
SQL: SHOW COLUMNS FROM `edu_category` [ RunTime:0.0099s ]
SQL: SELECT `pid`,`id`,`name`,`language_id` FROM `edu_category` WHERE `status` = 1 AND `nav_show` = 0 AND `switch` = 1 AND `language_id` = '2' ORDER BY rank desc  [ RunTime:0.0017s ]
SQL: SHOW COLUMNS FROM `edu_language` [ RunTime:0.0093s ]
SQL: SELECT * FROM `edu_language` WHERE `status` = 1  [ RunTime:0.0012s ]
SQL: SHOW COLUMNS FROM `edu_friend_link` [ RunTime:0.0104s ]
SQL: SELECT `savepath`,`savename`,fl.url,fl.name FROM edu_friend_link fl INNER JOIN edu_frame_file as f ON fl.img=f.id  WHERE fl.status = 1 AND fl.type = 1 ORDER BY fl.create_time desc LIMIT 1   [ RunTime:0.0017s ]
SQL: SHOW COLUMNS FROM `edu_banner` [ RunTime:0.0103s ]
SQL: SELECT b.id,b.index_show,f.savepath,f.savename FROM edu_banner b INNER JOIN edu_frame_file AS f ON b.img_title = f.id  WHERE `status` = 1 AND `index_show` <> 0 ORDER BY b.create_time desc LIMIT 5   [ RunTime:0.0015s ]
SQL: SELECT * FROM `edu_category` WHERE `status` = 1 AND `switch` = 1 AND `nav_show` = 1 AND `language_id` = 2 ORDER BY rank desc LIMIT 5   [ RunTime:0.0016s ]
SQL: SHOW COLUMNS FROM `edu_details` [ RunTime:0.0114s ]
SQL: SELECT d.id,d.content FROM edu_details d INNER JOIN edu_category AS c ON d.category_id = c.id  WHERE d.status = 1 AND c.language_id = '2' AND d.is_publish = 1 ORDER BY d.create_time desc  [ RunTime:0.4303s ]
SQL: SHOW COLUMNS FROM `edu_category` [ RunTime:0.0114s ]
SQL: SELECT `id` FROM `edu_category` WHERE `name` = '领导致辞' LIMIT 1   [ RunTime:0.0016s ]
SQL: SELECT * FROM `edu_details` WHERE `status` = 1 AND `category_id` = 35 AND `language_id` = 2 ORDER BY create_time desc LIMIT 6   [ RunTime:0.0033s ]
SQL: SELECT * FROM `edu_details` WHERE `status` = 1 AND `language_id` = 2 ORDER BY create_time desc LIMIT 6   [ RunTime:0.0068s ]
SQL: SELECT `id` FROM `edu_category` WHERE `name` = '公告通知' LIMIT 1   [ RunTime:0.0016s ]
SQL: SELECT * FROM `edu_details` WHERE `status` = 1 AND `category_id` = 18 AND `language_id` = 2 ORDER BY create_time desc LIMIT 6   [ RunTime:0.0041s ]
SQL: SELECT `id` FROM `edu_category` WHERE `pid` = 12 AND `status` = 1 LIMIT 1   [ RunTime:0.0015s ]
INFO: [ view_parse ] --START--
INFO: [ template_filter ] --START--
INFO: Run Behavior\ContentReplaceBehavior [ RunTime:0.000677s ]
INFO: [ template_filter ] --END-- [ RunTime:0.000998s ]
INFO: Run Behavior\ParseTemplateBehavior [ RunTime:0.180999s ]
INFO: [ view_parse ] --END-- [ RunTime:0.181320s ]
INFO: [ view_filter ] --START--
INFO: Run Behavior\WriteHtmlCacheBehavior [ RunTime:0.001102s ]
INFO: [ view_filter ] --END-- [ RunTime:0.001510s ]
INFO: [ action_end ] --START--
INFO: Run Common\Behavior\HyLogBehavior [ RunTime:0.000201s ]
INFO: [ action_end ] --END-- [ RunTime:0.001010s ]
INFO: [ app_end ] --START--
INFO: Run Behavior\ShowPageTraceBehavior [ RunTime:0.001907s ]
INFO: [ app_end ] --END-- [ RunTime:0.002384s ]

