[ 2016-03-28T19:25:26+08:00 ] ::1 /sis%20-%20test/
INFO: [ app_init ] --START--
INFO: Run Behavior\BuildLiteBehavior [ RunTime:0.000052s ]
INFO: [ app_init ] --END-- [ RunTime:0.000842s ]
INFO: [ app_begin ] --START--
INFO: Run Behavior\ReadHtmlCacheBehavior [ RunTime:0.001226s ]
INFO: [ app_begin ] --END-- [ RunTime:0.001483s ]
NOTIC: [8192] mysql_connect(): The mysql extension is deprecated and will be removed in the future: use mysqli or PDO instead E:\wamp\www\sis - test\HomyitCore\Library\Think\Session\Driver\Db.class.php 第 95 行.
INFO: [ action_begin ] --START--
INFO: Run Common\Behavior\HyLogBehavior [ RunTime:0.001530s ]
INFO: [ action_begin ] --END-- [ RunTime:0.001791s ]
SQL: SHOW COLUMNS FROM `edu_friend_link` [ RunTime:0.0517s ]
SQL: SELECT * FROM `edu_friend_link` WHERE `status` = 1 AND `type` = 0 ORDER BY rank desc LIMIT 4   [ RunTime:0.0399s ]
SQL: SHOW COLUMNS FROM `edu_announce` [ RunTime:0.0313s ]
SQL: SELECT * FROM `edu_announce` WHERE `status` = 1 ORDER BY create_time desc LIMIT 5   [ RunTime:0.0299s ]
SQL: SHOW COLUMNS FROM `edu_category` [ RunTime:0.0225s ]
SQL: SELECT `pid`,`id`,`name`,`language_id` FROM `edu_category` WHERE `status` = 1 AND `nav_show` = 0 AND `switch` = 1 AND `language_id` = 2 ORDER BY rank desc  [ RunTime:0.0436s ]
SQL: SHOW COLUMNS FROM `edu_language` [ RunTime:0.0738s ]
SQL: SELECT * FROM `edu_language` WHERE `status` = 1  [ RunTime:0.0649s ]
SQL: SHOW COLUMNS FROM `edu_friend_link` [ RunTime:0.0046s ]
SQL: SELECT `savepath`,`savename`,fl.url,fl.name FROM edu_friend_link fl INNER JOIN edu_frame_file as f ON fl.img=f.id  WHERE fl.status = 1 AND fl.type = 1 ORDER BY fl.create_time desc LIMIT 1   [ RunTime:0.0750s ]
SQL: SHOW COLUMNS FROM `edu_banner` [ RunTime:0.0277s ]
SQL: SELECT b.id,b.index_show,f.savepath,f.savename FROM edu_banner b INNER JOIN edu_frame_file AS f ON b.img_title = f.id  WHERE `status` = 1 AND `index_show` <> 0 ORDER BY b.create_time desc LIMIT 5   [ RunTime:0.0470s ]
SQL: SELECT * FROM `edu_category` WHERE `status` = 1 AND `switch` = 1 AND `nav_show` = 1 AND `language_id` = 2 ORDER BY rank desc LIMIT 5   [ RunTime:0.0006s ]
SQL: SHOW COLUMNS FROM `edu_details` [ RunTime:0.0468s ]
SQL: SELECT d.id,d.content FROM edu_details d INNER JOIN edu_category AS c ON d.category_id = c.id  WHERE d.status = 1 AND c.language_id = 2 AND d.is_publish = 1 ORDER BY d.create_time desc  [ RunTime:3.0753s ]
NOTIC: [8] Undefined variable: img_arrs E:\wamp\www\sis - test\Application\Home\Model\DetailsModel.class.php 第 153 行.
NOTIC: [2] Invalid argument supplied for foreach() E:\wamp\www\sis - test\Application\Home\Model\DetailsModel.class.php 第 153 行.
SQL: SHOW COLUMNS FROM `edu_category` [ RunTime:0.0045s ]
SQL: SELECT `id` FROM `edu_category` WHERE `name` = '领导致辞' LIMIT 1   [ RunTime:0.0007s ]
SQL: SELECT * FROM `edu_details` WHERE `status` = 1 AND `category_id` = 59 AND `language_id` = 2 ORDER BY create_time desc LIMIT 6   [ RunTime:0.0014s ]
SQL: SELECT * FROM `edu_details` WHERE `status` = 1 AND `language_id` = 2 ORDER BY create_time desc LIMIT 6   [ RunTime:0.0297s ]
SQL: SELECT `id` FROM `edu_category` WHERE `name` = '公告通知' LIMIT 1   [ RunTime:0.0004s ]
SQL: SELECT * FROM `edu_details` WHERE `status` = 1 AND `category_id` = 18 AND `language_id` = 2 ORDER BY create_time desc LIMIT 6   [ RunTime:0.0013s ]
INFO: [ view_parse ] --START--
INFO: [ template_filter ] --START--
INFO: Run Behavior\ContentReplaceBehavior [ RunTime:0.000661s ]
INFO: [ template_filter ] --END-- [ RunTime:0.000910s ]
INFO: Run Behavior\ParseTemplateBehavior [ RunTime:0.188888s ]
INFO: [ view_parse ] --END-- [ RunTime:0.189133s ]
INFO: [ view_filter ] --START--
INFO: Run Behavior\WriteHtmlCacheBehavior [ RunTime:0.003079s ]
INFO: [ view_filter ] --END-- [ RunTime:0.003948s ]
INFO: [ action_end ] --START--
INFO: Run Common\Behavior\HyLogBehavior [ RunTime:0.000111s ]
INFO: [ action_end ] --END-- [ RunTime:0.000364s ]
INFO: [ app_end ] --START--
INFO: Run Behavior\ShowPageTraceBehavior [ RunTime:0.023196s ]
INFO: [ app_end ] --END-- [ RunTime:0.023486s ]

