[ 2015-12-12T16:33:50+08:00 ] ::1 /sis/index.php/QuestionCategory/QuestionsTeacher/all.html
INFO: [ app_init ] --START--
INFO: Run Behavior\BuildLiteBehavior [ RunTime:0.000059s ]
INFO: [ app_init ] --END-- [ RunTime:0.000803s ]
INFO: [ app_begin ] --START--
INFO: Run Behavior\ReadHtmlCacheBehavior [ RunTime:0.001719s ]
INFO: [ app_begin ] --END-- [ RunTime:0.002205s ]
NOTIC: [8192] mysql_connect(): The mysql extension is deprecated and will be removed in the future: use mysqli or PDO instead G:\wamp\www\sis\HomyitCore\Library\Think\Session\Driver\Db.class.php 第 95 行.
INFO: [ action_begin ] --START--
INFO: Run Common\Behavior\HyLogBehavior [ RunTime:0.002370s ]
INFO: [ action_begin ] --END-- [ RunTime:0.002818s ]
NOTIC: [2048] Declaration of Common\Model\HyFrameModel::find() should be compatible with Think\Model::find($options = Array) G:\wamp\www\sis\Application\Common\Model\HyFrameModel.class.php 第 13 行.
NOTIC: [8] Undefined index: model G:\wamp\www\sis\Application\Common\Controller\HyFrameController.class.php 第 42 行.
SQL: SHOW COLUMNS FROM `edu_questions` [ RunTime:0.0476s ]
INFO: [ hy_log ] --START--
NOTIC: [8] Undefined variable: sql G:\wamp\www\sis\Application\Common\Behavior\HyLogBehavior.class.php 第 31 行.
INFO: Run Common\Behavior\HyLogBehavior [ RunTime:0.000216s ]
INFO: [ hy_log ] --END-- [ RunTime:0.000587s ]
INFO: [ hy_log ] --START--
NOTIC: [8] Undefined index: style G:\wamp\www\sis\Application\Common\Behavior\HyLogBehavior.class.php 第 23 行.
NOTIC: [8] Undefined index: sql G:\wamp\www\sis\Application\Common\Behavior\HyLogBehavior.class.php 第 25 行.
INFO: Run Common\Behavior\HyLogBehavior [ RunTime:0.000279s ]
INFO: [ hy_log ] --END-- [ RunTime:-0.000283s ]
NOTIC: [8] Undefined index: all G:\wamp\www\sis\Application\Common\Model\HyAllModel.class.php 第 922 行.
NOTIC: [8] Undefined index: tips G:\wamp\www\sis\Application\Common\Model\HyAllModel.class.php 第 452 行.
NOTIC: [8] Undefined index: search G:\wamp\www\sis\Application\Common\Model\HyAllModel.class.php 第 428 行.
NOTIC: [8] Undefined index: title G:\wamp\www\sis\Application\Common\Model\HyAllModel.class.php 第 425 行.
NOTIC: [8] Undefined index: list G:\wamp\www\sis\Application\Common\Model\HyAllModel.class.php 第 425 行.
NOTIC: [8] Undefined index: title G:\wamp\www\sis\Application\Common\Model\HyAllModel.class.php 第 426 行.
NOTIC: [8] Undefined index: title G:\wamp\www\sis\Application\Common\Model\HyAllModel.class.php 第 426 行.
NOTIC: [8] Undefined index: search G:\wamp\www\sis\Application\Common\Model\HyAllModel.class.php 第 428 行.
NOTIC: [8] Undefined index: form G:\wamp\www\sis\Application\Common\Model\HyAllModel.class.php 第 432 行.
SQL: SHOW COLUMNS FROM `edu_question_category` [ RunTime:0.0620s ]
SQL: SELECT `id`,`pid`,`name` FROM `edu_question_category` WHERE `status` = 1  [ RunTime:0.0218s ]
NOTIC: [8] Undefined index: title G:\wamp\www\sis\Application\Common\Model\HyAllModel.class.php 第 425 行.
NOTIC: [8] Undefined index: list G:\wamp\www\sis\Application\Common\Model\HyAllModel.class.php 第 425 行.
NOTIC: [8] Undefined index: title G:\wamp\www\sis\Application\Common\Model\HyAllModel.class.php 第 426 行.
NOTIC: [8] Undefined index: title G:\wamp\www\sis\Application\Common\Model\HyAllModel.class.php 第 426 行.
NOTIC: [8] Undefined index: search G:\wamp\www\sis\Application\Common\Model\HyAllModel.class.php 第 428 行.
NOTIC: [8] Undefined index: form G:\wamp\www\sis\Application\Common\Model\HyAllModel.class.php 第 432 行.
NOTIC: [8] Undefined index: title G:\wamp\www\sis\Application\Common\Model\HyAllModel.class.php 第 425 行.
NOTIC: [8] Undefined index: list G:\wamp\www\sis\Application\Common\Model\HyAllModel.class.php 第 425 行.
NOTIC: [8] Undefined index: title G:\wamp\www\sis\Application\Common\Model\HyAllModel.class.php 第 426 行.
NOTIC: [8] Undefined index: search G:\wamp\www\sis\Application\Common\Model\HyAllModel.class.php 第 428 行.
NOTIC: [8] Undefined index: title G:\wamp\www\sis\Application\Common\Model\HyAllModel.class.php 第 425 行.
NOTIC: [8] Undefined index: title G:\wamp\www\sis\Application\Common\Model\HyAllModel.class.php 第 426 行.
NOTIC: [8] Undefined index: title G:\wamp\www\sis\Application\Common\Model\HyAllModel.class.php 第 426 行.
NOTIC: [8] Undefined index: search G:\wamp\www\sis\Application\Common\Model\HyAllModel.class.php 第 428 行.
NOTIC: [8] Undefined index: form G:\wamp\www\sis\Application\Common\Model\HyAllModel.class.php 第 432 行.
NOTIC: [8] Undefined index: search G:\wamp\www\sis\Application\Common\Model\HyAllModel.class.php 第 428 行.
NOTIC: [8] Undefined index: form G:\wamp\www\sis\Application\Common\Model\HyAllModel.class.php 第 432 行.
NOTIC: [8] Undefined index: title G:\wamp\www\sis\Application\Common\Model\HyAllModel.class.php 第 425 行.
NOTIC: [8] Undefined index: list G:\wamp\www\sis\Application\Common\Model\HyAllModel.class.php 第 425 行.
NOTIC: [8] Undefined index: title G:\wamp\www\sis\Application\Common\Model\HyAllModel.class.php 第 426 行.
NOTIC: [8] Undefined index: title G:\wamp\www\sis\Application\Common\Model\HyAllModel.class.php 第 426 行.
NOTIC: [8] Undefined index: search G:\wamp\www\sis\Application\Common\Model\HyAllModel.class.php 第 428 行.
NOTIC: [8] Undefined index: form G:\wamp\www\sis\Application\Common\Model\HyAllModel.class.php 第 432 行.
NOTIC: [8] Undefined index: title G:\wamp\www\sis\Application\Common\Model\HyAllModel.class.php 第 425 行.
NOTIC: [8] Undefined index: list G:\wamp\www\sis\Application\Common\Model\HyAllModel.class.php 第 425 行.
NOTIC: [8] Undefined index: title G:\wamp\www\sis\Application\Common\Model\HyAllModel.class.php 第 426 行.
NOTIC: [8] Undefined index: title G:\wamp\www\sis\Application\Common\Model\HyAllModel.class.php 第 426 行.
NOTIC: [8] Undefined index: search G:\wamp\www\sis\Application\Common\Model\HyAllModel.class.php 第 428 行.
NOTIC: [8] Undefined index: form G:\wamp\www\sis\Application\Common\Model\HyAllModel.class.php 第 432 行.
NOTIC: [8] Undefined index: title G:\wamp\www\sis\Application\Common\Model\HyAllModel.class.php 第 425 行.
NOTIC: [8] Undefined index: list G:\wamp\www\sis\Application\Common\Model\HyAllModel.class.php 第 425 行.
NOTIC: [8] Undefined index: title G:\wamp\www\sis\Application\Common\Model\HyAllModel.class.php 第 426 行.
NOTIC: [8] Undefined index: title G:\wamp\www\sis\Application\Common\Model\HyAllModel.class.php 第 426 行.
NOTIC: [8] Undefined index: search G:\wamp\www\sis\Application\Common\Model\HyAllModel.class.php 第 428 行.
NOTIC: [8] Undefined index: form G:\wamp\www\sis\Application\Common\Model\HyAllModel.class.php 第 432 行.
NOTIC: [8] Undefined index: search G:\wamp\www\sis\Application\Common\Model\HyAllModel.class.php 第 428 行.
NOTIC: [8] Undefined index: form G:\wamp\www\sis\Application\Common\Model\HyAllModel.class.php 第 432 行.
NOTIC: [8] Undefined index: title G:\wamp\www\sis\Application\Common\Model\HyAllModel.class.php 第 425 行.
NOTIC: [8] Undefined index: list G:\wamp\www\sis\Application\Common\Model\HyAllModel.class.php 第 425 行.
NOTIC: [8] Undefined index: title G:\wamp\www\sis\Application\Common\Model\HyAllModel.class.php 第 426 行.
NOTIC: [8] Undefined index: title G:\wamp\www\sis\Application\Common\Model\HyAllModel.class.php 第 426 行.
NOTIC: [8] Undefined index: search G:\wamp\www\sis\Application\Common\Model\HyAllModel.class.php 第 428 行.
NOTIC: [8] Undefined index: form G:\wamp\www\sis\Application\Common\Model\HyAllModel.class.php 第 432 行.
NOTIC: [8] Undefined index: initJS G:\wamp\www\sis\Application\Common\Model\HyAllModel.class.php 第 356 行.
INFO: [ before_view ] --START--
SQL: SHOW COLUMNS FROM `edu_frame_alert` [ RunTime:0.0117s ]
SQL: SELECT `id`,`category`,`icon`,`message`,`url`,`type`,`create_time` FROM `edu_frame_alert` where `to_users` LIKE '%,18,%' AND ( IFNULL(`read_users`,'')='' OR `read_users` NOT LIKE '%,18,%') AND `status`=1 ORDER BY `id` DESC [ RunTime:0.0020s ]
INFO: Run Common\Behavior\HyBeforeViewBehavior [ RunTime:0.021353s ]
INFO: [ before_view ] --END-- [ RunTime:0.021763s ]
INFO: [ view_parse ] --START--
INFO: [ template_filter ] --START--
INFO: Run Behavior\ContentReplaceBehavior [ RunTime:0.000526s ]
INFO: [ template_filter ] --END-- [ RunTime:0.000802s ]
NOTIC: [8] Undefined variable: _middle G:\wamp\www\sis\Runtime\Cache\QuestionCategory\9c07dc003a2105c82c74ba68c02f614c.php 第 194 行.
NOTIC: [8] Undefined variable: _bottom G:\wamp\www\sis\Runtime\Cache\QuestionCategory\9c07dc003a2105c82c74ba68c02f614c.php 第 213 行.
NOTIC: [8] Undefined variable: _script G:\wamp\www\sis\Runtime\Cache\QuestionCategory\9c07dc003a2105c82c74ba68c02f614c.php 第 272 行.
NOTIC: [8] Undefined variable: hyMenu G:\wamp\www\sis\Runtime\Cache\QuestionCategory\9c07dc003a2105c82c74ba68c02f614c.php 第 285 行.
INFO: Run Behavior\ParseTemplateBehavior [ RunTime:0.260309s ]
INFO: [ view_parse ] --END-- [ RunTime:0.260707s ]
INFO: [ view_filter ] --START--
INFO: Run Behavior\WriteHtmlCacheBehavior [ RunTime:0.001251s ]
INFO: [ view_filter ] --END-- [ RunTime:0.001770s ]
INFO: [ app_end ] --START--
INFO: Run Behavior\ShowPageTraceBehavior [ RunTime:0.003346s ]
INFO: [ app_end ] --END-- [ RunTime:0.004457s ]

[ 2015-12-12T16:33:51+08:00 ] ::1 /sis/index.php/QuestionCategory/QuestionsTeacher/ajax?q=list
INFO: [ app_init ] --START--
INFO: Run Behavior\BuildLiteBehavior [ RunTime:0.000061s ]
INFO: [ app_init ] --END-- [ RunTime:0.000781s ]
INFO: [ app_begin ] --START--
INFO: Run Behavior\ReadHtmlCacheBehavior [ RunTime:0.001347s ]
INFO: [ app_begin ] --END-- [ RunTime:0.001669s ]
NOTIC: [8192] mysql_connect(): The mysql extension is deprecated and will be removed in the future: use mysqli or PDO instead G:\wamp\www\sis\HomyitCore\Library\Think\Session\Driver\Db.class.php 第 95 行.
INFO: [ action_begin ] --START--
INFO: Run Common\Behavior\HyLogBehavior [ RunTime:0.001897s ]
INFO: [ action_begin ] --END-- [ RunTime:0.002214s ]
NOTIC: [2048] Declaration of Common\Model\HyFrameModel::find() should be compatible with Think\Model::find($options = Array) G:\wamp\www\sis\Application\Common\Model\HyFrameModel.class.php 第 13 行.
SQL: SHOW COLUMNS FROM `edu_questions` [ RunTime:0.0090s ]
INFO: [ hy_log ] --START--
NOTIC: [8] Undefined variable: sql G:\wamp\www\sis\Application\Common\Behavior\HyLogBehavior.class.php 第 31 行.
INFO: Run Common\Behavior\HyLogBehavior [ RunTime:0.000180s ]
INFO: [ hy_log ] --END-- [ RunTime:0.000438s ]
INFO: [ hy_log ] --START--
NOTIC: [8] Undefined index: style G:\wamp\www\sis\Application\Common\Behavior\HyLogBehavior.class.php 第 23 行.
NOTIC: [8] Undefined index: sql G:\wamp\www\sis\Application\Common\Behavior\HyLogBehavior.class.php 第 25 行.
INFO: Run Common\Behavior\HyLogBehavior [ RunTime:0.000351s ]
INFO: [ hy_log ] --END-- [ RunTime:-0.000238s ]
NOTIC: [8] Undefined index: limit G:\wamp\www\sis\Application\Common\Model\HyFrameModel.class.php 第 160 行.
NOTIC: [8] Undefined index: order G:\wamp\www\sis\Application\Common\Model\HyFrameModel.class.php 第 162 行.
NOTIC: [8] Undefined index: field G:\wamp\www\sis\Application\Common\Model\HyFrameModel.class.php 第 170 行.
NOTIC: [8] Undefined index: where G:\wamp\www\sis\Application\Common\Model\HyFrameModel.class.php 第 189 行.
NOTIC: [8] Undefined index: decrypt G:\wamp\www\sis\Application\Common\Model\HyFrameModel.class.php 第 241 行.
SQL: SHOW COLUMNS FROM `edu_questions` [ RunTime:0.0094s ]
SQL: SELECT 1 FROM `edu_questions` `hy` LEFT JOIN `edu_question_category` AS `question_category` ON hy.category_id = question_category.id  WHERE hy.status = 1 AND hy.type_id = 0 AND hy.role_id = 22 AND hy.ask_id = '18'  [ RunTime:0.0014s ]
INFO: [ hy_log ] --START--
NOTIC: [8] Undefined index: style G:\wamp\www\sis\Application\Common\Behavior\HyLogBehavior.class.php 第 23 行.
NOTIC: [8] Undefined index: sql G:\wamp\www\sis\Application\Common\Behavior\HyLogBehavior.class.php 第 25 行.
INFO: Run Common\Behavior\HyLogBehavior [ RunTime:0.000511s ]
INFO: [ hy_log ] --END-- [ RunTime:-0.016248s ]
NOTIC: [8] Undefined index: hy G:\wamp\www\sis\Application\Common\Model\HyFrameModel.class.php 第 140 行.
NOTIC: [8] Undefined index: associate G:\wamp\www\sis\Application\Common\Model\HyFrameModel.class.php 第 141 行.
SQL: SHOW COLUMNS FROM `edu_questions` [ RunTime:0.0306s ]
SQL: SELECT hy.id,hy.type_id,hy.category_id,hy.role_id,hy.title,hy.content,hy.ask_id,hy.is_open,hy.is_publish,hy.create_time,hy.answer,hy.ans_id,hy.ans_time,hy.status,question_category.name FROM `edu_questions` `hy` LEFT JOIN `edu_question_category` AS `question_category` ON hy.category_id = question_category.id  WHERE hy.status = 1 AND hy.type_id = 0 AND hy.role_id = 22 AND hy.ask_id = '18' ORDER BY hy.id desc LIMIT 10   [ RunTime:0.0016s ]
NOTIC: [8] Undefined index: hidden G:\wamp\www\sis\Application\Common\Model\HyAllModel.class.php 第 595 行.
NOTIC: [8] Undefined index: title G:\wamp\www\sis\Application\Common\Model\HyAllModel.class.php 第 595 行.
NOTIC: [8] Undefined index: hidden G:\wamp\www\sis\Application\Common\Model\HyAllModel.class.php 第 595 行.
NOTIC: [8] Undefined index: title G:\wamp\www\sis\Application\Common\Model\HyAllModel.class.php 第 595 行.
NOTIC: [8] Undefined index: title G:\wamp\www\sis\Application\Common\Model\HyAllModel.class.php 第 595 行.
NOTIC: [8] Undefined index: title G:\wamp\www\sis\Application\Common\Model\HyAllModel.class.php 第 595 行.
NOTIC: [8] Undefined index: title G:\wamp\www\sis\Application\Common\Model\HyAllModel.class.php 第 595 行.
NOTIC: [8] Undefined index: title G:\wamp\www\sis\Application\Common\Model\HyAllModel.class.php 第 595 行.
NOTIC: [8] Undefined index: title G:\wamp\www\sis\Application\Common\Model\HyAllModel.class.php 第 595 行.
NOTIC: [8] Undefined index: title G:\wamp\www\sis\Application\Common\Model\HyAllModel.class.php 第 595 行.
NOTIC: [8] Undefined index: {callback} G:\wamp\www\sis\Application\Common\Model\HyAllModel.class.php 第 806 行.
NOTIC: [8] Undefined index: list G:\wamp\www\sis\Application\Common\Model\HyAllModel.class.php 第 605 行.
NOTIC: [8] Undefined index: {callback} G:\wamp\www\sis\Application\Common\Model\HyAllModel.class.php 第 806 行.
SQL: SHOW COLUMNS FROM `edu_question_category` [ RunTime:0.0171s ]
SQL: SELECT `name` FROM `edu_question_category` WHERE `id` = 3 LIMIT 1   [ RunTime:0.0012s ]
NOTIC: [8] Undefined index: list G:\wamp\www\sis\Application\Common\Model\HyAllModel.class.php 第 605 行.
NOTIC: [8] Undefined index: list G:\wamp\www\sis\Application\Common\Model\HyAllModel.class.php 第 605 行.
NOTIC: [8] Undefined index: {callback} G:\wamp\www\sis\Application\Common\Model\HyAllModel.class.php 第 806 行.
SQL: SHOW COLUMNS FROM `edu_user` [ RunTime:0.0123s ]
SQL: SELECT `name` FROM `edu_user` WHERE `id` = 18 LIMIT 1   [ RunTime:0.0009s ]
NOTIC: [8] Undefined index: callback G:\wamp\www\sis\Application\Common\Model\HyAllModel.class.php 第 605 行.
NOTIC: [8] Undefined index: list G:\wamp\www\sis\Application\Common\Model\HyAllModel.class.php 第 605 行.
NOTIC: [8] Undefined index: list G:\wamp\www\sis\Application\Common\Model\HyAllModel.class.php 第 605 行.
NOTIC: [8] Undefined index: list G:\wamp\www\sis\Application\Common\Model\HyAllModel.class.php 第 605 行.
NOTIC: [8] Undefined index: callback G:\wamp\www\sis\Application\Common\Model\HyAllModel.class.php 第 605 行.
NOTIC: [8] Undefined index: list G:\wamp\www\sis\Application\Common\Model\HyAllModel.class.php 第 605 行.
NOTIC: [8] Undefined index: info G:\wamp\www\sis\Application\Common\Model\HyAllModel.class.php 第 470 行.
INFO: [ hy_log ] --START--
INFO: Run Common\Behavior\HyLogBehavior [ RunTime:0.000091s ]
INFO: [ hy_log ] --END-- [ RunTime:-0.094041s ]

[ 2015-12-12T16:33:51+08:00 ] ::1 /sis/index.php/QuestionCategory/QuestionsTeacher/favicon.ico
INFO: [ app_init ] --START--
INFO: Run Behavior\BuildLiteBehavior [ RunTime:0.000070s ]
INFO: [ app_init ] --END-- [ RunTime:0.001002s ]

[ 2015-12-12T16:33:52+08:00 ] ::1 /sis/index.php/QuestionCategory/QuestionsTeacher/ajax?q=detail
INFO: [ app_init ] --START--
INFO: Run Behavior\BuildLiteBehavior [ RunTime:0.000062s ]
INFO: [ app_init ] --END-- [ RunTime:0.000914s ]
INFO: [ app_begin ] --START--
INFO: Run Behavior\ReadHtmlCacheBehavior [ RunTime:0.001043s ]
INFO: [ app_begin ] --END-- [ RunTime:0.001300s ]
NOTIC: [8192] mysql_connect(): The mysql extension is deprecated and will be removed in the future: use mysqli or PDO instead G:\wamp\www\sis\HomyitCore\Library\Think\Session\Driver\Db.class.php 第 95 行.
INFO: [ action_begin ] --START--
INFO: Run Common\Behavior\HyLogBehavior [ RunTime:0.001451s ]
INFO: [ action_begin ] --END-- [ RunTime:0.001739s ]
NOTIC: [2048] Declaration of Common\Model\HyFrameModel::find() should be compatible with Think\Model::find($options = Array) G:\wamp\www\sis\Application\Common\Model\HyFrameModel.class.php 第 13 行.
NOTIC: [8] Undefined index: model G:\wamp\www\sis\Application\Common\Controller\HyFrameController.class.php 第 42 行.
SQL: SHOW COLUMNS FROM `edu_questions` [ RunTime:0.0081s ]
INFO: [ hy_log ] --START--
NOTIC: [8] Undefined variable: sql G:\wamp\www\sis\Application\Common\Behavior\HyLogBehavior.class.php 第 31 行.
INFO: Run Common\Behavior\HyLogBehavior [ RunTime:0.000218s ]
INFO: [ hy_log ] --END-- [ RunTime:0.000578s ]
INFO: [ hy_log ] --START--
NOTIC: [8] Undefined index: style G:\wamp\www\sis\Application\Common\Behavior\HyLogBehavior.class.php 第 23 行.
NOTIC: [8] Undefined index: sql G:\wamp\www\sis\Application\Common\Behavior\HyLogBehavior.class.php 第 25 行.
INFO: Run Common\Behavior\HyLogBehavior [ RunTime:0.000242s ]
INFO: [ hy_log ] --END-- [ RunTime:-0.000278s ]
INFO: [ hy_log ] --START--
NOTIC: [8] Undefined index: style G:\wamp\www\sis\Application\Common\Behavior\HyLogBehavior.class.php 第 23 行.
NOTIC: [8] Undefined index: sql G:\wamp\www\sis\Application\Common\Behavior\HyLogBehavior.class.php 第 25 行.
INFO: Run Common\Behavior\HyLogBehavior [ RunTime:0.000235s ]
INFO: [ hy_log ] --END-- [ RunTime:-0.001026s ]
NOTIC: [2] Missing argument 1 for Common\Model\HyFrameModel::find(), called in G:\wamp\www\sis\Application\QuestionCategory\Model\QuestionsTeacherModel.class.php on line 256 and defined G:\wamp\www\sis\Application\Common\Model\HyFrameModel.class.php 第 271 行.
NOTIC: [8] Undefined variable: options G:\wamp\www\sis\Application\Common\Model\HyFrameModel.class.php 第 272 行.
NOTIC: [8] Undefined variable: options G:\wamp\www\sis\Application\Common\Model\HyFrameModel.class.php 第 272 行.
SQL: SELECT * FROM `edu_questions` WHERE `id` = 101 LIMIT 1   [ RunTime:0.0008s ]
SQL: SHOW COLUMNS FROM `edu_user` [ RunTime:0.0115s ]
SQL: SELECT `name` FROM `edu_user` WHERE `id` = 18 LIMIT 1   [ RunTime:0.0007s ]
SQL: SELECT `name` FROM `edu_user` WHERE `id` = 20 LIMIT 1   [ RunTime:0.0006s ]
NOTIC: [8] Undefined index: tag G:\wamp\www\sis\Application\QuestionCategory\Model\QuestionsTeacherModel.class.php 第 278 行.
NOTIC: [8] Undefined variable: tpl G:\wamp\www\sis\Application\Common\Controller\HyAllController.class.php 第 90 行.
INFO: [ before_view ] --START--
SQL: SHOW COLUMNS FROM `edu_frame_alert` [ RunTime:0.0089s ]
SQL: SELECT `id`,`category`,`icon`,`message`,`url`,`type`,`create_time` FROM `edu_frame_alert` where `to_users` LIKE '%,18,%' AND ( IFNULL(`read_users`,'')='' OR `read_users` NOT LIKE '%,18,%') AND `status`=1 ORDER BY `id` DESC [ RunTime:0.0015s ]
INFO: Run Common\Behavior\HyBeforeViewBehavior [ RunTime:0.017460s ]
INFO: [ before_view ] --END-- [ RunTime:0.017713s ]
INFO: [ view_parse ] --START--
INFO: [ template_filter ] --START--
INFO: Run Behavior\ContentReplaceBehavior [ RunTime:0.000214s ]
INFO: [ template_filter ] --END-- [ RunTime:0.000550s ]
NOTIC: [8] Undefined index: cols G:\wamp\www\sis\Runtime\Cache\QuestionCategory\c6d80dac29f4bb3371a39f454a43cf44.php 第 13 行.
NOTIC: [8] Undefined index: cols G:\wamp\www\sis\Runtime\Cache\QuestionCategory\c6d80dac29f4bb3371a39f454a43cf44.php 第 13 行.
NOTIC: [8] Undefined index: cols G:\wamp\www\sis\Runtime\Cache\QuestionCategory\c6d80dac29f4bb3371a39f454a43cf44.php 第 13 行.
NOTIC: [8] Undefined index: cols G:\wamp\www\sis\Runtime\Cache\QuestionCategory\c6d80dac29f4bb3371a39f454a43cf44.php 第 13 行.
NOTIC: [8] Undefined index: cols G:\wamp\www\sis\Runtime\Cache\QuestionCategory\c6d80dac29f4bb3371a39f454a43cf44.php 第 30 行.
NOTIC: [8] Undefined index: cols G:\wamp\www\sis\Runtime\Cache\QuestionCategory\c6d80dac29f4bb3371a39f454a43cf44.php 第 30 行.
NOTIC: [8] Undefined index: json G:\wamp\www\sis\Runtime\Cache\QuestionCategory\c6d80dac29f4bb3371a39f454a43cf44.php 第 47 行.
INFO: Run Behavior\ParseTemplateBehavior [ RunTime:0.036632s ]
INFO: [ view_parse ] --END-- [ RunTime:0.036959s ]
INFO: [ view_filter ] --START--
INFO: Run Behavior\WriteHtmlCacheBehavior [ RunTime:0.000932s ]
INFO: [ view_filter ] --END-- [ RunTime:0.001174s ]
INFO: [ app_end ] --START--
INFO: Run Behavior\ShowPageTraceBehavior [ RunTime:0.000808s ]
INFO: [ app_end ] --END-- [ RunTime:0.001088s ]

[ 2015-12-12T16:33:57+08:00 ] ::1 /sis/index.php/QuestionCategory/QuestionsGood/all.html
INFO: [ app_init ] --START--
INFO: Run Behavior\BuildLiteBehavior [ RunTime:0.000059s ]
INFO: [ app_init ] --END-- [ RunTime:0.000789s ]
INFO: [ app_begin ] --START--
INFO: Run Behavior\ReadHtmlCacheBehavior [ RunTime:0.001110s ]
INFO: [ app_begin ] --END-- [ RunTime:0.001417s ]
NOTIC: [8192] mysql_connect(): The mysql extension is deprecated and will be removed in the future: use mysqli or PDO instead G:\wamp\www\sis\HomyitCore\Library\Think\Session\Driver\Db.class.php 第 95 行.
INFO: [ action_begin ] --START--
INFO: Run Common\Behavior\HyLogBehavior [ RunTime:0.001446s ]
INFO: [ action_begin ] --END-- [ RunTime:0.001825s ]
NOTIC: [2048] Declaration of Common\Model\HyFrameModel::find() should be compatible with Think\Model::find($options = Array) G:\wamp\www\sis\Application\Common\Model\HyFrameModel.class.php 第 13 行.
NOTIC: [8] Undefined index: model G:\wamp\www\sis\Application\Common\Controller\HyFrameController.class.php 第 42 行.
SQL: SHOW COLUMNS FROM `edu_questions` [ RunTime:0.0082s ]
INFO: [ hy_log ] --START--
NOTIC: [8] Undefined variable: sql G:\wamp\www\sis\Application\Common\Behavior\HyLogBehavior.class.php 第 31 行.
INFO: Run Common\Behavior\HyLogBehavior [ RunTime:0.000205s ]
INFO: [ hy_log ] --END-- [ RunTime:0.000558s ]
INFO: [ hy_log ] --START--
NOTIC: [8] Undefined index: style G:\wamp\www\sis\Application\Common\Behavior\HyLogBehavior.class.php 第 23 行.
NOTIC: [8] Undefined index: sql G:\wamp\www\sis\Application\Common\Behavior\HyLogBehavior.class.php 第 25 行.
INFO: Run Common\Behavior\HyLogBehavior [ RunTime:0.000350s ]
INFO: [ hy_log ] --END-- [ RunTime:-0.000278s ]
NOTIC: [8] Undefined index: all G:\wamp\www\sis\Application\Common\Model\HyAllModel.class.php 第 922 行.
NOTIC: [8] Undefined index: tips G:\wamp\www\sis\Application\Common\Model\HyAllModel.class.php 第 452 行.
NOTIC: [8] Undefined index: search G:\wamp\www\sis\Application\Common\Model\HyAllModel.class.php 第 428 行.
NOTIC: [8] Undefined index: form G:\wamp\www\sis\Application\Common\Model\HyAllModel.class.php 第 432 行.
NOTIC: [8] Undefined index: form G:\wamp\www\sis\Application\Common\Model\HyAllModel.class.php 第 432 行.
NOTIC: [8] Undefined index: title G:\wamp\www\sis\Application\Common\Model\HyAllModel.class.php 第 425 行.
NOTIC: [8] Undefined index: title G:\wamp\www\sis\Application\Common\Model\HyAllModel.class.php 第 426 行.
NOTIC: [8] Undefined index: form G:\wamp\www\sis\Application\Common\Model\HyAllModel.class.php 第 426 行.
NOTIC: [8] Undefined index: search G:\wamp\www\sis\Application\Common\Model\HyAllModel.class.php 第 428 行.
NOTIC: [8] Undefined index: form G:\wamp\www\sis\Application\Common\Model\HyAllModel.class.php 第 432 行.
NOTIC: [8] Undefined index: title G:\wamp\www\sis\Application\Common\Model\HyAllModel.class.php 第 425 行.
NOTIC: [8] Undefined index: title G:\wamp\www\sis\Application\Common\Model\HyAllModel.class.php 第 426 行.
NOTIC: [8] Undefined index: form G:\wamp\www\sis\Application\Common\Model\HyAllModel.class.php 第 426 行.
NOTIC: [8] Undefined index: search G:\wamp\www\sis\Application\Common\Model\HyAllModel.class.php 第 428 行.
NOTIC: [8] Undefined index: form G:\wamp\www\sis\Application\Common\Model\HyAllModel.class.php 第 432 行.
NOTIC: [8] Undefined index: title G:\wamp\www\sis\Application\Common\Model\HyAllModel.class.php 第 425 行.
NOTIC: [8] Undefined index: title G:\wamp\www\sis\Application\Common\Model\HyAllModel.class.php 第 426 行.
NOTIC: [8] Undefined index: title G:\wamp\www\sis\Application\Common\Model\HyAllModel.class.php 第 426 行.
NOTIC: [8] Undefined index: search G:\wamp\www\sis\Application\Common\Model\HyAllModel.class.php 第 428 行.
NOTIC: [8] Undefined index: form G:\wamp\www\sis\Application\Common\Model\HyAllModel.class.php 第 432 行.
NOTIC: [8] Undefined index: title G:\wamp\www\sis\Application\Common\Model\HyAllModel.class.php 第 425 行.
NOTIC: [8] Undefined index: title G:\wamp\www\sis\Application\Common\Model\HyAllModel.class.php 第 426 行.
NOTIC: [8] Undefined index: form G:\wamp\www\sis\Application\Common\Model\HyAllModel.class.php 第 426 行.
NOTIC: [8] Undefined index: search G:\wamp\www\sis\Application\Common\Model\HyAllModel.class.php 第 428 行.
NOTIC: [8] Undefined index: form G:\wamp\www\sis\Application\Common\Model\HyAllModel.class.php 第 432 行.
NOTIC: [8] Undefined index: title G:\wamp\www\sis\Application\Common\Model\HyAllModel.class.php 第 425 行.
NOTIC: [8] Undefined index: title G:\wamp\www\sis\Application\Common\Model\HyAllModel.class.php 第 426 行.
NOTIC: [8] Undefined index: form G:\wamp\www\sis\Application\Common\Model\HyAllModel.class.php 第 426 行.
NOTIC: [8] Undefined index: search G:\wamp\www\sis\Application\Common\Model\HyAllModel.class.php 第 428 行.
NOTIC: [8] Undefined index: form G:\wamp\www\sis\Application\Common\Model\HyAllModel.class.php 第 432 行.
NOTIC: [8] Undefined index: title G:\wamp\www\sis\Application\Common\Model\HyAllModel.class.php 第 425 行.
NOTIC: [8] Undefined index: title G:\wamp\www\sis\Application\Common\Model\HyAllModel.class.php 第 426 行.
NOTIC: [8] Undefined index: search G:\wamp\www\sis\Application\Common\Model\HyAllModel.class.php 第 428 行.
NOTIC: [8] Undefined index: title G:\wamp\www\sis\Application\Common\Model\HyAllModel.class.php 第 425 行.
NOTIC: [8] Undefined index: list G:\wamp\www\sis\Application\Common\Model\HyAllModel.class.php 第 425 行.
NOTIC: [8] Undefined index: title G:\wamp\www\sis\Application\Common\Model\HyAllModel.class.php 第 426 行.
NOTIC: [8] Undefined index: search G:\wamp\www\sis\Application\Common\Model\HyAllModel.class.php 第 428 行.
INFO: [ before_view ] --START--
SQL: SHOW COLUMNS FROM `edu_frame_alert` [ RunTime:0.0087s ]
SQL: SELECT `id`,`category`,`icon`,`message`,`url`,`type`,`create_time` FROM `edu_frame_alert` where `to_users` LIKE '%,18,%' AND ( IFNULL(`read_users`,'')='' OR `read_users` NOT LIKE '%,18,%') AND `status`=1 ORDER BY `id` DESC [ RunTime:0.0018s ]
INFO: Run Common\Behavior\HyBeforeViewBehavior [ RunTime:0.015730s ]
INFO: [ before_view ] --END-- [ RunTime:0.016042s ]
INFO: [ view_parse ] --START--
INFO: [ template_filter ] --START--
INFO: Run Behavior\ContentReplaceBehavior [ RunTime:0.000734s ]
INFO: [ template_filter ] --END-- [ RunTime:0.001204s ]
NOTIC: [8] Undefined variable: _middle G:\wamp\www\sis\Runtime\Cache\QuestionCategory\9c07dc003a2105c82c74ba68c02f614c.php 第 194 行.
NOTIC: [8] Undefined variable: _bottom G:\wamp\www\sis\Runtime\Cache\QuestionCategory\9c07dc003a2105c82c74ba68c02f614c.php 第 213 行.
NOTIC: [8] Undefined variable: _script G:\wamp\www\sis\Runtime\Cache\QuestionCategory\9c07dc003a2105c82c74ba68c02f614c.php 第 272 行.
NOTIC: [8] Undefined variable: hyMenu G:\wamp\www\sis\Runtime\Cache\QuestionCategory\9c07dc003a2105c82c74ba68c02f614c.php 第 285 行.
INFO: Run Behavior\ParseTemplateBehavior [ RunTime:0.066446s ]
INFO: [ view_parse ] --END-- [ RunTime:0.066754s ]
INFO: [ view_filter ] --START--
INFO: Run Behavior\WriteHtmlCacheBehavior [ RunTime:0.000786s ]
INFO: [ view_filter ] --END-- [ RunTime:0.001080s ]
INFO: [ app_end ] --START--
INFO: Run Behavior\ShowPageTraceBehavior [ RunTime:0.002514s ]
INFO: [ app_end ] --END-- [ RunTime:0.003450s ]

[ 2015-12-12T16:33:57+08:00 ] ::1 /sis/index.php/QuestionCategory/QuestionsGood/ajax?q=list
INFO: [ app_init ] --START--
INFO: Run Behavior\BuildLiteBehavior [ RunTime:0.000077s ]
INFO: [ app_init ] --END-- [ RunTime:0.001027s ]
INFO: [ app_begin ] --START--
INFO: Run Behavior\ReadHtmlCacheBehavior [ RunTime:0.001464s ]
INFO: [ app_begin ] --END-- [ RunTime:0.001874s ]
NOTIC: [8192] mysql_connect(): The mysql extension is deprecated and will be removed in the future: use mysqli or PDO instead G:\wamp\www\sis\HomyitCore\Library\Think\Session\Driver\Db.class.php 第 95 行.
INFO: [ action_begin ] --START--
INFO: Run Common\Behavior\HyLogBehavior [ RunTime:0.002455s ]
INFO: [ action_begin ] --END-- [ RunTime:0.002925s ]
NOTIC: [2048] Declaration of Common\Model\HyFrameModel::find() should be compatible with Think\Model::find($options = Array) G:\wamp\www\sis\Application\Common\Model\HyFrameModel.class.php 第 13 行.
NOTIC: [8] Undefined index: model G:\wamp\www\sis\Application\Common\Controller\HyFrameController.class.php 第 42 行.
SQL: SHOW COLUMNS FROM `edu_questions` [ RunTime:0.0092s ]
INFO: [ hy_log ] --START--
NOTIC: [8] Undefined variable: sql G:\wamp\www\sis\Application\Common\Behavior\HyLogBehavior.class.php 第 31 行.
INFO: Run Common\Behavior\HyLogBehavior [ RunTime:0.000222s ]
INFO: [ hy_log ] --END-- [ RunTime:0.000546s ]
INFO: [ hy_log ] --START--
NOTIC: [8] Undefined index: style G:\wamp\www\sis\Application\Common\Behavior\HyLogBehavior.class.php 第 23 行.
NOTIC: [8] Undefined index: sql G:\wamp\www\sis\Application\Common\Behavior\HyLogBehavior.class.php 第 25 行.
INFO: Run Common\Behavior\HyLogBehavior [ RunTime:0.000330s ]
INFO: [ hy_log ] --END-- [ RunTime:-0.000304s ]
NOTIC: [8] Undefined index: limit G:\wamp\www\sis\Application\Common\Model\HyFrameModel.class.php 第 160 行.
NOTIC: [8] Undefined index: order G:\wamp\www\sis\Application\Common\Model\HyFrameModel.class.php 第 162 行.
NOTIC: [8] Undefined index: field G:\wamp\www\sis\Application\Common\Model\HyFrameModel.class.php 第 170 行.
NOTIC: [8] Undefined index: where G:\wamp\www\sis\Application\Common\Model\HyFrameModel.class.php 第 189 行.
NOTIC: [8] Undefined offset: 4 G:\wamp\www\sis\Application\Common\Model\HyFrameModel.class.php 第 214 行.
NOTIC: [8] Undefined offset: 5 G:\wamp\www\sis\Application\Common\Model\HyFrameModel.class.php 第 220 行.
NOTIC: [8] Undefined offset: 4 G:\wamp\www\sis\Application\Common\Model\HyFrameModel.class.php 第 221 行.
NOTIC: [8] Undefined index: decrypt G:\wamp\www\sis\Application\Common\Model\HyFrameModel.class.php 第 241 行.
SQL: SHOW COLUMNS FROM `edu_questions` [ RunTime:0.0252s ]
SQL: SELECT 1 FROM `edu_questions` `hy` LEFT JOIN `edu_good_course` AS `good_course` ON hy.category_id = good_course.id INNER JOIN `edu_user` AS `user` ON hy.ask_id = user.id  WHERE hy.status < 9 AND hy.type_id = 1  [ RunTime:0.0015s ]
INFO: [ hy_log ] --START--
NOTIC: [8] Undefined index: style G:\wamp\www\sis\Application\Common\Behavior\HyLogBehavior.class.php 第 23 行.
NOTIC: [8] Undefined index: sql G:\wamp\www\sis\Application\Common\Behavior\HyLogBehavior.class.php 第 25 行.
INFO: Run Common\Behavior\HyLogBehavior [ RunTime:0.000351s ]
INFO: [ hy_log ] --END-- [ RunTime:-0.032779s ]
NOTIC: [8] Undefined index: hy G:\wamp\www\sis\Application\Common\Model\HyFrameModel.class.php 第 140 行.
NOTIC: [8] Undefined index: associate G:\wamp\www\sis\Application\Common\Model\HyFrameModel.class.php 第 141 行.
SQL: SHOW COLUMNS FROM `edu_questions` [ RunTime:0.0108s ]
SQL: SELECT hy.id,hy.type_id,hy.category_id,hy.role_id,hy.title,hy.content,hy.ask_id,hy.is_open,hy.is_publish,hy.create_time,hy.answer,hy.ans_id,hy.ans_time,hy.status,good_course.name,good_course.incharge_id,good_course.lecturer_ids,user.user_no AS `ask_id_text` FROM `edu_questions` `hy` LEFT JOIN `edu_good_course` AS `good_course` ON hy.category_id = good_course.id INNER JOIN `edu_user` AS `user` ON hy.ask_id = user.id  WHERE hy.status < 9 AND hy.type_id = 1 ORDER BY hy.id desc LIMIT 10   [ RunTime:0.0028s ]
NOTIC: [8] Undefined index: hidden G:\wamp\www\sis\Application\Common\Model\HyAllModel.class.php 第 595 行.
NOTIC: [8] Undefined index: title G:\wamp\www\sis\Application\Common\Model\HyAllModel.class.php 第 595 行.
NOTIC: [8] Undefined index: title G:\wamp\www\sis\Application\Common\Model\HyAllModel.class.php 第 595 行.
NOTIC: [8] Undefined index: title G:\wamp\www\sis\Application\Common\Model\HyAllModel.class.php 第 595 行.
NOTIC: [8] Undefined index: title G:\wamp\www\sis\Application\Common\Model\HyAllModel.class.php 第 595 行.
NOTIC: [8] Undefined index: title G:\wamp\www\sis\Application\Common\Model\HyAllModel.class.php 第 595 行.
NOTIC: [8] Undefined index: title G:\wamp\www\sis\Application\Common\Model\HyAllModel.class.php 第 595 行.
NOTIC: [8] Undefined index: title G:\wamp\www\sis\Application\Common\Model\HyAllModel.class.php 第 595 行.
NOTIC: [8] Undefined index: {callback} G:\wamp\www\sis\Application\Common\Model\HyAllModel.class.php 第 806 行.
NOTIC: [8] Undefined index: {callback} G:\wamp\www\sis\Application\Common\Model\HyAllModel.class.php 第 806 行.
NOTIC: [8] Undefined index: {callback} G:\wamp\www\sis\Application\Common\Model\HyAllModel.class.php 第 806 行.
NOTIC: [8] Undefined index: {callback} G:\wamp\www\sis\Application\Common\Model\HyAllModel.class.php 第 806 行.
NOTIC: [8] Undefined index: {callback} G:\wamp\www\sis\Application\Common\Model\HyAllModel.class.php 第 806 行.
SQL: SHOW COLUMNS FROM `edu_user` [ RunTime:0.0114s ]
SQL: SELECT `name` FROM `edu_user` WHERE `status` = 1 AND `id` = 18 LIMIT 1   [ RunTime:0.0015s ]
NOTIC: [8] Undefined index: {callback} G:\wamp\www\sis\Application\Common\Model\HyAllModel.class.php 第 806 行.
NOTIC: [8] Undefined index: {callback} G:\wamp\www\sis\Application\Common\Model\HyAllModel.class.php 第 806 行.
NOTIC: [8] Undefined index: {callback} G:\wamp\www\sis\Application\Common\Model\HyAllModel.class.php 第 806 行.
NOTIC: [8] Undefined index: list G:\wamp\www\sis\Application\Common\Model\HyAllModel.class.php 第 605 行.
NOTIC: [8] Undefined index: {callback} G:\wamp\www\sis\Application\Common\Model\HyAllModel.class.php 第 806 行.
NOTIC: [8] Undefined index: {callback} G:\wamp\www\sis\Application\Common\Model\HyAllModel.class.php 第 806 行.
NOTIC: [8] Undefined index: {callback} G:\wamp\www\sis\Application\Common\Model\HyAllModel.class.php 第 806 行.
NOTIC: [8] Undefined index: {callback} G:\wamp\www\sis\Application\Common\Model\HyAllModel.class.php 第 806 行.
NOTIC: [8] Undefined index: {callback} G:\wamp\www\sis\Application\Common\Model\HyAllModel.class.php 第 806 行.
NOTIC: [8] Undefined index: {callback} G:\wamp\www\sis\Application\Common\Model\HyAllModel.class.php 第 806 行.
NOTIC: [8] Undefined index: {callback} G:\wamp\www\sis\Application\Common\Model\HyAllModel.class.php 第 806 行.
NOTIC: [8] Undefined index: {callback} G:\wamp\www\sis\Application\Common\Model\HyAllModel.class.php 第 806 行.
NOTIC: [8] Undefined index: list G:\wamp\www\sis\Application\Common\Model\HyAllModel.class.php 第 605 行.
NOTIC: [8] Undefined index: {callback} G:\wamp\www\sis\Application\Common\Model\HyAllModel.class.php 第 806 行.
NOTIC: [8] Undefined index: {callback} G:\wamp\www\sis\Application\Common\Model\HyAllModel.class.php 第 806 行.
NOTIC: [8] Undefined index: {callback} G:\wamp\www\sis\Application\Common\Model\HyAllModel.class.php 第 806 行.
NOTIC: [8] Undefined index: {callback} G:\wamp\www\sis\Application\Common\Model\HyAllModel.class.php 第 806 行.
NOTIC: [8] Undefined index: {callback} G:\wamp\www\sis\Application\Common\Model\HyAllModel.class.php 第 806 行.
NOTIC: [8] Undefined index: {callback} G:\wamp\www\sis\Application\Common\Model\HyAllModel.class.php 第 806 行.
NOTIC: [8] Undefined index: {callback} G:\wamp\www\sis\Application\Common\Model\HyAllModel.class.php 第 806 行.
NOTIC: [8] Undefined index: {callback} G:\wamp\www\sis\Application\Common\Model\HyAllModel.class.php 第 806 行.
NOTIC: [8] Undefined index: list G:\wamp\www\sis\Application\Common\Model\HyAllModel.class.php 第 605 行.
NOTIC: [8] Undefined index: {callback} G:\wamp\www\sis\Application\Common\Model\HyAllModel.class.php 第 806 行.
NOTIC: [8] Undefined index: {callback} G:\wamp\www\sis\Application\Common\Model\HyAllModel.class.php 第 806 行.
NOTIC: [8] Undefined index: {callback} G:\wamp\www\sis\Application\Common\Model\HyAllModel.class.php 第 806 行.
NOTIC: [8] Undefined index: {callback} G:\wamp\www\sis\Application\Common\Model\HyAllModel.class.php 第 806 行.
NOTIC: [8] Undefined index: {callback} G:\wamp\www\sis\Application\Common\Model\HyAllModel.class.php 第 806 行.
NOTIC: [8] Undefined index: {callback} G:\wamp\www\sis\Application\Common\Model\HyAllModel.class.php 第 806 行.
NOTIC: [8] Undefined index: {callback} G:\wamp\www\sis\Application\Common\Model\HyAllModel.class.php 第 806 行.
NOTIC: [8] Undefined index: {callback} G:\wamp\www\sis\Application\Common\Model\HyAllModel.class.php 第 806 行.
NOTIC: [8] Undefined index: list G:\wamp\www\sis\Application\Common\Model\HyAllModel.class.php 第 605 行.
NOTIC: [8] Undefined index: {callback} G:\wamp\www\sis\Application\Common\Model\HyAllModel.class.php 第 806 行.
NOTIC: [8] Undefined index: {callback} G:\wamp\www\sis\Application\Common\Model\HyAllModel.class.php 第 806 行.
NOTIC: [8] Undefined index: {callback} G:\wamp\www\sis\Application\Common\Model\HyAllModel.class.php 第 806 行.
NOTIC: [8] Undefined index: {callback} G:\wamp\www\sis\Application\Common\Model\HyAllModel.class.php 第 806 行.
NOTIC: [8] Undefined index: {callback} G:\wamp\www\sis\Application\Common\Model\HyAllModel.class.php 第 806 行.
NOTIC: [8] Undefined index: {callback} G:\wamp\www\sis\Application\Common\Model\HyAllModel.class.php 第 806 行.
NOTIC: [8] Undefined index: {callback} G:\wamp\www\sis\Application\Common\Model\HyAllModel.class.php 第 806 行.
NOTIC: [8] Undefined index: {callback} G:\wamp\www\sis\Application\Common\Model\HyAllModel.class.php 第 806 行.
NOTIC: [8] Undefined index: list G:\wamp\www\sis\Application\Common\Model\HyAllModel.class.php 第 605 行.
NOTIC: [8] Undefined index: {callback} G:\wamp\www\sis\Application\Common\Model\HyAllModel.class.php 第 806 行.
NOTIC: [8] Undefined index: {callback} G:\wamp\www\sis\Application\Common\Model\HyAllModel.class.php 第 806 行.
NOTIC: [8] Undefined index: {callback} G:\wamp\www\sis\Application\Common\Model\HyAllModel.class.php 第 806 行.
NOTIC: [8] Undefined index: {callback} G:\wamp\www\sis\Application\Common\Model\HyAllModel.class.php 第 806 行.
NOTIC: [8] Undefined index: {callback} G:\wamp\www\sis\Application\Common\Model\HyAllModel.class.php 第 806 行.
NOTIC: [8] Undefined index: {callback} G:\wamp\www\sis\Application\Common\Model\HyAllModel.class.php 第 806 行.
NOTIC: [8] Undefined index: {callback} G:\wamp\www\sis\Application\Common\Model\HyAllModel.class.php 第 806 行.
NOTIC: [8] Undefined index: {callback} G:\wamp\www\sis\Application\Common\Model\HyAllModel.class.php 第 806 行.
NOTIC: [8] Undefined index: list G:\wamp\www\sis\Application\Common\Model\HyAllModel.class.php 第 605 行.
NOTIC: [8] Undefined index: {callback} G:\wamp\www\sis\Application\Common\Model\HyAllModel.class.php 第 806 行.
NOTIC: [8] Undefined index: {callback} G:\wamp\www\sis\Application\Common\Model\HyAllModel.class.php 第 806 行.
NOTIC: [8] Undefined index: {callback} G:\wamp\www\sis\Application\Common\Model\HyAllModel.class.php 第 806 行.
NOTIC: [8] Undefined index: {callback} G:\wamp\www\sis\Application\Common\Model\HyAllModel.class.php 第 806 行.
NOTIC: [8] Undefined index: {callback} G:\wamp\www\sis\Application\Common\Model\HyAllModel.class.php 第 806 行.
NOTIC: [8] Undefined index: {callback} G:\wamp\www\sis\Application\Common\Model\HyAllModel.class.php 第 806 行.
NOTIC: [8] Undefined index: {callback} G:\wamp\www\sis\Application\Common\Model\HyAllModel.class.php 第 806 行.
NOTIC: [8] Undefined index: {callback} G:\wamp\www\sis\Application\Common\Model\HyAllModel.class.php 第 806 行.
NOTIC: [8] Undefined index: list G:\wamp\www\sis\Application\Common\Model\HyAllModel.class.php 第 605 行.
NOTIC: [8] Undefined index: {callback} G:\wamp\www\sis\Application\Common\Model\HyAllModel.class.php 第 806 行.
NOTIC: [8] Undefined index: {callback} G:\wamp\www\sis\Application\Common\Model\HyAllModel.class.php 第 806 行.
NOTIC: [8] Undefined index: {callback} G:\wamp\www\sis\Application\Common\Model\HyAllModel.class.php 第 806 行.
NOTIC: [8] Undefined index: {callback} G:\wamp\www\sis\Application\Common\Model\HyAllModel.class.php 第 806 行.
NOTIC: [8] Undefined index: {callback} G:\wamp\www\sis\Application\Common\Model\HyAllModel.class.php 第 806 行.
NOTIC: [8] Undefined index: {callback} G:\wamp\www\sis\Application\Common\Model\HyAllModel.class.php 第 806 行.
NOTIC: [8] Undefined index: {callback} G:\wamp\www\sis\Application\Common\Model\HyAllModel.class.php 第 806 行.
NOTIC: [8] Undefined index: {callback} G:\wamp\www\sis\Application\Common\Model\HyAllModel.class.php 第 806 行.
NOTIC: [8] Undefined index: list G:\wamp\www\sis\Application\Common\Model\HyAllModel.class.php 第 605 行.
NOTIC: [8] Undefined index: {callback} G:\wamp\www\sis\Application\Common\Model\HyAllModel.class.php 第 806 行.
NOTIC: [8] Undefined index: {callback} G:\wamp\www\sis\Application\Common\Model\HyAllModel.class.php 第 806 行.
NOTIC: [8] Undefined index: {callback} G:\wamp\www\sis\Application\Common\Model\HyAllModel.class.php 第 806 行.
NOTIC: [8] Undefined index: {callback} G:\wamp\www\sis\Application\Common\Model\HyAllModel.class.php 第 806 行.
NOTIC: [8] Undefined index: {callback} G:\wamp\www\sis\Application\Common\Model\HyAllModel.class.php 第 806 行.
NOTIC: [8] Undefined index: {callback} G:\wamp\www\sis\Application\Common\Model\HyAllModel.class.php 第 806 行.
NOTIC: [8] Undefined index: {callback} G:\wamp\www\sis\Application\Common\Model\HyAllModel.class.php 第 806 行.
NOTIC: [8] Undefined index: {callback} G:\wamp\www\sis\Application\Common\Model\HyAllModel.class.php 第 806 行.
NOTIC: [8] Undefined index: list G:\wamp\www\sis\Application\Common\Model\HyAllModel.class.php 第 605 行.
NOTIC: [8] Undefined index: {callback} G:\wamp\www\sis\Application\Common\Model\HyAllModel.class.php 第 806 行.
NOTIC: [8] Undefined index: {callback} G:\wamp\www\sis\Application\Common\Model\HyAllModel.class.php 第 806 行.
NOTIC: [8] Undefined index: {callback} G:\wamp\www\sis\Application\Common\Model\HyAllModel.class.php 第 806 行.
NOTIC: [8] Undefined index: {callback} G:\wamp\www\sis\Application\Common\Model\HyAllModel.class.php 第 806 行.
NOTIC: [8] Undefined index: {callback} G:\wamp\www\sis\Application\Common\Model\HyAllModel.class.php 第 806 行.
SQL: SELECT `name` FROM `edu_user` WHERE `status` = 1 AND `id` = 18 LIMIT 1   [ RunTime:0.0425s ]
NOTIC: [8] Undefined index: {callback} G:\wamp\www\sis\Application\Common\Model\HyAllModel.class.php 第 806 行.
NOTIC: [8] Undefined index: {callback} G:\wamp\www\sis\Application\Common\Model\HyAllModel.class.php 第 806 行.
NOTIC: [8] Undefined index: {callback} G:\wamp\www\sis\Application\Common\Model\HyAllModel.class.php 第 806 行.
NOTIC: [8] Undefined index: list G:\wamp\www\sis\Application\Common\Model\HyAllModel.class.php 第 605 行.
NOTIC: [8] Undefined index: info G:\wamp\www\sis\Application\Common\Model\HyAllModel.class.php 第 470 行.
INFO: [ hy_log ] --START--
INFO: Run Common\Behavior\HyLogBehavior [ RunTime:0.000072s ]
INFO: [ hy_log ] --END-- [ RunTime:-0.143849s ]

[ 2015-12-12T16:33:58+08:00 ] ::1 /sis/index.php/QuestionCategory/QuestionsGood/favicon.ico
INFO: [ app_init ] --START--
INFO: Run Behavior\BuildLiteBehavior [ RunTime:0.000066s ]
INFO: [ app_init ] --END-- [ RunTime:0.001127s ]

[ 2015-12-12T16:34:00+08:00 ] ::1 /sis/index.php/QuestionCategory/QuestionsGood/ajax?q=detail
INFO: [ app_init ] --START--
INFO: Run Behavior\BuildLiteBehavior [ RunTime:0.000059s ]
INFO: [ app_init ] --END-- [ RunTime:0.000860s ]
INFO: [ app_begin ] --START--
INFO: Run Behavior\ReadHtmlCacheBehavior [ RunTime:0.001066s ]
INFO: [ app_begin ] --END-- [ RunTime:0.001338s ]
NOTIC: [8192] mysql_connect(): The mysql extension is deprecated and will be removed in the future: use mysqli or PDO instead G:\wamp\www\sis\HomyitCore\Library\Think\Session\Driver\Db.class.php 第 95 行.
INFO: [ action_begin ] --START--
INFO: Run Common\Behavior\HyLogBehavior [ RunTime:0.001426s ]
INFO: [ action_begin ] --END-- [ RunTime:0.001684s ]
NOTIC: [2048] Declaration of Common\Model\HyFrameModel::find() should be compatible with Think\Model::find($options = Array) G:\wamp\www\sis\Application\Common\Model\HyFrameModel.class.php 第 13 行.
NOTIC: [8] Undefined index: model G:\wamp\www\sis\Application\Common\Controller\HyFrameController.class.php 第 42 行.
SQL: SHOW COLUMNS FROM `edu_questions` [ RunTime:0.0089s ]
INFO: [ hy_log ] --START--
NOTIC: [8] Undefined variable: sql G:\wamp\www\sis\Application\Common\Behavior\HyLogBehavior.class.php 第 31 行.
INFO: Run Common\Behavior\HyLogBehavior [ RunTime:0.000162s ]
INFO: [ hy_log ] --END-- [ RunTime:0.000405s ]
INFO: [ hy_log ] --START--
NOTIC: [8] Undefined index: style G:\wamp\www\sis\Application\Common\Behavior\HyLogBehavior.class.php 第 23 行.
NOTIC: [8] Undefined index: sql G:\wamp\www\sis\Application\Common\Behavior\HyLogBehavior.class.php 第 25 行.
INFO: Run Common\Behavior\HyLogBehavior [ RunTime:0.000224s ]
INFO: [ hy_log ] --END-- [ RunTime:-0.000232s ]
INFO: [ hy_log ] --START--
NOTIC: [8] Undefined index: style G:\wamp\www\sis\Application\Common\Behavior\HyLogBehavior.class.php 第 23 行.
NOTIC: [8] Undefined index: sql G:\wamp\www\sis\Application\Common\Behavior\HyLogBehavior.class.php 第 25 行.
INFO: Run Common\Behavior\HyLogBehavior [ RunTime:0.000224s ]
INFO: [ hy_log ] --END-- [ RunTime:-0.000917s ]
NOTIC: [2] Missing argument 1 for Common\Model\HyFrameModel::find(), called in G:\wamp\www\sis\Application\QuestionCategory\Model\QuestionsGoodModel.class.php on line 177 and defined G:\wamp\www\sis\Application\Common\Model\HyFrameModel.class.php 第 271 行.
NOTIC: [8] Undefined variable: options G:\wamp\www\sis\Application\Common\Model\HyFrameModel.class.php 第 272 行.
NOTIC: [8] Undefined variable: options G:\wamp\www\sis\Application\Common\Model\HyFrameModel.class.php 第 272 行.
SQL: SELECT * FROM `edu_questions` WHERE `id` = 104 LIMIT 1   [ RunTime:0.0013s ]
SQL: SHOW COLUMNS FROM `edu_user` [ RunTime:0.0101s ]
SQL: SELECT `name` FROM `edu_user` WHERE `id` = 28 LIMIT 1   [ RunTime:0.0007s ]
SQL: SELECT `name` FROM `edu_user` WHERE `id` = 18 LIMIT 1   [ RunTime:0.0009s ]
NOTIC: [8] Undefined index: tag G:\wamp\www\sis\Application\QuestionCategory\Model\QuestionsGoodModel.class.php 第 199 行.
NOTIC: [8] Undefined variable: tpl G:\wamp\www\sis\Application\Common\Controller\HyAllController.class.php 第 90 行.
INFO: [ before_view ] --START--
SQL: SHOW COLUMNS FROM `edu_frame_alert` [ RunTime:0.0083s ]
SQL: SELECT `id`,`category`,`icon`,`message`,`url`,`type`,`create_time` FROM `edu_frame_alert` where `to_users` LIKE '%,18,%' AND ( IFNULL(`read_users`,'')='' OR `read_users` NOT LIKE '%,18,%') AND `status`=1 ORDER BY `id` DESC [ RunTime:0.0015s ]
INFO: Run Common\Behavior\HyBeforeViewBehavior [ RunTime:0.015894s ]
INFO: [ before_view ] --END-- [ RunTime:0.016159s ]
INFO: [ view_parse ] --START--
INFO: [ template_filter ] --START--
INFO: Run Behavior\ContentReplaceBehavior [ RunTime:0.000169s ]
INFO: [ template_filter ] --END-- [ RunTime:0.000421s ]
NOTIC: [8] Undefined index: cols G:\wamp\www\sis\Runtime\Cache\QuestionCategory\c6d80dac29f4bb3371a39f454a43cf44.php 第 13 行.
NOTIC: [8] Undefined index: cols G:\wamp\www\sis\Runtime\Cache\QuestionCategory\c6d80dac29f4bb3371a39f454a43cf44.php 第 13 行.
NOTIC: [8] Undefined index: cols G:\wamp\www\sis\Runtime\Cache\QuestionCategory\c6d80dac29f4bb3371a39f454a43cf44.php 第 13 行.
NOTIC: [8] Undefined index: cols G:\wamp\www\sis\Runtime\Cache\QuestionCategory\c6d80dac29f4bb3371a39f454a43cf44.php 第 13 行.
NOTIC: [8] Undefined index: cols G:\wamp\www\sis\Runtime\Cache\QuestionCategory\c6d80dac29f4bb3371a39f454a43cf44.php 第 30 行.
NOTIC: [8] Undefined index: cols G:\wamp\www\sis\Runtime\Cache\QuestionCategory\c6d80dac29f4bb3371a39f454a43cf44.php 第 30 行.
NOTIC: [8] Undefined index: json G:\wamp\www\sis\Runtime\Cache\QuestionCategory\c6d80dac29f4bb3371a39f454a43cf44.php 第 47 行.
INFO: Run Behavior\ParseTemplateBehavior [ RunTime:0.038376s ]
INFO: [ view_parse ] --END-- [ RunTime:0.038683s ]
INFO: [ view_filter ] --START--
INFO: Run Behavior\WriteHtmlCacheBehavior [ RunTime:0.001003s ]
INFO: [ view_filter ] --END-- [ RunTime:0.001390s ]
INFO: [ app_end ] --START--
INFO: Run Behavior\ShowPageTraceBehavior [ RunTime:0.001150s ]
INFO: [ app_end ] --END-- [ RunTime:0.001457s ]

[ 2015-12-12T16:34:03+08:00 ] ::1 /sis/index.php/QuestionCategory/QuestionsGood/all.html
INFO: [ app_init ] --START--
INFO: Run Behavior\BuildLiteBehavior [ RunTime:0.000059s ]
INFO: [ app_init ] --END-- [ RunTime:0.000806s ]
INFO: [ app_begin ] --START--
INFO: Run Behavior\ReadHtmlCacheBehavior [ RunTime:0.001143s ]
INFO: [ app_begin ] --END-- [ RunTime:0.001454s ]
NOTIC: [8192] mysql_connect(): The mysql extension is deprecated and will be removed in the future: use mysqli or PDO instead G:\wamp\www\sis\HomyitCore\Library\Think\Session\Driver\Db.class.php 第 95 行.
INFO: [ action_begin ] --START--
INFO: Run Common\Behavior\HyLogBehavior [ RunTime:0.001970s ]
INFO: [ action_begin ] --END-- [ RunTime:0.002398s ]
NOTIC: [2048] Declaration of Common\Model\HyFrameModel::find() should be compatible with Think\Model::find($options = Array) G:\wamp\www\sis\Application\Common\Model\HyFrameModel.class.php 第 13 行.
NOTIC: [8] Undefined index: model G:\wamp\www\sis\Application\Common\Controller\HyFrameController.class.php 第 42 行.
SQL: SHOW COLUMNS FROM `edu_questions` [ RunTime:0.0074s ]
INFO: [ hy_log ] --START--
NOTIC: [8] Undefined variable: sql G:\wamp\www\sis\Application\Common\Behavior\HyLogBehavior.class.php 第 31 行.
INFO: Run Common\Behavior\HyLogBehavior [ RunTime:0.000278s ]
INFO: [ hy_log ] --END-- [ RunTime:0.000730s ]
INFO: [ hy_log ] --START--
NOTIC: [8] Undefined index: style G:\wamp\www\sis\Application\Common\Behavior\HyLogBehavior.class.php 第 23 行.
NOTIC: [8] Undefined index: sql G:\wamp\www\sis\Application\Common\Behavior\HyLogBehavior.class.php 第 25 行.
INFO: Run Common\Behavior\HyLogBehavior [ RunTime:0.000280s ]
INFO: [ hy_log ] --END-- [ RunTime:-0.000305s ]
NOTIC: [8] Undefined index: all G:\wamp\www\sis\Application\Common\Model\HyAllModel.class.php 第 922 行.
NOTIC: [8] Undefined index: tips G:\wamp\www\sis\Application\Common\Model\HyAllModel.class.php 第 452 行.
NOTIC: [8] Undefined index: search G:\wamp\www\sis\Application\Common\Model\HyAllModel.class.php 第 428 行.
NOTIC: [8] Undefined index: form G:\wamp\www\sis\Application\Common\Model\HyAllModel.class.php 第 432 行.
NOTIC: [8] Undefined index: form G:\wamp\www\sis\Application\Common\Model\HyAllModel.class.php 第 432 行.
NOTIC: [8] Undefined index: title G:\wamp\www\sis\Application\Common\Model\HyAllModel.class.php 第 425 行.
NOTIC: [8] Undefined index: title G:\wamp\www\sis\Application\Common\Model\HyAllModel.class.php 第 426 行.
NOTIC: [8] Undefined index: form G:\wamp\www\sis\Application\Common\Model\HyAllModel.class.php 第 426 行.
NOTIC: [8] Undefined index: search G:\wamp\www\sis\Application\Common\Model\HyAllModel.class.php 第 428 行.
NOTIC: [8] Undefined index: form G:\wamp\www\sis\Application\Common\Model\HyAllModel.class.php 第 432 行.
NOTIC: [8] Undefined index: title G:\wamp\www\sis\Application\Common\Model\HyAllModel.class.php 第 425 行.
NOTIC: [8] Undefined index: title G:\wamp\www\sis\Application\Common\Model\HyAllModel.class.php 第 426 行.
NOTIC: [8] Undefined index: form G:\wamp\www\sis\Application\Common\Model\HyAllModel.class.php 第 426 行.
NOTIC: [8] Undefined index: search G:\wamp\www\sis\Application\Common\Model\HyAllModel.class.php 第 428 行.
NOTIC: [8] Undefined index: form G:\wamp\www\sis\Application\Common\Model\HyAllModel.class.php 第 432 行.
NOTIC: [8] Undefined index: title G:\wamp\www\sis\Application\Common\Model\HyAllModel.class.php 第 425 行.
NOTIC: [8] Undefined index: title G:\wamp\www\sis\Application\Common\Model\HyAllModel.class.php 第 426 行.
NOTIC: [8] Undefined index: title G:\wamp\www\sis\Application\Common\Model\HyAllModel.class.php 第 426 行.
NOTIC: [8] Undefined index: search G:\wamp\www\sis\Application\Common\Model\HyAllModel.class.php 第 428 行.
NOTIC: [8] Undefined index: form G:\wamp\www\sis\Application\Common\Model\HyAllModel.class.php 第 432 行.
NOTIC: [8] Undefined index: title G:\wamp\www\sis\Application\Common\Model\HyAllModel.class.php 第 425 行.
NOTIC: [8] Undefined index: title G:\wamp\www\sis\Application\Common\Model\HyAllModel.class.php 第 426 行.
NOTIC: [8] Undefined index: form G:\wamp\www\sis\Application\Common\Model\HyAllModel.class.php 第 426 行.
NOTIC: [8] Undefined index: search G:\wamp\www\sis\Application\Common\Model\HyAllModel.class.php 第 428 行.
NOTIC: [8] Undefined index: form G:\wamp\www\sis\Application\Common\Model\HyAllModel.class.php 第 432 行.
NOTIC: [8] Undefined index: title G:\wamp\www\sis\Application\Common\Model\HyAllModel.class.php 第 425 行.
NOTIC: [8] Undefined index: title G:\wamp\www\sis\Application\Common\Model\HyAllModel.class.php 第 426 行.
NOTIC: [8] Undefined index: form G:\wamp\www\sis\Application\Common\Model\HyAllModel.class.php 第 426 行.
NOTIC: [8] Undefined index: search G:\wamp\www\sis\Application\Common\Model\HyAllModel.class.php 第 428 行.
NOTIC: [8] Undefined index: form G:\wamp\www\sis\Application\Common\Model\HyAllModel.class.php 第 432 行.
NOTIC: [8] Undefined index: title G:\wamp\www\sis\Application\Common\Model\HyAllModel.class.php 第 425 行.
NOTIC: [8] Undefined index: title G:\wamp\www\sis\Application\Common\Model\HyAllModel.class.php 第 426 行.
NOTIC: [8] Undefined index: search G:\wamp\www\sis\Application\Common\Model\HyAllModel.class.php 第 428 行.
NOTIC: [8] Undefined index: title G:\wamp\www\sis\Application\Common\Model\HyAllModel.class.php 第 425 行.
NOTIC: [8] Undefined index: list G:\wamp\www\sis\Application\Common\Model\HyAllModel.class.php 第 425 行.
NOTIC: [8] Undefined index: title G:\wamp\www\sis\Application\Common\Model\HyAllModel.class.php 第 426 行.
NOTIC: [8] Undefined index: search G:\wamp\www\sis\Application\Common\Model\HyAllModel.class.php 第 428 行.
INFO: [ before_view ] --START--
SQL: SHOW COLUMNS FROM `edu_frame_alert` [ RunTime:0.0088s ]
SQL: SELECT `id`,`category`,`icon`,`message`,`url`,`type`,`create_time` FROM `edu_frame_alert` where `to_users` LIKE '%,18,%' AND ( IFNULL(`read_users`,'')='' OR `read_users` NOT LIKE '%,18,%') AND `status`=1 ORDER BY `id` DESC [ RunTime:0.0016s ]
INFO: Run Common\Behavior\HyBeforeViewBehavior [ RunTime:0.015762s ]
INFO: [ before_view ] --END-- [ RunTime:0.016053s ]
INFO: [ view_parse ] --START--
INFO: [ template_filter ] --START--
INFO: Run Behavior\ContentReplaceBehavior [ RunTime:0.000556s ]
INFO: [ template_filter ] --END-- [ RunTime:0.000866s ]
NOTIC: [8] Undefined variable: _middle G:\wamp\www\sis\Runtime\Cache\QuestionCategory\9c07dc003a2105c82c74ba68c02f614c.php 第 194 行.
NOTIC: [8] Undefined variable: _bottom G:\wamp\www\sis\Runtime\Cache\QuestionCategory\9c07dc003a2105c82c74ba68c02f614c.php 第 213 行.
NOTIC: [8] Undefined variable: _script G:\wamp\www\sis\Runtime\Cache\QuestionCategory\9c07dc003a2105c82c74ba68c02f614c.php 第 272 行.
NOTIC: [8] Undefined variable: hyMenu G:\wamp\www\sis\Runtime\Cache\QuestionCategory\9c07dc003a2105c82c74ba68c02f614c.php 第 285 行.
INFO: Run Behavior\ParseTemplateBehavior [ RunTime:0.068131s ]
INFO: [ view_parse ] --END-- [ RunTime:0.068452s ]
INFO: [ view_filter ] --START--
INFO: Run Behavior\WriteHtmlCacheBehavior [ RunTime:0.000841s ]
INFO: [ view_filter ] --END-- [ RunTime:0.001119s ]
INFO: [ app_end ] --START--
INFO: Run Behavior\ShowPageTraceBehavior [ RunTime:0.001637s ]
INFO: [ app_end ] --END-- [ RunTime:0.001997s ]

[ 2015-12-12T16:34:04+08:00 ] ::1 /sis/index.php/QuestionCategory/QuestionsGood/ajax?q=list
INFO: [ app_init ] --START--
INFO: Run Behavior\BuildLiteBehavior [ RunTime:0.000070s ]
INFO: [ app_init ] --END-- [ RunTime:0.001013s ]
INFO: [ app_begin ] --START--
INFO: Run Behavior\ReadHtmlCacheBehavior [ RunTime:0.001799s ]
INFO: [ app_begin ] --END-- [ RunTime:0.002762s ]
NOTIC: [8192] mysql_connect(): The mysql extension is deprecated and will be removed in the future: use mysqli or PDO instead G:\wamp\www\sis\HomyitCore\Library\Think\Session\Driver\Db.class.php 第 95 行.
INFO: [ action_begin ] --START--
INFO: Run Common\Behavior\HyLogBehavior [ RunTime:0.001652s ]
INFO: [ action_begin ] --END-- [ RunTime:0.001957s ]
NOTIC: [2048] Declaration of Common\Model\HyFrameModel::find() should be compatible with Think\Model::find($options = Array) G:\wamp\www\sis\Application\Common\Model\HyFrameModel.class.php 第 13 行.
NOTIC: [8] Undefined index: model G:\wamp\www\sis\Application\Common\Controller\HyFrameController.class.php 第 42 行.
SQL: SHOW COLUMNS FROM `edu_questions` [ RunTime:0.0136s ]
INFO: [ hy_log ] --START--
NOTIC: [8] Undefined variable: sql G:\wamp\www\sis\Application\Common\Behavior\HyLogBehavior.class.php 第 31 行.
INFO: Run Common\Behavior\HyLogBehavior [ RunTime:0.000226s ]
INFO: [ hy_log ] --END-- [ RunTime:0.000635s ]
INFO: [ hy_log ] --START--
NOTIC: [8] Undefined index: style G:\wamp\www\sis\Application\Common\Behavior\HyLogBehavior.class.php 第 23 行.
NOTIC: [8] Undefined index: sql G:\wamp\www\sis\Application\Common\Behavior\HyLogBehavior.class.php 第 25 行.
INFO: Run Common\Behavior\HyLogBehavior [ RunTime:0.000230s ]
INFO: [ hy_log ] --END-- [ RunTime:-0.000252s ]
NOTIC: [8] Undefined index: limit G:\wamp\www\sis\Application\Common\Model\HyFrameModel.class.php 第 160 行.
NOTIC: [8] Undefined index: order G:\wamp\www\sis\Application\Common\Model\HyFrameModel.class.php 第 162 行.
NOTIC: [8] Undefined index: field G:\wamp\www\sis\Application\Common\Model\HyFrameModel.class.php 第 170 行.
NOTIC: [8] Undefined index: where G:\wamp\www\sis\Application\Common\Model\HyFrameModel.class.php 第 189 行.
NOTIC: [8] Undefined offset: 4 G:\wamp\www\sis\Application\Common\Model\HyFrameModel.class.php 第 214 行.
NOTIC: [8] Undefined offset: 5 G:\wamp\www\sis\Application\Common\Model\HyFrameModel.class.php 第 220 行.
NOTIC: [8] Undefined offset: 4 G:\wamp\www\sis\Application\Common\Model\HyFrameModel.class.php 第 221 行.
NOTIC: [8] Undefined index: decrypt G:\wamp\www\sis\Application\Common\Model\HyFrameModel.class.php 第 241 行.
SQL: SHOW COLUMNS FROM `edu_questions` [ RunTime:0.0079s ]
SQL: SELECT 1 FROM `edu_questions` `hy` LEFT JOIN `edu_good_course` AS `good_course` ON hy.category_id = good_course.id INNER JOIN `edu_user` AS `user` ON hy.ask_id = user.id  WHERE hy.status < 9 AND hy.type_id = 1  [ RunTime:0.0008s ]
INFO: [ hy_log ] --START--
NOTIC: [8] Undefined index: style G:\wamp\www\sis\Application\Common\Behavior\HyLogBehavior.class.php 第 23 行.
NOTIC: [8] Undefined index: sql G:\wamp\www\sis\Application\Common\Behavior\HyLogBehavior.class.php 第 25 行.
INFO: Run Common\Behavior\HyLogBehavior [ RunTime:0.000273s ]
INFO: [ hy_log ] --END-- [ RunTime:-0.013618s ]
NOTIC: [8] Undefined index: hy G:\wamp\www\sis\Application\Common\Model\HyFrameModel.class.php 第 140 行.
NOTIC: [8] Undefined index: associate G:\wamp\www\sis\Application\Common\Model\HyFrameModel.class.php 第 141 行.
SQL: SHOW COLUMNS FROM `edu_questions` [ RunTime:0.0077s ]
SQL: SELECT hy.id,hy.type_id,hy.category_id,hy.role_id,hy.title,hy.content,hy.ask_id,hy.is_open,hy.is_publish,hy.create_time,hy.answer,hy.ans_id,hy.ans_time,hy.status,good_course.name,good_course.incharge_id,good_course.lecturer_ids,user.user_no AS `ask_id_text` FROM `edu_questions` `hy` LEFT JOIN `edu_good_course` AS `good_course` ON hy.category_id = good_course.id INNER JOIN `edu_user` AS `user` ON hy.ask_id = user.id  WHERE hy.status < 9 AND hy.type_id = 1 ORDER BY hy.id desc LIMIT 10   [ RunTime:0.0015s ]
NOTIC: [8] Undefined index: hidden G:\wamp\www\sis\Application\Common\Model\HyAllModel.class.php 第 595 行.
NOTIC: [8] Undefined index: title G:\wamp\www\sis\Application\Common\Model\HyAllModel.class.php 第 595 行.
NOTIC: [8] Undefined index: title G:\wamp\www\sis\Application\Common\Model\HyAllModel.class.php 第 595 行.
NOTIC: [8] Undefined index: title G:\wamp\www\sis\Application\Common\Model\HyAllModel.class.php 第 595 行.
NOTIC: [8] Undefined index: title G:\wamp\www\sis\Application\Common\Model\HyAllModel.class.php 第 595 行.
NOTIC: [8] Undefined index: title G:\wamp\www\sis\Application\Common\Model\HyAllModel.class.php 第 595 行.
NOTIC: [8] Undefined index: title G:\wamp\www\sis\Application\Common\Model\HyAllModel.class.php 第 595 行.
NOTIC: [8] Undefined index: title G:\wamp\www\sis\Application\Common\Model\HyAllModel.class.php 第 595 行.
NOTIC: [8] Undefined index: {callback} G:\wamp\www\sis\Application\Common\Model\HyAllModel.class.php 第 806 行.
NOTIC: [8] Undefined index: {callback} G:\wamp\www\sis\Application\Common\Model\HyAllModel.class.php 第 806 行.
NOTIC: [8] Undefined index: {callback} G:\wamp\www\sis\Application\Common\Model\HyAllModel.class.php 第 806 行.
NOTIC: [8] Undefined index: {callback} G:\wamp\www\sis\Application\Common\Model\HyAllModel.class.php 第 806 行.
NOTIC: [8] Undefined index: {callback} G:\wamp\www\sis\Application\Common\Model\HyAllModel.class.php 第 806 行.
SQL: SHOW COLUMNS FROM `edu_user` [ RunTime:0.0092s ]
SQL: SELECT `name` FROM `edu_user` WHERE `status` = 1 AND `id` = 18 LIMIT 1   [ RunTime:0.0008s ]
NOTIC: [8] Undefined index: {callback} G:\wamp\www\sis\Application\Common\Model\HyAllModel.class.php 第 806 行.
NOTIC: [8] Undefined index: {callback} G:\wamp\www\sis\Application\Common\Model\HyAllModel.class.php 第 806 行.
NOTIC: [8] Undefined index: {callback} G:\wamp\www\sis\Application\Common\Model\HyAllModel.class.php 第 806 行.
NOTIC: [8] Undefined index: list G:\wamp\www\sis\Application\Common\Model\HyAllModel.class.php 第 605 行.
NOTIC: [8] Undefined index: {callback} G:\wamp\www\sis\Application\Common\Model\HyAllModel.class.php 第 806 行.
NOTIC: [8] Undefined index: {callback} G:\wamp\www\sis\Application\Common\Model\HyAllModel.class.php 第 806 行.
NOTIC: [8] Undefined index: {callback} G:\wamp\www\sis\Application\Common\Model\HyAllModel.class.php 第 806 行.
NOTIC: [8] Undefined index: {callback} G:\wamp\www\sis\Application\Common\Model\HyAllModel.class.php 第 806 行.
NOTIC: [8] Undefined index: {callback} G:\wamp\www\sis\Application\Common\Model\HyAllModel.class.php 第 806 行.
NOTIC: [8] Undefined index: {callback} G:\wamp\www\sis\Application\Common\Model\HyAllModel.class.php 第 806 行.
NOTIC: [8] Undefined index: {callback} G:\wamp\www\sis\Application\Common\Model\HyAllModel.class.php 第 806 行.
NOTIC: [8] Undefined index: {callback} G:\wamp\www\sis\Application\Common\Model\HyAllModel.class.php 第 806 行.
NOTIC: [8] Undefined index: list G:\wamp\www\sis\Application\Common\Model\HyAllModel.class.php 第 605 行.
NOTIC: [8] Undefined index: {callback} G:\wamp\www\sis\Application\Common\Model\HyAllModel.class.php 第 806 行.
NOTIC: [8] Undefined index: {callback} G:\wamp\www\sis\Application\Common\Model\HyAllModel.class.php 第 806 行.
NOTIC: [8] Undefined index: {callback} G:\wamp\www\sis\Application\Common\Model\HyAllModel.class.php 第 806 行.
NOTIC: [8] Undefined index: {callback} G:\wamp\www\sis\Application\Common\Model\HyAllModel.class.php 第 806 行.
NOTIC: [8] Undefined index: {callback} G:\wamp\www\sis\Application\Common\Model\HyAllModel.class.php 第 806 行.
NOTIC: [8] Undefined index: {callback} G:\wamp\www\sis\Application\Common\Model\HyAllModel.class.php 第 806 行.
NOTIC: [8] Undefined index: {callback} G:\wamp\www\sis\Application\Common\Model\HyAllModel.class.php 第 806 行.
NOTIC: [8] Undefined index: {callback} G:\wamp\www\sis\Application\Common\Model\HyAllModel.class.php 第 806 行.
NOTIC: [8] Undefined index: list G:\wamp\www\sis\Application\Common\Model\HyAllModel.class.php 第 605 行.
NOTIC: [8] Undefined index: {callback} G:\wamp\www\sis\Application\Common\Model\HyAllModel.class.php 第 806 行.
NOTIC: [8] Undefined index: {callback} G:\wamp\www\sis\Application\Common\Model\HyAllModel.class.php 第 806 行.
NOTIC: [8] Undefined index: {callback} G:\wamp\www\sis\Application\Common\Model\HyAllModel.class.php 第 806 行.
NOTIC: [8] Undefined index: {callback} G:\wamp\www\sis\Application\Common\Model\HyAllModel.class.php 第 806 行.
NOTIC: [8] Undefined index: {callback} G:\wamp\www\sis\Application\Common\Model\HyAllModel.class.php 第 806 行.
NOTIC: [8] Undefined index: {callback} G:\wamp\www\sis\Application\Common\Model\HyAllModel.class.php 第 806 行.
NOTIC: [8] Undefined index: {callback} G:\wamp\www\sis\Application\Common\Model\HyAllModel.class.php 第 806 行.
NOTIC: [8] Undefined index: {callback} G:\wamp\www\sis\Application\Common\Model\HyAllModel.class.php 第 806 行.
NOTIC: [8] Undefined index: list G:\wamp\www\sis\Application\Common\Model\HyAllModel.class.php 第 605 行.
NOTIC: [8] Undefined index: {callback} G:\wamp\www\sis\Application\Common\Model\HyAllModel.class.php 第 806 行.
NOTIC: [8] Undefined index: {callback} G:\wamp\www\sis\Application\Common\Model\HyAllModel.class.php 第 806 行.
NOTIC: [8] Undefined index: {callback} G:\wamp\www\sis\Application\Common\Model\HyAllModel.class.php 第 806 行.
NOTIC: [8] Undefined index: {callback} G:\wamp\www\sis\Application\Common\Model\HyAllModel.class.php 第 806 行.
NOTIC: [8] Undefined index: {callback} G:\wamp\www\sis\Application\Common\Model\HyAllModel.class.php 第 806 行.
NOTIC: [8] Undefined index: {callback} G:\wamp\www\sis\Application\Common\Model\HyAllModel.class.php 第 806 行.
NOTIC: [8] Undefined index: {callback} G:\wamp\www\sis\Application\Common\Model\HyAllModel.class.php 第 806 行.
NOTIC: [8] Undefined index: {callback} G:\wamp\www\sis\Application\Common\Model\HyAllModel.class.php 第 806 行.
NOTIC: [8] Undefined index: list G:\wamp\www\sis\Application\Common\Model\HyAllModel.class.php 第 605 行.
NOTIC: [8] Undefined index: {callback} G:\wamp\www\sis\Application\Common\Model\HyAllModel.class.php 第 806 行.
NOTIC: [8] Undefined index: {callback} G:\wamp\www\sis\Application\Common\Model\HyAllModel.class.php 第 806 行.
NOTIC: [8] Undefined index: {callback} G:\wamp\www\sis\Application\Common\Model\HyAllModel.class.php 第 806 行.
NOTIC: [8] Undefined index: {callback} G:\wamp\www\sis\Application\Common\Model\HyAllModel.class.php 第 806 行.
NOTIC: [8] Undefined index: {callback} G:\wamp\www\sis\Application\Common\Model\HyAllModel.class.php 第 806 行.
NOTIC: [8] Undefined index: {callback} G:\wamp\www\sis\Application\Common\Model\HyAllModel.class.php 第 806 行.
NOTIC: [8] Undefined index: {callback} G:\wamp\www\sis\Application\Common\Model\HyAllModel.class.php 第 806 行.
NOTIC: [8] Undefined index: {callback} G:\wamp\www\sis\Application\Common\Model\HyAllModel.class.php 第 806 行.
NOTIC: [8] Undefined index: list G:\wamp\www\sis\Application\Common\Model\HyAllModel.class.php 第 605 行.
NOTIC: [8] Undefined index: {callback} G:\wamp\www\sis\Application\Common\Model\HyAllModel.class.php 第 806 行.
NOTIC: [8] Undefined index: {callback} G:\wamp\www\sis\Application\Common\Model\HyAllModel.class.php 第 806 行.
NOTIC: [8] Undefined index: {callback} G:\wamp\www\sis\Application\Common\Model\HyAllModel.class.php 第 806 行.
NOTIC: [8] Undefined index: {callback} G:\wamp\www\sis\Application\Common\Model\HyAllModel.class.php 第 806 行.
NOTIC: [8] Undefined index: {callback} G:\wamp\www\sis\Application\Common\Model\HyAllModel.class.php 第 806 行.
NOTIC: [8] Undefined index: {callback} G:\wamp\www\sis\Application\Common\Model\HyAllModel.class.php 第 806 行.
NOTIC: [8] Undefined index: {callback} G:\wamp\www\sis\Application\Common\Model\HyAllModel.class.php 第 806 行.
NOTIC: [8] Undefined index: {callback} G:\wamp\www\sis\Application\Common\Model\HyAllModel.class.php 第 806 行.
NOTIC: [8] Undefined index: list G:\wamp\www\sis\Application\Common\Model\HyAllModel.class.php 第 605 行.
NOTIC: [8] Undefined index: {callback} G:\wamp\www\sis\Application\Common\Model\HyAllModel.class.php 第 806 行.
NOTIC: [8] Undefined index: {callback} G:\wamp\www\sis\Application\Common\Model\HyAllModel.class.php 第 806 行.
NOTIC: [8] Undefined index: {callback} G:\wamp\www\sis\Application\Common\Model\HyAllModel.class.php 第 806 行.
NOTIC: [8] Undefined index: {callback} G:\wamp\www\sis\Application\Common\Model\HyAllModel.class.php 第 806 行.
NOTIC: [8] Undefined index: {callback} G:\wamp\www\sis\Application\Common\Model\HyAllModel.class.php 第 806 行.
NOTIC: [8] Undefined index: {callback} G:\wamp\www\sis\Application\Common\Model\HyAllModel.class.php 第 806 行.
NOTIC: [8] Undefined index: {callback} G:\wamp\www\sis\Application\Common\Model\HyAllModel.class.php 第 806 行.
NOTIC: [8] Undefined index: {callback} G:\wamp\www\sis\Application\Common\Model\HyAllModel.class.php 第 806 行.
NOTIC: [8] Undefined index: list G:\wamp\www\sis\Application\Common\Model\HyAllModel.class.php 第 605 行.
NOTIC: [8] Undefined index: {callback} G:\wamp\www\sis\Application\Common\Model\HyAllModel.class.php 第 806 行.
NOTIC: [8] Undefined index: {callback} G:\wamp\www\sis\Application\Common\Model\HyAllModel.class.php 第 806 行.
NOTIC: [8] Undefined index: {callback} G:\wamp\www\sis\Application\Common\Model\HyAllModel.class.php 第 806 行.
NOTIC: [8] Undefined index: {callback} G:\wamp\www\sis\Application\Common\Model\HyAllModel.class.php 第 806 行.
NOTIC: [8] Undefined index: {callback} G:\wamp\www\sis\Application\Common\Model\HyAllModel.class.php 第 806 行.
NOTIC: [8] Undefined index: {callback} G:\wamp\www\sis\Application\Common\Model\HyAllModel.class.php 第 806 行.
NOTIC: [8] Undefined index: {callback} G:\wamp\www\sis\Application\Common\Model\HyAllModel.class.php 第 806 行.
NOTIC: [8] Undefined index: {callback} G:\wamp\www\sis\Application\Common\Model\HyAllModel.class.php 第 806 行.
NOTIC: [8] Undefined index: list G:\wamp\www\sis\Application\Common\Model\HyAllModel.class.php 第 605 行.
NOTIC: [8] Undefined index: {callback} G:\wamp\www\sis\Application\Common\Model\HyAllModel.class.php 第 806 行.
NOTIC: [8] Undefined index: {callback} G:\wamp\www\sis\Application\Common\Model\HyAllModel.class.php 第 806 行.
NOTIC: [8] Undefined index: {callback} G:\wamp\www\sis\Application\Common\Model\HyAllModel.class.php 第 806 行.
NOTIC: [8] Undefined index: {callback} G:\wamp\www\sis\Application\Common\Model\HyAllModel.class.php 第 806 行.
NOTIC: [8] Undefined index: {callback} G:\wamp\www\sis\Application\Common\Model\HyAllModel.class.php 第 806 行.
SQL: SELECT `name` FROM `edu_user` WHERE `status` = 1 AND `id` = 18 LIMIT 1   [ RunTime:0.0013s ]
NOTIC: [8] Undefined index: {callback} G:\wamp\www\sis\Application\Common\Model\HyAllModel.class.php 第 806 行.
NOTIC: [8] Undefined index: {callback} G:\wamp\www\sis\Application\Common\Model\HyAllModel.class.php 第 806 行.
NOTIC: [8] Undefined index: {callback} G:\wamp\www\sis\Application\Common\Model\HyAllModel.class.php 第 806 行.
NOTIC: [8] Undefined index: list G:\wamp\www\sis\Application\Common\Model\HyAllModel.class.php 第 605 行.
NOTIC: [8] Undefined index: info G:\wamp\www\sis\Application\Common\Model\HyAllModel.class.php 第 470 行.
INFO: [ hy_log ] --START--
INFO: Run Common\Behavior\HyLogBehavior [ RunTime:0.000094s ]
INFO: [ hy_log ] --END-- [ RunTime:-0.066752s ]

[ 2015-12-12T16:34:06+08:00 ] ::1 /sis/index.php/QuestionCategory/QuestionsGood/ajax?q=detail
INFO: [ app_init ] --START--
INFO: Run Behavior\BuildLiteBehavior [ RunTime:0.000061s ]
INFO: [ app_init ] --END-- [ RunTime:0.001041s ]
INFO: [ app_begin ] --START--
INFO: Run Behavior\ReadHtmlCacheBehavior [ RunTime:0.001328s ]
INFO: [ app_begin ] --END-- [ RunTime:0.001706s ]
NOTIC: [8192] mysql_connect(): The mysql extension is deprecated and will be removed in the future: use mysqli or PDO instead G:\wamp\www\sis\HomyitCore\Library\Think\Session\Driver\Db.class.php 第 95 行.
INFO: [ action_begin ] --START--
INFO: Run Common\Behavior\HyLogBehavior [ RunTime:0.001476s ]
INFO: [ action_begin ] --END-- [ RunTime:0.001738s ]
NOTIC: [2048] Declaration of Common\Model\HyFrameModel::find() should be compatible with Think\Model::find($options = Array) G:\wamp\www\sis\Application\Common\Model\HyFrameModel.class.php 第 13 行.
NOTIC: [8] Undefined index: model G:\wamp\www\sis\Application\Common\Controller\HyFrameController.class.php 第 42 行.
SQL: SHOW COLUMNS FROM `edu_questions` [ RunTime:0.2411s ]
INFO: [ hy_log ] --START--
NOTIC: [8] Undefined variable: sql G:\wamp\www\sis\Application\Common\Behavior\HyLogBehavior.class.php 第 31 行.
INFO: Run Common\Behavior\HyLogBehavior [ RunTime:0.000280s ]
INFO: [ hy_log ] --END-- [ RunTime:0.000685s ]
INFO: [ hy_log ] --START--
NOTIC: [8] Undefined index: style G:\wamp\www\sis\Application\Common\Behavior\HyLogBehavior.class.php 第 23 行.
NOTIC: [8] Undefined index: sql G:\wamp\www\sis\Application\Common\Behavior\HyLogBehavior.class.php 第 25 行.
INFO: Run Common\Behavior\HyLogBehavior [ RunTime:0.000379s ]
INFO: [ hy_log ] --END-- [ RunTime:-0.000366s ]
INFO: [ hy_log ] --START--
NOTIC: [8] Undefined index: style G:\wamp\www\sis\Application\Common\Behavior\HyLogBehavior.class.php 第 23 行.
NOTIC: [8] Undefined index: sql G:\wamp\www\sis\Application\Common\Behavior\HyLogBehavior.class.php 第 25 行.
INFO: Run Common\Behavior\HyLogBehavior [ RunTime:0.000370s ]
INFO: [ hy_log ] --END-- [ RunTime:-0.001508s ]
NOTIC: [2] Missing argument 1 for Common\Model\HyFrameModel::find(), called in G:\wamp\www\sis\Application\QuestionCategory\Model\QuestionsGoodModel.class.php on line 177 and defined G:\wamp\www\sis\Application\Common\Model\HyFrameModel.class.php 第 271 行.
NOTIC: [8] Undefined variable: options G:\wamp\www\sis\Application\Common\Model\HyFrameModel.class.php 第 272 行.
NOTIC: [8] Undefined variable: options G:\wamp\www\sis\Application\Common\Model\HyFrameModel.class.php 第 272 行.
SQL: SELECT * FROM `edu_questions` WHERE `id` = 104 LIMIT 1   [ RunTime:0.0015s ]
SQL: SHOW COLUMNS FROM `edu_user` [ RunTime:0.0132s ]
SQL: SELECT `name` FROM `edu_user` WHERE `id` = 28 LIMIT 1   [ RunTime:0.0008s ]
SQL: SELECT `name` FROM `edu_user` WHERE `id` = 18 LIMIT 1   [ RunTime:0.0007s ]
NOTIC: [8] Undefined index: tag G:\wamp\www\sis\Application\QuestionCategory\Model\QuestionsGoodModel.class.php 第 199 行.
NOTIC: [8] Undefined variable: tpl G:\wamp\www\sis\Application\Common\Controller\HyAllController.class.php 第 90 行.
INFO: [ before_view ] --START--
SQL: SHOW COLUMNS FROM `edu_frame_alert` [ RunTime:0.0082s ]
SQL: SELECT `id`,`category`,`icon`,`message`,`url`,`type`,`create_time` FROM `edu_frame_alert` where `to_users` LIKE '%,18,%' AND ( IFNULL(`read_users`,'')='' OR `read_users` NOT LIKE '%,18,%') AND `status`=1 ORDER BY `id` DESC [ RunTime:0.0015s ]
INFO: Run Common\Behavior\HyBeforeViewBehavior [ RunTime:0.015060s ]
INFO: [ before_view ] --END-- [ RunTime:0.015291s ]
INFO: [ view_parse ] --START--
INFO: [ template_filter ] --START--
INFO: Run Behavior\ContentReplaceBehavior [ RunTime:0.000153s ]
INFO: [ template_filter ] --END-- [ RunTime:0.000380s ]
NOTIC: [8] Undefined index: cols G:\wamp\www\sis\Runtime\Cache\QuestionCategory\c6d80dac29f4bb3371a39f454a43cf44.php 第 13 行.
NOTIC: [8] Undefined index: cols G:\wamp\www\sis\Runtime\Cache\QuestionCategory\c6d80dac29f4bb3371a39f454a43cf44.php 第 13 行.
NOTIC: [8] Undefined index: cols G:\wamp\www\sis\Runtime\Cache\QuestionCategory\c6d80dac29f4bb3371a39f454a43cf44.php 第 13 行.
NOTIC: [8] Undefined index: cols G:\wamp\www\sis\Runtime\Cache\QuestionCategory\c6d80dac29f4bb3371a39f454a43cf44.php 第 13 行.
NOTIC: [8] Undefined index: cols G:\wamp\www\sis\Runtime\Cache\QuestionCategory\c6d80dac29f4bb3371a39f454a43cf44.php 第 30 行.
NOTIC: [8] Undefined index: cols G:\wamp\www\sis\Runtime\Cache\QuestionCategory\c6d80dac29f4bb3371a39f454a43cf44.php 第 30 行.
NOTIC: [8] Undefined index: json G:\wamp\www\sis\Runtime\Cache\QuestionCategory\c6d80dac29f4bb3371a39f454a43cf44.php 第 47 行.
INFO: Run Behavior\ParseTemplateBehavior [ RunTime:0.032514s ]
INFO: [ view_parse ] --END-- [ RunTime:0.032792s ]
INFO: [ view_filter ] --START--
INFO: Run Behavior\WriteHtmlCacheBehavior [ RunTime:0.000781s ]
INFO: [ view_filter ] --END-- [ RunTime:0.001022s ]
INFO: [ app_end ] --START--
INFO: Run Behavior\ShowPageTraceBehavior [ RunTime:0.000985s ]
INFO: [ app_end ] --END-- [ RunTime:0.001207s ]

